[0.167s] Invoking command in '/home/wapush/AGV/bumperbot_ws/build/bumperbot_utils': CMAKE_PREFIX_PATH=${CMAKE_PREFIX_PATH}:/home/wapush/AGV/bumperbot_ws/install/bumperbot_py_examples:/opt/ros/humble /usr/bin/cmake --build /home/wapush/AGV/bumperbot_ws/build/bumperbot_utils -- -j20 -l20
[0.244s] [100%] Built target safety_stop
[0.260s] [100%] Built target ament_cmake_python_copy_bumperbot_utils
[0.374s] running egg_info
[0.375s] writing bumperbot_utils.egg-info/PKG-INFO
[0.375s] writing dependency_links to bumperbot_utils.egg-info/dependency_links.txt
[0.375s] writing top-level names to bumperbot_utils.egg-info/top_level.txt
[0.376s] reading manifest file 'bumperbot_utils.egg-info/SOURCES.txt'
[0.377s] writing manifest file 'bumperbot_utils.egg-info/SOURCES.txt'
[0.398s] [100%] Built target ament_cmake_python_build_bumperbot_utils_egg
[0.412s] Invoked command in '/home/wapush/AGV/bumperbot_ws/build/bumperbot_utils' returned '0': CMAKE_PREFIX_PATH=${CMAKE_PREFIX_PATH}:/home/wapush/AGV/bumperbot_ws/install/bumperbot_py_examples:/opt/ros/humble /usr/bin/cmake --build /home/wapush/AGV/bumperbot_ws/build/bumperbot_utils -- -j20 -l20
[0.434s] Invoking command in '/home/wapush/AGV/bumperbot_ws/build/bumperbot_utils': CMAKE_PREFIX_PATH=${CMAKE_PREFIX_PATH}:/home/wapush/AGV/bumperbot_ws/install/bumperbot_py_examples:/opt/ros/humble /usr/bin/cmake --install /home/wapush/AGV/bumperbot_ws/build/bumperbot_utils
[0.438s] -- Install configuration: ""
[0.438s] -- Up-to-date: /home/wapush/AGV/bumperbot_ws/install/bumperbot_utils/lib/bumperbot_utils/safety_stop
[0.438s] -- Up-to-date: /home/wapush/AGV/bumperbot_ws/install/bumperbot_utils/share/bumperbot_utils/environment/pythonpath.sh
[0.439s] -- Up-to-date: /home/wapush/AGV/bumperbot_ws/install/bumperbot_utils/share/bumperbot_utils/environment/pythonpath.dsv
[0.439s] -- Up-to-date: /home/wapush/AGV/bumperbot_ws/install/bumperbot_utils/local/lib/python3.10/dist-packages/bumperbot_utils-0.0.0-py3.10.egg-info
[0.439s] -- Installing: /home/wapush/AGV/bumperbot_ws/install/bumperbot_utils/local/lib/python3.10/dist-packages/bumperbot_utils-0.0.0-py3.10.egg-info/PKG-INFO
[0.439s] -- Installing: /home/wapush/AGV/bumperbot_ws/install/bumperbot_utils/local/lib/python3.10/dist-packages/bumperbot_utils-0.0.0-py3.10.egg-info/top_level.txt
[0.439s] -- Installing: /home/wapush/AGV/bumperbot_ws/install/bumperbot_utils/local/lib/python3.10/dist-packages/bumperbot_utils-0.0.0-py3.10.egg-info/dependency_links.txt
[0.440s] -- Installing: /home/wapush/AGV/bumperbot_ws/install/bumperbot_utils/local/lib/python3.10/dist-packages/bumperbot_utils-0.0.0-py3.10.egg-info/SOURCES.txt
[0.441s] -- Up-to-date: /home/wapush/AGV/bumperbot_ws/install/bumperbot_utils/local/lib/python3.10/dist-packages/bumperbot_utils
[0.441s] -- Installing: /home/wapush/AGV/bumperbot_ws/install/bumperbot_utils/local/lib/python3.10/dist-packages/bumperbot_utils/safety_stop.py
[0.441s] -- Up-to-date: /home/wapush/AGV/bumperbot_ws/install/bumperbot_utils/local/lib/python3.10/dist-packages/bumperbot_utils/__init__.py
[0.462s] Listing '/home/wapush/AGV/bumperbot_ws/install/bumperbot_utils/local/lib/python3.10/dist-packages/bumperbot_utils'...
[0.462s] Compiling '/home/wapush/AGV/bumperbot_ws/install/bumperbot_utils/local/lib/python3.10/dist-packages/bumperbot_utils/safety_stop.py'...
[0.465s] -- Installing: /home/wapush/AGV/bumperbot_ws/install/bumperbot_utils/lib/bumperbot_utils/safety_stop.py
[0.466s] -- Up-to-date: /home/wapush/AGV/bumperbot_ws/install/bumperbot_utils/share/ament_index/resource_index/package_run_dependencies/bumperbot_utils
[0.466s] -- Up-to-date: /home/wapush/AGV/bumperbot_ws/install/bumperbot_utils/share/ament_index/resource_index/parent_prefix_path/bumperbot_utils
[0.466s] -- Up-to-date: /home/wapush/AGV/bumperbot_ws/install/bumperbot_utils/share/bumperbot_utils/environment/ament_prefix_path.sh
[0.466s] -- Up-to-date: /home/wapush/AGV/bumperbot_ws/install/bumperbot_utils/share/bumperbot_utils/environment/ament_prefix_path.dsv
[0.466s] -- Up-to-date: /home/wapush/AGV/bumperbot_ws/install/bumperbot_utils/share/bumperbot_utils/environment/path.sh
[0.466s] -- Up-to-date: /home/wapush/AGV/bumperbot_ws/install/bumperbot_utils/share/bumperbot_utils/environment/path.dsv
[0.466s] -- Up-to-date: /home/wapush/AGV/bumperbot_ws/install/bumperbot_utils/share/bumperbot_utils/local_setup.bash
[0.466s] -- Up-to-date: /home/wapush/AGV/bumperbot_ws/install/bumperbot_utils/share/bumperbot_utils/local_setup.sh
[0.466s] -- Up-to-date: /home/wapush/AGV/bumperbot_ws/install/bumperbot_utils/share/bumperbot_utils/local_setup.zsh
[0.466s] -- Up-to-date: /home/wapush/AGV/bumperbot_ws/install/bumperbot_utils/share/bumperbot_utils/local_setup.dsv
[0.467s] -- Up-to-date: /home/wapush/AGV/bumperbot_ws/install/bumperbot_utils/share/bumperbot_utils/package.dsv
[0.467s] -- Up-to-date: /home/wapush/AGV/bumperbot_ws/install/bumperbot_utils/share/ament_index/resource_index/packages/bumperbot_utils
[0.468s] -- Up-to-date: /home/wapush/AGV/bumperbot_ws/install/bumperbot_utils/share/bumperbot_utils/cmake/bumperbot_utilsConfig.cmake
[0.468s] -- Up-to-date: /home/wapush/AGV/bumperbot_ws/install/bumperbot_utils/share/bumperbot_utils/cmake/bumperbot_utilsConfig-version.cmake
[0.468s] -- Up-to-date: /home/wapush/AGV/bumperbot_ws/install/bumperbot_utils/share/bumperbot_utils/package.xml
[0.469s] Invoked command in '/home/wapush/AGV/bumperbot_ws/build/bumperbot_utils' returned '0': CMAKE_PREFIX_PATH=${CMAKE_PREFIX_PATH}:/home/wapush/AGV/bumperbot_ws/install/bumperbot_py_examples:/opt/ros/humble /usr/bin/cmake --install /home/wapush/AGV/bumperbot_ws/build/bumperbot_utils
