[0.184s] DEBUG:colcon:Command line arguments: ['/usr/bin/colcon', 'build']
[0.184s] DEBUG:colcon:Parsed command line arguments: Namespace(log_base=None, log_level=None, verb_name='build', build_base='build', install_base='install', merge_install=False, symlink_install=False, test_result_base=None, continue_on_error=False, executor='parallel', parallel_workers=20, event_handlers=None, ignore_user_meta=False, metas=['./colcon.meta'], base_paths=['.'], packages_ignore=None, packages_ignore_regex=None, paths=None, packages_up_to=None, packages_up_to_regex=None, packages_above=None, packages_above_and_dependencies=None, packages_above_depth=None, packages_select_by_dep=None, packages_skip_by_dep=None, packages_skip_up_to=None, packages_select_build_failed=False, packages_skip_build_finished=False, packages_select_test_failures=False, packages_skip_test_passed=False, packages_select=None, packages_skip=None, packages_select_regex=None, packages_skip_regex=None, packages_start=None, packages_end=None, allow_overriding=[], cmake_args=None, cmake_target=None, cmake_target_skip_unavailable=False, cmake_clean_cache=False, cmake_clean_first=False, cmake_force_configure=False, ament_cmake_args=None, catkin_cmake_args=None, catkin_skip_building_tests=False, mixin_files=None, mixin=None, verb_parser=<colcon_mixin.mixin.mixin_argument.MixinArgumentDecorator object at 0x7f319dc39c90>, verb_extension=<colcon_core.verb.build.BuildVerb object at 0x7f319ddb23e0>, main=<bound method BuildVerb.main of <colcon_core.verb.build.BuildVerb object at 0x7f319ddb23e0>>, mixin_verb=('build',))
[0.380s] Level 1:colcon.colcon_core.package_discovery:discover_packages(colcon_meta) check parameters
[0.380s] Level 1:colcon.colcon_core.package_discovery:discover_packages(recursive) check parameters
[0.380s] Level 1:colcon.colcon_core.package_discovery:discover_packages(ignore) check parameters
[0.380s] Level 1:colcon.colcon_core.package_discovery:discover_packages(path) check parameters
[0.380s] Level 1:colcon.colcon_core.package_discovery:discover_packages(colcon_meta) discover
[0.380s] Level 1:colcon.colcon_core.package_discovery:discover_packages(recursive) discover
[0.380s] INFO:colcon.colcon_core.package_discovery:Crawling recursively for packages in '/home/wapush/AGV/bumperbot_ws'
[0.380s] Level 1:colcon.colcon_core.package_identification:_identify(.) by extensions ['ignore', 'ignore_ament_install']
[0.380s] Level 1:colcon.colcon_core.package_identification:_identify(.) by extension 'ignore'
[0.381s] Level 1:colcon.colcon_core.package_identification:_identify(.) by extension 'ignore_ament_install'
[0.381s] Level 1:colcon.colcon_core.package_identification:_identify(.) by extensions ['colcon_pkg']
[0.381s] Level 1:colcon.colcon_core.package_identification:_identify(.) by extension 'colcon_pkg'
[0.381s] Level 1:colcon.colcon_core.package_identification:_identify(.) by extensions ['colcon_meta']
[0.381s] Level 1:colcon.colcon_core.package_identification:_identify(.) by extension 'colcon_meta'
[0.381s] Level 1:colcon.colcon_core.package_identification:_identify(.) by extensions ['ros']
[0.381s] Level 1:colcon.colcon_core.package_identification:_identify(.) by extension 'ros'
[0.391s] Level 1:colcon.colcon_core.package_identification:_identify(.) by extensions ['cmake', 'python']
[0.391s] Level 1:colcon.colcon_core.package_identification:_identify(.) by extension 'cmake'
[0.391s] Level 1:colcon.colcon_core.package_identification:_identify(.) by extension 'python'
[0.391s] Level 1:colcon.colcon_core.package_identification:_identify(.) by extensions ['python_setup_py']
[0.391s] Level 1:colcon.colcon_core.package_identification:_identify(.) by extension 'python_setup_py'
[0.391s] Level 1:colcon.colcon_core.package_identification:_identify(build) by extensions ['ignore', 'ignore_ament_install']
[0.391s] Level 1:colcon.colcon_core.package_identification:_identify(build) by extension 'ignore'
[0.391s] Level 1:colcon.colcon_core.package_identification:_identify(build) ignored
[0.392s] Level 1:colcon.colcon_core.package_identification:_identify(install) by extensions ['ignore', 'ignore_ament_install']
[0.392s] Level 1:colcon.colcon_core.package_identification:_identify(install) by extension 'ignore'
[0.392s] Level 1:colcon.colcon_core.package_identification:_identify(install) ignored
[0.392s] Level 1:colcon.colcon_core.package_identification:_identify(log) by extensions ['ignore', 'ignore_ament_install']
[0.392s] Level 1:colcon.colcon_core.package_identification:_identify(log) by extension 'ignore'
[0.392s] Level 1:colcon.colcon_core.package_identification:_identify(log) ignored
[0.392s] Level 1:colcon.colcon_core.package_identification:_identify(src) by extensions ['ignore', 'ignore_ament_install']
[0.392s] Level 1:colcon.colcon_core.package_identification:_identify(src) by extension 'ignore'
[0.392s] Level 1:colcon.colcon_core.package_identification:_identify(src) by extension 'ignore_ament_install'
[0.392s] Level 1:colcon.colcon_core.package_identification:_identify(src) by extensions ['colcon_pkg']
[0.392s] Level 1:colcon.colcon_core.package_identification:_identify(src) by extension 'colcon_pkg'
[0.392s] Level 1:colcon.colcon_core.package_identification:_identify(src) by extensions ['colcon_meta']
[0.392s] Level 1:colcon.colcon_core.package_identification:_identify(src) by extension 'colcon_meta'
[0.392s] Level 1:colcon.colcon_core.package_identification:_identify(src) by extensions ['ros']
[0.392s] Level 1:colcon.colcon_core.package_identification:_identify(src) by extension 'ros'
[0.392s] Level 1:colcon.colcon_core.package_identification:_identify(src) by extensions ['cmake', 'python']
[0.392s] Level 1:colcon.colcon_core.package_identification:_identify(src) by extension 'cmake'
[0.392s] Level 1:colcon.colcon_core.package_identification:_identify(src) by extension 'python'
[0.392s] Level 1:colcon.colcon_core.package_identification:_identify(src) by extensions ['python_setup_py']
[0.392s] Level 1:colcon.colcon_core.package_identification:_identify(src) by extension 'python_setup_py'
[0.392s] Level 1:colcon.colcon_core.package_identification:_identify(src/build) by extensions ['ignore', 'ignore_ament_install']
[0.392s] Level 1:colcon.colcon_core.package_identification:_identify(src/build) by extension 'ignore'
[0.392s] Level 1:colcon.colcon_core.package_identification:_identify(src/build) ignored
[0.392s] Level 1:colcon.colcon_core.package_identification:_identify(src/bumperbot_controller) by extensions ['ignore', 'ignore_ament_install']
[0.393s] Level 1:colcon.colcon_core.package_identification:_identify(src/bumperbot_controller) by extension 'ignore'
[0.393s] Level 1:colcon.colcon_core.package_identification:_identify(src/bumperbot_controller) by extension 'ignore_ament_install'
[0.393s] Level 1:colcon.colcon_core.package_identification:_identify(src/bumperbot_controller) by extensions ['colcon_pkg']
[0.393s] Level 1:colcon.colcon_core.package_identification:_identify(src/bumperbot_controller) by extension 'colcon_pkg'
[0.393s] Level 1:colcon.colcon_core.package_identification:_identify(src/bumperbot_controller) by extensions ['colcon_meta']
[0.393s] Level 1:colcon.colcon_core.package_identification:_identify(src/bumperbot_controller) by extension 'colcon_meta'
[0.393s] Level 1:colcon.colcon_core.package_identification:_identify(src/bumperbot_controller) by extensions ['ros']
[0.393s] Level 1:colcon.colcon_core.package_identification:_identify(src/bumperbot_controller) by extension 'ros'
[0.395s] DEBUG:colcon.colcon_core.package_identification:Package 'src/bumperbot_controller' with type 'ros.ament_cmake' and name 'bumperbot_controller'
[0.395s] Level 1:colcon.colcon_core.package_identification:_identify(src/bumperbot_cpp_examples) by extensions ['ignore', 'ignore_ament_install']
[0.395s] Level 1:colcon.colcon_core.package_identification:_identify(src/bumperbot_cpp_examples) by extension 'ignore'
[0.395s] Level 1:colcon.colcon_core.package_identification:_identify(src/bumperbot_cpp_examples) by extension 'ignore_ament_install'
[0.396s] Level 1:colcon.colcon_core.package_identification:_identify(src/bumperbot_cpp_examples) by extensions ['colcon_pkg']
[0.396s] Level 1:colcon.colcon_core.package_identification:_identify(src/bumperbot_cpp_examples) by extension 'colcon_pkg'
[0.396s] Level 1:colcon.colcon_core.package_identification:_identify(src/bumperbot_cpp_examples) by extensions ['colcon_meta']
[0.396s] Level 1:colcon.colcon_core.package_identification:_identify(src/bumperbot_cpp_examples) by extension 'colcon_meta'
[0.396s] Level 1:colcon.colcon_core.package_identification:_identify(src/bumperbot_cpp_examples) by extensions ['ros']
[0.396s] Level 1:colcon.colcon_core.package_identification:_identify(src/bumperbot_cpp_examples) by extension 'ros'
[0.396s] DEBUG:colcon.colcon_core.package_identification:Package 'src/bumperbot_cpp_examples' with type 'ros.ament_cmake' and name 'bumperbot_cpp_examples'
[0.396s] Level 1:colcon.colcon_core.package_identification:_identify(src/bumperbot_description) by extensions ['ignore', 'ignore_ament_install']
[0.396s] Level 1:colcon.colcon_core.package_identification:_identify(src/bumperbot_description) by extension 'ignore'
[0.396s] Level 1:colcon.colcon_core.package_identification:_identify(src/bumperbot_description) by extension 'ignore_ament_install'
[0.396s] Level 1:colcon.colcon_core.package_identification:_identify(src/bumperbot_description) by extensions ['colcon_pkg']
[0.396s] Level 1:colcon.colcon_core.package_identification:_identify(src/bumperbot_description) by extension 'colcon_pkg'
[0.396s] Level 1:colcon.colcon_core.package_identification:_identify(src/bumperbot_description) by extensions ['colcon_meta']
[0.396s] Level 1:colcon.colcon_core.package_identification:_identify(src/bumperbot_description) by extension 'colcon_meta'
[0.396s] Level 1:colcon.colcon_core.package_identification:_identify(src/bumperbot_description) by extensions ['ros']
[0.396s] Level 1:colcon.colcon_core.package_identification:_identify(src/bumperbot_description) by extension 'ros'
[0.396s] DEBUG:colcon.colcon_core.package_identification:Package 'src/bumperbot_description' with type 'ros.ament_cmake' and name 'bumperbot_description'
[0.396s] Level 1:colcon.colcon_core.package_identification:_identify(src/bumperbot_py_examples) by extensions ['ignore', 'ignore_ament_install']
[0.396s] Level 1:colcon.colcon_core.package_identification:_identify(src/bumperbot_py_examples) by extension 'ignore'
[0.397s] Level 1:colcon.colcon_core.package_identification:_identify(src/bumperbot_py_examples) by extension 'ignore_ament_install'
[0.397s] Level 1:colcon.colcon_core.package_identification:_identify(src/bumperbot_py_examples) by extensions ['colcon_pkg']
[0.397s] Level 1:colcon.colcon_core.package_identification:_identify(src/bumperbot_py_examples) by extension 'colcon_pkg'
[0.397s] Level 1:colcon.colcon_core.package_identification:_identify(src/bumperbot_py_examples) by extensions ['colcon_meta']
[0.397s] Level 1:colcon.colcon_core.package_identification:_identify(src/bumperbot_py_examples) by extension 'colcon_meta'
[0.397s] Level 1:colcon.colcon_core.package_identification:_identify(src/bumperbot_py_examples) by extensions ['ros']
[0.397s] Level 1:colcon.colcon_core.package_identification:_identify(src/bumperbot_py_examples) by extension 'ros'
[0.397s] DEBUG:colcon.colcon_core.package_identification:Package 'src/bumperbot_py_examples' with type 'ros.ament_python' and name 'bumperbot_py_examples'
[0.397s] Level 1:colcon.colcon_core.package_identification:_identify(src/install) by extensions ['ignore', 'ignore_ament_install']
[0.397s] Level 1:colcon.colcon_core.package_identification:_identify(src/install) by extension 'ignore'
[0.397s] Level 1:colcon.colcon_core.package_identification:_identify(src/install) ignored
[0.397s] Level 1:colcon.colcon_core.package_identification:_identify(src/log) by extensions ['ignore', 'ignore_ament_install']
[0.397s] Level 1:colcon.colcon_core.package_identification:_identify(src/log) by extension 'ignore'
[0.397s] Level 1:colcon.colcon_core.package_identification:_identify(src/log) ignored
[0.397s] Level 1:colcon.colcon_core.package_discovery:discover_packages(recursive) using defaults
[0.397s] Level 1:colcon.colcon_core.package_discovery:discover_packages(ignore) discover
[0.397s] Level 1:colcon.colcon_core.package_discovery:discover_packages(ignore) using defaults
[0.397s] Level 1:colcon.colcon_core.package_discovery:discover_packages(path) discover
[0.397s] Level 1:colcon.colcon_core.package_discovery:discover_packages(path) using defaults
[0.413s] Level 1:colcon.colcon_core.package_discovery:discover_packages(prefix_path) check parameters
[0.413s] Level 1:colcon.colcon_core.package_discovery:discover_packages(prefix_path) discover
[0.416s] DEBUG:colcon.colcon_installed_package_information.package_discovery:Found 329 installed packages in /opt/ros/humble
[0.417s] Level 1:colcon.colcon_core.package_discovery:discover_packages(prefix_path) using defaults
[0.444s] Level 5:colcon.colcon_core.verb:set package 'bumperbot_controller' build argument 'cmake_args' from command line to 'None'
[0.444s] Level 5:colcon.colcon_core.verb:set package 'bumperbot_controller' build argument 'cmake_target' from command line to 'None'
[0.444s] Level 5:colcon.colcon_core.verb:set package 'bumperbot_controller' build argument 'cmake_target_skip_unavailable' from command line to 'False'
[0.444s] Level 5:colcon.colcon_core.verb:set package 'bumperbot_controller' build argument 'cmake_clean_cache' from command line to 'False'
[0.444s] Level 5:colcon.colcon_core.verb:set package 'bumperbot_controller' build argument 'cmake_clean_first' from command line to 'False'
[0.444s] Level 5:colcon.colcon_core.verb:set package 'bumperbot_controller' build argument 'cmake_force_configure' from command line to 'False'
[0.444s] Level 5:colcon.colcon_core.verb:set package 'bumperbot_controller' build argument 'ament_cmake_args' from command line to 'None'
[0.444s] Level 5:colcon.colcon_core.verb:set package 'bumperbot_controller' build argument 'catkin_cmake_args' from command line to 'None'
[0.444s] Level 5:colcon.colcon_core.verb:set package 'bumperbot_controller' build argument 'catkin_skip_building_tests' from command line to 'False'
[0.444s] DEBUG:colcon.colcon_core.verb:Building package 'bumperbot_controller' with the following arguments: {'ament_cmake_args': None, 'build_base': '/home/wapush/AGV/bumperbot_ws/build/bumperbot_controller', 'catkin_cmake_args': None, 'catkin_skip_building_tests': False, 'cmake_args': None, 'cmake_clean_cache': False, 'cmake_clean_first': False, 'cmake_force_configure': False, 'cmake_target': None, 'cmake_target_skip_unavailable': False, 'install_base': '/home/wapush/AGV/bumperbot_ws/install/bumperbot_controller', 'merge_install': False, 'path': '/home/wapush/AGV/bumperbot_ws/src/bumperbot_controller', 'symlink_install': False, 'test_result_base': None}
[0.444s] Level 5:colcon.colcon_core.verb:set package 'bumperbot_cpp_examples' build argument 'cmake_args' from command line to 'None'
[0.444s] Level 5:colcon.colcon_core.verb:set package 'bumperbot_cpp_examples' build argument 'cmake_target' from command line to 'None'
[0.444s] Level 5:colcon.colcon_core.verb:set package 'bumperbot_cpp_examples' build argument 'cmake_target_skip_unavailable' from command line to 'False'
[0.444s] Level 5:colcon.colcon_core.verb:set package 'bumperbot_cpp_examples' build argument 'cmake_clean_cache' from command line to 'False'
[0.444s] Level 5:colcon.colcon_core.verb:set package 'bumperbot_cpp_examples' build argument 'cmake_clean_first' from command line to 'False'
[0.444s] Level 5:colcon.colcon_core.verb:set package 'bumperbot_cpp_examples' build argument 'cmake_force_configure' from command line to 'False'
[0.444s] Level 5:colcon.colcon_core.verb:set package 'bumperbot_cpp_examples' build argument 'ament_cmake_args' from command line to 'None'
[0.444s] Level 5:colcon.colcon_core.verb:set package 'bumperbot_cpp_examples' build argument 'catkin_cmake_args' from command line to 'None'
[0.444s] Level 5:colcon.colcon_core.verb:set package 'bumperbot_cpp_examples' build argument 'catkin_skip_building_tests' from command line to 'False'
[0.444s] DEBUG:colcon.colcon_core.verb:Building package 'bumperbot_cpp_examples' with the following arguments: {'ament_cmake_args': None, 'build_base': '/home/wapush/AGV/bumperbot_ws/build/bumperbot_cpp_examples', 'catkin_cmake_args': None, 'catkin_skip_building_tests': False, 'cmake_args': None, 'cmake_clean_cache': False, 'cmake_clean_first': False, 'cmake_force_configure': False, 'cmake_target': None, 'cmake_target_skip_unavailable': False, 'install_base': '/home/wapush/AGV/bumperbot_ws/install/bumperbot_cpp_examples', 'merge_install': False, 'path': '/home/wapush/AGV/bumperbot_ws/src/bumperbot_cpp_examples', 'symlink_install': False, 'test_result_base': None}
[0.444s] Level 5:colcon.colcon_core.verb:set package 'bumperbot_description' build argument 'cmake_args' from command line to 'None'
[0.444s] Level 5:colcon.colcon_core.verb:set package 'bumperbot_description' build argument 'cmake_target' from command line to 'None'
[0.444s] Level 5:colcon.colcon_core.verb:set package 'bumperbot_description' build argument 'cmake_target_skip_unavailable' from command line to 'False'
[0.444s] Level 5:colcon.colcon_core.verb:set package 'bumperbot_description' build argument 'cmake_clean_cache' from command line to 'False'
[0.444s] Level 5:colcon.colcon_core.verb:set package 'bumperbot_description' build argument 'cmake_clean_first' from command line to 'False'
[0.444s] Level 5:colcon.colcon_core.verb:set package 'bumperbot_description' build argument 'cmake_force_configure' from command line to 'False'
[0.444s] Level 5:colcon.colcon_core.verb:set package 'bumperbot_description' build argument 'ament_cmake_args' from command line to 'None'
[0.444s] Level 5:colcon.colcon_core.verb:set package 'bumperbot_description' build argument 'catkin_cmake_args' from command line to 'None'
[0.444s] Level 5:colcon.colcon_core.verb:set package 'bumperbot_description' build argument 'catkin_skip_building_tests' from command line to 'False'
[0.444s] DEBUG:colcon.colcon_core.verb:Building package 'bumperbot_description' with the following arguments: {'ament_cmake_args': None, 'build_base': '/home/wapush/AGV/bumperbot_ws/build/bumperbot_description', 'catkin_cmake_args': None, 'catkin_skip_building_tests': False, 'cmake_args': None, 'cmake_clean_cache': False, 'cmake_clean_first': False, 'cmake_force_configure': False, 'cmake_target': None, 'cmake_target_skip_unavailable': False, 'install_base': '/home/wapush/AGV/bumperbot_ws/install/bumperbot_description', 'merge_install': False, 'path': '/home/wapush/AGV/bumperbot_ws/src/bumperbot_description', 'symlink_install': False, 'test_result_base': None}
[0.444s] Level 5:colcon.colcon_core.verb:set package 'bumperbot_py_examples' build argument 'cmake_args' from command line to 'None'
[0.444s] Level 5:colcon.colcon_core.verb:set package 'bumperbot_py_examples' build argument 'cmake_target' from command line to 'None'
[0.444s] Level 5:colcon.colcon_core.verb:set package 'bumperbot_py_examples' build argument 'cmake_target_skip_unavailable' from command line to 'False'
[0.444s] Level 5:colcon.colcon_core.verb:set package 'bumperbot_py_examples' build argument 'cmake_clean_cache' from command line to 'False'
[0.444s] Level 5:colcon.colcon_core.verb:set package 'bumperbot_py_examples' build argument 'cmake_clean_first' from command line to 'False'
[0.445s] Level 5:colcon.colcon_core.verb:set package 'bumperbot_py_examples' build argument 'cmake_force_configure' from command line to 'False'
[0.445s] Level 5:colcon.colcon_core.verb:set package 'bumperbot_py_examples' build argument 'ament_cmake_args' from command line to 'None'
[0.445s] Level 5:colcon.colcon_core.verb:set package 'bumperbot_py_examples' build argument 'catkin_cmake_args' from command line to 'None'
[0.445s] Level 5:colcon.colcon_core.verb:set package 'bumperbot_py_examples' build argument 'catkin_skip_building_tests' from command line to 'False'
[0.445s] DEBUG:colcon.colcon_core.verb:Building package 'bumperbot_py_examples' with the following arguments: {'ament_cmake_args': None, 'build_base': '/home/wapush/AGV/bumperbot_ws/build/bumperbot_py_examples', 'catkin_cmake_args': None, 'catkin_skip_building_tests': False, 'cmake_args': None, 'cmake_clean_cache': False, 'cmake_clean_first': False, 'cmake_force_configure': False, 'cmake_target': None, 'cmake_target_skip_unavailable': False, 'install_base': '/home/wapush/AGV/bumperbot_ws/install/bumperbot_py_examples', 'merge_install': False, 'path': '/home/wapush/AGV/bumperbot_ws/src/bumperbot_py_examples', 'symlink_install': False, 'test_result_base': None}
[0.445s] INFO:colcon.colcon_core.executor:Executing jobs using 'parallel' executor
[0.445s] DEBUG:colcon.colcon_parallel_executor.executor.parallel:run_until_complete
[0.446s] INFO:colcon.colcon_ros.task.ament_cmake.build:Building ROS package in '/home/wapush/AGV/bumperbot_ws/src/bumperbot_controller' with build type 'ament_cmake'
[0.446s] INFO:colcon.colcon_cmake.task.cmake.build:Building CMake package in '/home/wapush/AGV/bumperbot_ws/src/bumperbot_controller'
[0.450s] INFO:colcon.colcon_core.plugin_system:Skipping extension 'colcon_core.shell.bat': Not used on non-Windows systems
[0.450s] INFO:colcon.colcon_core.shell:Skip shell extension 'powershell' for command environment: Not usable outside of PowerShell
[0.450s] DEBUG:colcon.colcon_core.shell:Skip shell extension 'dsv' for command environment
[0.452s] INFO:colcon.colcon_ros.task.ament_cmake.build:Building ROS package in '/home/wapush/AGV/bumperbot_ws/src/bumperbot_cpp_examples' with build type 'ament_cmake'
[0.452s] INFO:colcon.colcon_cmake.task.cmake.build:Building CMake package in '/home/wapush/AGV/bumperbot_ws/src/bumperbot_cpp_examples'
[0.452s] INFO:colcon.colcon_core.shell:Skip shell extension 'powershell' for command environment: Not usable outside of PowerShell
[0.452s] DEBUG:colcon.colcon_core.shell:Skip shell extension 'dsv' for command environment
[0.454s] INFO:colcon.colcon_ros.task.ament_cmake.build:Building ROS package in '/home/wapush/AGV/bumperbot_ws/src/bumperbot_description' with build type 'ament_cmake'
[0.454s] INFO:colcon.colcon_cmake.task.cmake.build:Building CMake package in '/home/wapush/AGV/bumperbot_ws/src/bumperbot_description'
[0.454s] INFO:colcon.colcon_core.shell:Skip shell extension 'powershell' for command environment: Not usable outside of PowerShell
[0.454s] DEBUG:colcon.colcon_core.shell:Skip shell extension 'dsv' for command environment
[0.456s] INFO:colcon.colcon_ros.task.ament_python.build:Building ROS package in '/home/wapush/AGV/bumperbot_ws/src/bumperbot_py_examples' with build type 'ament_python'
[0.457s] Level 1:colcon.colcon_core.shell:create_environment_hook('bumperbot_py_examples', 'ament_prefix_path')
[0.457s] INFO:colcon.colcon_core.shell:Creating environment hook '/home/wapush/AGV/bumperbot_ws/install/bumperbot_py_examples/share/bumperbot_py_examples/hook/ament_prefix_path.ps1'
[0.459s] INFO:colcon.colcon_core.shell:Creating environment descriptor '/home/wapush/AGV/bumperbot_ws/install/bumperbot_py_examples/share/bumperbot_py_examples/hook/ament_prefix_path.dsv'
[0.459s] INFO:colcon.colcon_core.shell:Creating environment hook '/home/wapush/AGV/bumperbot_ws/install/bumperbot_py_examples/share/bumperbot_py_examples/hook/ament_prefix_path.sh'
[0.460s] INFO:colcon.colcon_core.shell:Skip shell extension 'powershell' for command environment: Not usable outside of PowerShell
[0.460s] DEBUG:colcon.colcon_core.shell:Skip shell extension 'dsv' for command environment
[0.467s] DEBUG:colcon.colcon_core.event_handler.log_command:Invoking command in '/home/wapush/AGV/bumperbot_ws/build/bumperbot_controller': CMAKE_PREFIX_PATH=/opt/ros/humble /usr/bin/cmake /home/wapush/AGV/bumperbot_ws/src/bumperbot_controller -DCMAKE_INSTALL_PREFIX=/home/wapush/AGV/bumperbot_ws/install/bumperbot_controller
[0.471s] DEBUG:colcon.colcon_core.event_handler.log_command:Invoking command in '/home/wapush/AGV/bumperbot_ws/build/bumperbot_cpp_examples': CMAKE_PREFIX_PATH=/opt/ros/humble /usr/bin/cmake /home/wapush/AGV/bumperbot_ws/src/bumperbot_cpp_examples -DCMAKE_INSTALL_PREFIX=/home/wapush/AGV/bumperbot_ws/install/bumperbot_cpp_examples
[0.473s] DEBUG:colcon.colcon_core.event_handler.log_command:Invoking command in '/home/wapush/AGV/bumperbot_ws/build/bumperbot_description': CMAKE_PREFIX_PATH=/opt/ros/humble /usr/bin/cmake /home/wapush/AGV/bumperbot_ws/src/bumperbot_description -DCMAKE_INSTALL_PREFIX=/home/wapush/AGV/bumperbot_ws/install/bumperbot_description
[0.610s] INFO:colcon.colcon_core.task.python.build:Building Python package in '/home/wapush/AGV/bumperbot_ws/src/bumperbot_py_examples'
[0.611s] INFO:colcon.colcon_core.shell:Skip shell extension 'powershell' for command environment: Not usable outside of PowerShell
[0.611s] DEBUG:colcon.colcon_core.shell:Skip shell extension 'dsv' for command environment
[0.934s] DEBUG:colcon.colcon_core.event_handler.log_command:Invoking command in '/home/wapush/AGV/bumperbot_ws/src/bumperbot_py_examples': PYTHONPATH=/home/wapush/AGV/bumperbot_ws/build/bumperbot_py_examples/prefix_override:/usr/lib/python3/dist-packages/colcon_core/task/python/colcon_distutils_commands:/home/wapush/AGV/bumperbot_ws/install/bumperbot_py_examples/lib/python3.10/site-packages:${PYTHONPATH} /usr/bin/python3 -W ignore:setup.py install is deprecated setup.py egg_info --egg-base ../../build/bumperbot_py_examples build --build-base /home/wapush/AGV/bumperbot_ws/build/bumperbot_py_examples/build install --record /home/wapush/AGV/bumperbot_ws/build/bumperbot_py_examples/install.log --single-version-externally-managed install_data
[1.092s] DEBUG:colcon.colcon_core.event_handler.log_command:Invoked command in '/home/wapush/AGV/bumperbot_ws/src/bumperbot_py_examples' returned '0': PYTHONPATH=/home/wapush/AGV/bumperbot_ws/build/bumperbot_py_examples/prefix_override:/usr/lib/python3/dist-packages/colcon_core/task/python/colcon_distutils_commands:/home/wapush/AGV/bumperbot_ws/install/bumperbot_py_examples/lib/python3.10/site-packages:${PYTHONPATH} /usr/bin/python3 -W ignore:setup.py install is deprecated setup.py egg_info --egg-base ../../build/bumperbot_py_examples build --build-base /home/wapush/AGV/bumperbot_ws/build/bumperbot_py_examples/build install --record /home/wapush/AGV/bumperbot_ws/build/bumperbot_py_examples/install.log --single-version-externally-managed install_data
[1.097s] Level 1:colcon.colcon_core.environment:checking '/home/wapush/AGV/bumperbot_ws/install/bumperbot_py_examples' for CMake module files
[1.097s] Level 1:colcon.colcon_core.environment:checking '/home/wapush/AGV/bumperbot_ws/install/bumperbot_py_examples' for CMake config files
[1.098s] Level 1:colcon.colcon_core.environment:checking '/home/wapush/AGV/bumperbot_ws/install/bumperbot_py_examples/lib'
[1.098s] Level 1:colcon.colcon_core.environment:checking '/home/wapush/AGV/bumperbot_ws/install/bumperbot_py_examples/bin'
[1.098s] Level 1:colcon.colcon_core.environment:checking '/home/wapush/AGV/bumperbot_ws/install/bumperbot_py_examples/lib/pkgconfig/bumperbot_py_examples.pc'
[1.098s] Level 1:colcon.colcon_core.environment:checking '/home/wapush/AGV/bumperbot_ws/install/bumperbot_py_examples/lib/python3.10/site-packages'
[1.099s] Level 1:colcon.colcon_core.shell:create_environment_hook('bumperbot_py_examples', 'pythonpath')
[1.099s] INFO:colcon.colcon_core.shell:Creating environment hook '/home/wapush/AGV/bumperbot_ws/install/bumperbot_py_examples/share/bumperbot_py_examples/hook/pythonpath.ps1'
[1.099s] INFO:colcon.colcon_core.shell:Creating environment descriptor '/home/wapush/AGV/bumperbot_ws/install/bumperbot_py_examples/share/bumperbot_py_examples/hook/pythonpath.dsv'
[1.100s] INFO:colcon.colcon_core.shell:Creating environment hook '/home/wapush/AGV/bumperbot_ws/install/bumperbot_py_examples/share/bumperbot_py_examples/hook/pythonpath.sh'
[1.100s] Level 1:colcon.colcon_core.environment:checking '/home/wapush/AGV/bumperbot_ws/install/bumperbot_py_examples/bin'
[1.100s] Level 1:colcon.colcon_core.environment:create_environment_scripts_only(bumperbot_py_examples)
[1.100s] INFO:colcon.colcon_core.shell:Creating package script '/home/wapush/AGV/bumperbot_ws/install/bumperbot_py_examples/share/bumperbot_py_examples/package.ps1'
[1.101s] INFO:colcon.colcon_core.shell:Creating package descriptor '/home/wapush/AGV/bumperbot_ws/install/bumperbot_py_examples/share/bumperbot_py_examples/package.dsv'
[1.102s] INFO:colcon.colcon_core.shell:Creating package script '/home/wapush/AGV/bumperbot_ws/install/bumperbot_py_examples/share/bumperbot_py_examples/package.sh'
[1.102s] INFO:colcon.colcon_core.shell:Creating package script '/home/wapush/AGV/bumperbot_ws/install/bumperbot_py_examples/share/bumperbot_py_examples/package.bash'
[1.103s] INFO:colcon.colcon_core.shell:Creating package script '/home/wapush/AGV/bumperbot_ws/install/bumperbot_py_examples/share/bumperbot_py_examples/package.zsh'
[1.104s] Level 1:colcon.colcon_core.environment:create_file_with_runtime_dependencies(/home/wapush/AGV/bumperbot_ws/install/bumperbot_py_examples/share/colcon-core/packages/bumperbot_py_examples)
[1.561s] DEBUG:colcon.colcon_core.event_handler.log_command:Invoked command in '/home/wapush/AGV/bumperbot_ws/build/bumperbot_cpp_examples' returned '0': CMAKE_PREFIX_PATH=/opt/ros/humble /usr/bin/cmake /home/wapush/AGV/bumperbot_ws/src/bumperbot_cpp_examples -DCMAKE_INSTALL_PREFIX=/home/wapush/AGV/bumperbot_ws/install/bumperbot_cpp_examples
[1.563s] DEBUG:colcon.colcon_core.event_handler.log_command:Invoking command in '/home/wapush/AGV/bumperbot_ws/build/bumperbot_cpp_examples': CMAKE_PREFIX_PATH=/opt/ros/humble /usr/bin/cmake --build /home/wapush/AGV/bumperbot_ws/build/bumperbot_cpp_examples -- -j20 -l20
[1.564s] DEBUG:colcon.colcon_core.event_handler.log_command:Invoked command in '/home/wapush/AGV/bumperbot_ws/build/bumperbot_description' returned '0': CMAKE_PREFIX_PATH=/opt/ros/humble /usr/bin/cmake /home/wapush/AGV/bumperbot_ws/src/bumperbot_description -DCMAKE_INSTALL_PREFIX=/home/wapush/AGV/bumperbot_ws/install/bumperbot_description
[1.565s] DEBUG:colcon.colcon_core.event_handler.log_command:Invoking command in '/home/wapush/AGV/bumperbot_ws/build/bumperbot_description': CMAKE_PREFIX_PATH=/opt/ros/humble /usr/bin/cmake --build /home/wapush/AGV/bumperbot_ws/build/bumperbot_description -- -j20 -l20
[1.582s] DEBUG:colcon.colcon_core.event_handler.log_command:Invoked command in '/home/wapush/AGV/bumperbot_ws/build/bumperbot_cpp_examples' returned '0': CMAKE_PREFIX_PATH=/opt/ros/humble /usr/bin/cmake --build /home/wapush/AGV/bumperbot_ws/build/bumperbot_cpp_examples -- -j20 -l20
[1.585s] DEBUG:colcon.colcon_core.event_handler.log_command:Invoked command in '/home/wapush/AGV/bumperbot_ws/build/bumperbot_description' returned '0': CMAKE_PREFIX_PATH=/opt/ros/humble /usr/bin/cmake --build /home/wapush/AGV/bumperbot_ws/build/bumperbot_description -- -j20 -l20
[1.601s] DEBUG:colcon.colcon_core.event_handler.log_command:Invoking command in '/home/wapush/AGV/bumperbot_ws/build/bumperbot_cpp_examples': CMAKE_PREFIX_PATH=/opt/ros/humble /usr/bin/cmake --install /home/wapush/AGV/bumperbot_ws/build/bumperbot_cpp_examples
[1.602s] DEBUG:colcon.colcon_core.event_handler.log_command:Invoking command in '/home/wapush/AGV/bumperbot_ws/build/bumperbot_description': CMAKE_PREFIX_PATH=/opt/ros/humble /usr/bin/cmake --install /home/wapush/AGV/bumperbot_ws/build/bumperbot_description
[1.610s] Level 1:colcon.colcon_core.environment:create_environment_scripts_only(bumperbot_cpp_examples)
[1.610s] DEBUG:colcon.colcon_core.event_handler.log_command:Invoked command in '/home/wapush/AGV/bumperbot_ws/build/bumperbot_cpp_examples' returned '0': CMAKE_PREFIX_PATH=/opt/ros/humble /usr/bin/cmake --install /home/wapush/AGV/bumperbot_ws/build/bumperbot_cpp_examples
[1.610s] Level 1:colcon.colcon_core.environment:checking '/home/wapush/AGV/bumperbot_ws/install/bumperbot_cpp_examples' for CMake module files
[1.610s] Level 1:colcon.colcon_core.environment:checking '/home/wapush/AGV/bumperbot_ws/install/bumperbot_cpp_examples' for CMake config files
[1.610s] Level 1:colcon.colcon_core.shell:create_environment_hook('bumperbot_cpp_examples', 'cmake_prefix_path')
[1.611s] INFO:colcon.colcon_core.shell:Creating environment hook '/home/wapush/AGV/bumperbot_ws/install/bumperbot_cpp_examples/share/bumperbot_cpp_examples/hook/cmake_prefix_path.ps1'
[1.611s] INFO:colcon.colcon_core.shell:Creating environment descriptor '/home/wapush/AGV/bumperbot_ws/install/bumperbot_cpp_examples/share/bumperbot_cpp_examples/hook/cmake_prefix_path.dsv'
[1.611s] INFO:colcon.colcon_core.shell:Creating environment hook '/home/wapush/AGV/bumperbot_ws/install/bumperbot_cpp_examples/share/bumperbot_cpp_examples/hook/cmake_prefix_path.sh'
[1.612s] Level 1:colcon.colcon_core.environment:checking '/home/wapush/AGV/bumperbot_ws/install/bumperbot_cpp_examples/bin'
[1.612s] Level 1:colcon.colcon_core.environment:checking '/home/wapush/AGV/bumperbot_ws/install/bumperbot_cpp_examples/lib/pkgconfig/bumperbot_cpp_examples.pc'
[1.612s] Level 1:colcon.colcon_core.environment:checking '/home/wapush/AGV/bumperbot_ws/install/bumperbot_cpp_examples/lib/python3.10/site-packages'
[1.612s] Level 1:colcon.colcon_core.environment:checking '/home/wapush/AGV/bumperbot_ws/install/bumperbot_cpp_examples/bin'
[1.613s] INFO:colcon.colcon_core.shell:Creating package script '/home/wapush/AGV/bumperbot_ws/install/bumperbot_cpp_examples/share/bumperbot_cpp_examples/package.ps1'
[1.613s] INFO:colcon.colcon_core.shell:Creating package descriptor '/home/wapush/AGV/bumperbot_ws/install/bumperbot_cpp_examples/share/bumperbot_cpp_examples/package.dsv'
[1.613s] INFO:colcon.colcon_core.shell:Creating package script '/home/wapush/AGV/bumperbot_ws/install/bumperbot_cpp_examples/share/bumperbot_cpp_examples/package.sh'
[1.613s] INFO:colcon.colcon_core.shell:Creating package script '/home/wapush/AGV/bumperbot_ws/install/bumperbot_cpp_examples/share/bumperbot_cpp_examples/package.bash'
[1.614s] INFO:colcon.colcon_core.shell:Creating package script '/home/wapush/AGV/bumperbot_ws/install/bumperbot_cpp_examples/share/bumperbot_cpp_examples/package.zsh'
[1.614s] Level 1:colcon.colcon_core.environment:create_file_with_runtime_dependencies(/home/wapush/AGV/bumperbot_ws/install/bumperbot_cpp_examples/share/colcon-core/packages/bumperbot_cpp_examples)
[1.626s] Level 1:colcon.colcon_core.environment:create_environment_scripts_only(bumperbot_description)
[1.626s] Level 1:colcon.colcon_core.environment:checking '/home/wapush/AGV/bumperbot_ws/install/bumperbot_description' for CMake module files
[1.627s] DEBUG:colcon.colcon_core.event_handler.log_command:Invoked command in '/home/wapush/AGV/bumperbot_ws/build/bumperbot_description' returned '0': CMAKE_PREFIX_PATH=/opt/ros/humble /usr/bin/cmake --install /home/wapush/AGV/bumperbot_ws/build/bumperbot_description
[1.627s] Level 1:colcon.colcon_core.environment:checking '/home/wapush/AGV/bumperbot_ws/install/bumperbot_description' for CMake config files
[1.627s] Level 1:colcon.colcon_core.shell:create_environment_hook('bumperbot_description', 'cmake_prefix_path')
[1.627s] INFO:colcon.colcon_core.shell:Creating environment hook '/home/wapush/AGV/bumperbot_ws/install/bumperbot_description/share/bumperbot_description/hook/cmake_prefix_path.ps1'
[1.627s] INFO:colcon.colcon_core.shell:Creating environment descriptor '/home/wapush/AGV/bumperbot_ws/install/bumperbot_description/share/bumperbot_description/hook/cmake_prefix_path.dsv'
[1.627s] INFO:colcon.colcon_core.shell:Creating environment hook '/home/wapush/AGV/bumperbot_ws/install/bumperbot_description/share/bumperbot_description/hook/cmake_prefix_path.sh'
[1.628s] Level 1:colcon.colcon_core.environment:checking '/home/wapush/AGV/bumperbot_ws/install/bumperbot_description/bin'
[1.628s] Level 1:colcon.colcon_core.environment:checking '/home/wapush/AGV/bumperbot_ws/install/bumperbot_description/lib/pkgconfig/bumperbot_description.pc'
[1.628s] Level 1:colcon.colcon_core.environment:checking '/home/wapush/AGV/bumperbot_ws/install/bumperbot_description/lib/python3.10/site-packages'
[1.628s] Level 1:colcon.colcon_core.environment:checking '/home/wapush/AGV/bumperbot_ws/install/bumperbot_description/bin'
[1.628s] INFO:colcon.colcon_core.shell:Creating package script '/home/wapush/AGV/bumperbot_ws/install/bumperbot_description/share/bumperbot_description/package.ps1'
[1.628s] INFO:colcon.colcon_core.shell:Creating package descriptor '/home/wapush/AGV/bumperbot_ws/install/bumperbot_description/share/bumperbot_description/package.dsv'
[1.629s] INFO:colcon.colcon_core.shell:Creating package script '/home/wapush/AGV/bumperbot_ws/install/bumperbot_description/share/bumperbot_description/package.sh'
[1.629s] INFO:colcon.colcon_core.shell:Creating package script '/home/wapush/AGV/bumperbot_ws/install/bumperbot_description/share/bumperbot_description/package.bash'
[1.629s] INFO:colcon.colcon_core.shell:Creating package script '/home/wapush/AGV/bumperbot_ws/install/bumperbot_description/share/bumperbot_description/package.zsh'
[1.629s] Level 1:colcon.colcon_core.environment:create_file_with_runtime_dependencies(/home/wapush/AGV/bumperbot_ws/install/bumperbot_description/share/colcon-core/packages/bumperbot_description)
[1.631s] Level 1:colcon.colcon_core.environment:create_environment_scripts_only(bumperbot_cpp_examples)
[1.631s] Level 1:colcon.colcon_core.environment:checking '/home/wapush/AGV/bumperbot_ws/install/bumperbot_cpp_examples' for CMake module files
[1.631s] Level 1:colcon.colcon_core.environment:checking '/home/wapush/AGV/bumperbot_ws/install/bumperbot_cpp_examples' for CMake config files
[1.631s] Level 1:colcon.colcon_core.shell:create_environment_hook('bumperbot_cpp_examples', 'cmake_prefix_path')
[1.631s] INFO:colcon.colcon_core.shell:Creating environment hook '/home/wapush/AGV/bumperbot_ws/install/bumperbot_cpp_examples/share/bumperbot_cpp_examples/hook/cmake_prefix_path.ps1'
[1.631s] INFO:colcon.colcon_core.shell:Creating environment descriptor '/home/wapush/AGV/bumperbot_ws/install/bumperbot_cpp_examples/share/bumperbot_cpp_examples/hook/cmake_prefix_path.dsv'
[1.631s] INFO:colcon.colcon_core.shell:Creating environment hook '/home/wapush/AGV/bumperbot_ws/install/bumperbot_cpp_examples/share/bumperbot_cpp_examples/hook/cmake_prefix_path.sh'
[1.632s] Level 1:colcon.colcon_core.environment:checking '/home/wapush/AGV/bumperbot_ws/install/bumperbot_cpp_examples/bin'
[1.632s] Level 1:colcon.colcon_core.environment:checking '/home/wapush/AGV/bumperbot_ws/install/bumperbot_cpp_examples/lib/pkgconfig/bumperbot_cpp_examples.pc'
[1.632s] Level 1:colcon.colcon_core.environment:checking '/home/wapush/AGV/bumperbot_ws/install/bumperbot_cpp_examples/lib/python3.10/site-packages'
[1.632s] Level 1:colcon.colcon_core.environment:checking '/home/wapush/AGV/bumperbot_ws/install/bumperbot_cpp_examples/bin'
[1.632s] INFO:colcon.colcon_core.shell:Creating package script '/home/wapush/AGV/bumperbot_ws/install/bumperbot_cpp_examples/share/bumperbot_cpp_examples/package.ps1'
[1.633s] INFO:colcon.colcon_core.shell:Creating package descriptor '/home/wapush/AGV/bumperbot_ws/install/bumperbot_cpp_examples/share/bumperbot_cpp_examples/package.dsv'
[1.633s] INFO:colcon.colcon_core.shell:Creating package script '/home/wapush/AGV/bumperbot_ws/install/bumperbot_cpp_examples/share/bumperbot_cpp_examples/package.sh'
[1.633s] INFO:colcon.colcon_core.shell:Creating package script '/home/wapush/AGV/bumperbot_ws/install/bumperbot_cpp_examples/share/bumperbot_cpp_examples/package.bash'
[1.633s] INFO:colcon.colcon_core.shell:Creating package script '/home/wapush/AGV/bumperbot_ws/install/bumperbot_cpp_examples/share/bumperbot_cpp_examples/package.zsh'
[1.634s] Level 1:colcon.colcon_core.environment:create_file_with_runtime_dependencies(/home/wapush/AGV/bumperbot_ws/install/bumperbot_cpp_examples/share/colcon-core/packages/bumperbot_cpp_examples)
[1.641s] Level 1:colcon.colcon_core.environment:create_environment_scripts_only(bumperbot_description)
[1.641s] Level 1:colcon.colcon_core.environment:checking '/home/wapush/AGV/bumperbot_ws/install/bumperbot_description' for CMake module files
[1.642s] Level 1:colcon.colcon_core.environment:checking '/home/wapush/AGV/bumperbot_ws/install/bumperbot_description' for CMake config files
[1.642s] Level 1:colcon.colcon_core.shell:create_environment_hook('bumperbot_description', 'cmake_prefix_path')
[1.642s] INFO:colcon.colcon_core.shell:Creating environment hook '/home/wapush/AGV/bumperbot_ws/install/bumperbot_description/share/bumperbot_description/hook/cmake_prefix_path.ps1'
[1.642s] INFO:colcon.colcon_core.shell:Creating environment descriptor '/home/wapush/AGV/bumperbot_ws/install/bumperbot_description/share/bumperbot_description/hook/cmake_prefix_path.dsv'
[1.642s] INFO:colcon.colcon_core.shell:Creating environment hook '/home/wapush/AGV/bumperbot_ws/install/bumperbot_description/share/bumperbot_description/hook/cmake_prefix_path.sh'
[1.643s] Level 1:colcon.colcon_core.environment:checking '/home/wapush/AGV/bumperbot_ws/install/bumperbot_description/bin'
[1.643s] Level 1:colcon.colcon_core.environment:checking '/home/wapush/AGV/bumperbot_ws/install/bumperbot_description/lib/pkgconfig/bumperbot_description.pc'
[1.643s] Level 1:colcon.colcon_core.environment:checking '/home/wapush/AGV/bumperbot_ws/install/bumperbot_description/lib/python3.10/site-packages'
[1.643s] Level 1:colcon.colcon_core.environment:checking '/home/wapush/AGV/bumperbot_ws/install/bumperbot_description/bin'
[1.643s] INFO:colcon.colcon_core.shell:Creating package script '/home/wapush/AGV/bumperbot_ws/install/bumperbot_description/share/bumperbot_description/package.ps1'
[1.643s] INFO:colcon.colcon_core.shell:Creating package descriptor '/home/wapush/AGV/bumperbot_ws/install/bumperbot_description/share/bumperbot_description/package.dsv'
[1.644s] INFO:colcon.colcon_core.shell:Creating package script '/home/wapush/AGV/bumperbot_ws/install/bumperbot_description/share/bumperbot_description/package.sh'
[1.644s] INFO:colcon.colcon_core.shell:Creating package script '/home/wapush/AGV/bumperbot_ws/install/bumperbot_description/share/bumperbot_description/package.bash'
[1.644s] INFO:colcon.colcon_core.shell:Creating package script '/home/wapush/AGV/bumperbot_ws/install/bumperbot_description/share/bumperbot_description/package.zsh'
[1.644s] Level 1:colcon.colcon_core.environment:create_file_with_runtime_dependencies(/home/wapush/AGV/bumperbot_ws/install/bumperbot_description/share/colcon-core/packages/bumperbot_description)
[7.052s] DEBUG:colcon.colcon_core.event_handler.log_command:Invoked command in '/home/wapush/AGV/bumperbot_ws/build/bumperbot_controller' returned '0': CMAKE_PREFIX_PATH=/opt/ros/humble /usr/bin/cmake /home/wapush/AGV/bumperbot_ws/src/bumperbot_controller -DCMAKE_INSTALL_PREFIX=/home/wapush/AGV/bumperbot_ws/install/bumperbot_controller
[7.053s] DEBUG:colcon.colcon_core.event_handler.log_command:Invoking command in '/home/wapush/AGV/bumperbot_ws/build/bumperbot_controller': CMAKE_PREFIX_PATH=/opt/ros/humble /usr/bin/cmake --build /home/wapush/AGV/bumperbot_ws/build/bumperbot_controller -- -j20 -l20
[18.281s] DEBUG:colcon.colcon_core.event_handler.log_command:Invoked command in '/home/wapush/AGV/bumperbot_ws/build/bumperbot_controller' returned '0': CMAKE_PREFIX_PATH=/opt/ros/humble /usr/bin/cmake --build /home/wapush/AGV/bumperbot_ws/build/bumperbot_controller -- -j20 -l20
[18.296s] DEBUG:colcon.colcon_core.event_handler.log_command:Invoking command in '/home/wapush/AGV/bumperbot_ws/build/bumperbot_controller': CMAKE_PREFIX_PATH=/opt/ros/humble /usr/bin/cmake --install /home/wapush/AGV/bumperbot_ws/build/bumperbot_controller
[18.337s] Level 1:colcon.colcon_core.environment:create_environment_scripts_only(bumperbot_controller)
[18.338s] Level 1:colcon.colcon_core.environment:checking '/home/wapush/AGV/bumperbot_ws/install/bumperbot_controller' for CMake module files
[18.338s] DEBUG:colcon.colcon_core.event_handler.log_command:Invoked command in '/home/wapush/AGV/bumperbot_ws/build/bumperbot_controller' returned '0': CMAKE_PREFIX_PATH=/opt/ros/humble /usr/bin/cmake --install /home/wapush/AGV/bumperbot_ws/build/bumperbot_controller
[18.338s] Level 1:colcon.colcon_core.environment:checking '/home/wapush/AGV/bumperbot_ws/install/bumperbot_controller' for CMake config files
[18.338s] Level 1:colcon.colcon_core.shell:create_environment_hook('bumperbot_controller', 'cmake_prefix_path')
[18.338s] INFO:colcon.colcon_core.shell:Creating environment hook '/home/wapush/AGV/bumperbot_ws/install/bumperbot_controller/share/bumperbot_controller/hook/cmake_prefix_path.ps1'
[18.339s] INFO:colcon.colcon_core.shell:Creating environment descriptor '/home/wapush/AGV/bumperbot_ws/install/bumperbot_controller/share/bumperbot_controller/hook/cmake_prefix_path.dsv'
[18.339s] INFO:colcon.colcon_core.shell:Creating environment hook '/home/wapush/AGV/bumperbot_ws/install/bumperbot_controller/share/bumperbot_controller/hook/cmake_prefix_path.sh'
[18.339s] Level 1:colcon.colcon_core.environment:checking '/home/wapush/AGV/bumperbot_ws/install/bumperbot_controller/lib'
[18.339s] Level 1:colcon.colcon_core.environment:checking '/home/wapush/AGV/bumperbot_ws/install/bumperbot_controller/bin'
[18.339s] Level 1:colcon.colcon_core.environment:checking '/home/wapush/AGV/bumperbot_ws/install/bumperbot_controller/lib/pkgconfig/bumperbot_controller.pc'
[18.339s] Level 1:colcon.colcon_core.environment:checking '/home/wapush/AGV/bumperbot_ws/install/bumperbot_controller/lib/python3.10/site-packages'
[18.339s] Level 1:colcon.colcon_core.environment:checking '/home/wapush/AGV/bumperbot_ws/install/bumperbot_controller/bin'
[18.339s] INFO:colcon.colcon_core.shell:Creating package script '/home/wapush/AGV/bumperbot_ws/install/bumperbot_controller/share/bumperbot_controller/package.ps1'
[18.340s] INFO:colcon.colcon_core.shell:Creating package descriptor '/home/wapush/AGV/bumperbot_ws/install/bumperbot_controller/share/bumperbot_controller/package.dsv'
[18.340s] INFO:colcon.colcon_core.shell:Creating package script '/home/wapush/AGV/bumperbot_ws/install/bumperbot_controller/share/bumperbot_controller/package.sh'
[18.340s] INFO:colcon.colcon_core.shell:Creating package script '/home/wapush/AGV/bumperbot_ws/install/bumperbot_controller/share/bumperbot_controller/package.bash'
[18.340s] INFO:colcon.colcon_core.shell:Creating package script '/home/wapush/AGV/bumperbot_ws/install/bumperbot_controller/share/bumperbot_controller/package.zsh'
[18.341s] Level 1:colcon.colcon_core.environment:create_file_with_runtime_dependencies(/home/wapush/AGV/bumperbot_ws/install/bumperbot_controller/share/colcon-core/packages/bumperbot_controller)
[18.356s] Level 1:colcon.colcon_core.environment:create_environment_scripts_only(bumperbot_controller)
[18.356s] Level 1:colcon.colcon_core.environment:checking '/home/wapush/AGV/bumperbot_ws/install/bumperbot_controller' for CMake module files
[18.357s] Level 1:colcon.colcon_core.environment:checking '/home/wapush/AGV/bumperbot_ws/install/bumperbot_controller' for CMake config files
[18.357s] Level 1:colcon.colcon_core.shell:create_environment_hook('bumperbot_controller', 'cmake_prefix_path')
[18.357s] INFO:colcon.colcon_core.shell:Creating environment hook '/home/wapush/AGV/bumperbot_ws/install/bumperbot_controller/share/bumperbot_controller/hook/cmake_prefix_path.ps1'
[18.357s] INFO:colcon.colcon_core.shell:Creating environment descriptor '/home/wapush/AGV/bumperbot_ws/install/bumperbot_controller/share/bumperbot_controller/hook/cmake_prefix_path.dsv'
[18.357s] INFO:colcon.colcon_core.shell:Creating environment hook '/home/wapush/AGV/bumperbot_ws/install/bumperbot_controller/share/bumperbot_controller/hook/cmake_prefix_path.sh'
[18.358s] Level 1:colcon.colcon_core.environment:checking '/home/wapush/AGV/bumperbot_ws/install/bumperbot_controller/lib'
[18.358s] Level 1:colcon.colcon_core.environment:checking '/home/wapush/AGV/bumperbot_ws/install/bumperbot_controller/bin'
[18.358s] Level 1:colcon.colcon_core.environment:checking '/home/wapush/AGV/bumperbot_ws/install/bumperbot_controller/lib/pkgconfig/bumperbot_controller.pc'
[18.358s] Level 1:colcon.colcon_core.environment:checking '/home/wapush/AGV/bumperbot_ws/install/bumperbot_controller/lib/python3.10/site-packages'
[18.358s] Level 1:colcon.colcon_core.environment:checking '/home/wapush/AGV/bumperbot_ws/install/bumperbot_controller/bin'
[18.358s] INFO:colcon.colcon_core.shell:Creating package script '/home/wapush/AGV/bumperbot_ws/install/bumperbot_controller/share/bumperbot_controller/package.ps1'
[18.358s] INFO:colcon.colcon_core.shell:Creating package descriptor '/home/wapush/AGV/bumperbot_ws/install/bumperbot_controller/share/bumperbot_controller/package.dsv'
[18.359s] INFO:colcon.colcon_core.shell:Creating package script '/home/wapush/AGV/bumperbot_ws/install/bumperbot_controller/share/bumperbot_controller/package.sh'
[18.359s] INFO:colcon.colcon_core.shell:Creating package script '/home/wapush/AGV/bumperbot_ws/install/bumperbot_controller/share/bumperbot_controller/package.bash'
[18.359s] INFO:colcon.colcon_core.shell:Creating package script '/home/wapush/AGV/bumperbot_ws/install/bumperbot_controller/share/bumperbot_controller/package.zsh'
[18.359s] Level 1:colcon.colcon_core.environment:create_file_with_runtime_dependencies(/home/wapush/AGV/bumperbot_ws/install/bumperbot_controller/share/colcon-core/packages/bumperbot_controller)
[18.359s] DEBUG:colcon.colcon_parallel_executor.executor.parallel:closing loop
[18.359s] DEBUG:colcon.colcon_parallel_executor.executor.parallel:loop closed
[18.360s] DEBUG:colcon.colcon_parallel_executor.executor.parallel:run_until_complete finished with '0'
[18.360s] DEBUG:colcon.colcon_core.event_reactor:joining thread
[18.397s] INFO:colcon.colcon_core.plugin_system:Skipping extension 'colcon_notification.desktop_notification.notify_send': Could not find 'notify-send'
[18.397s] INFO:colcon.colcon_core.plugin_system:Skipping extension 'colcon_notification.desktop_notification.terminal_notifier': Not used on non-Darwin systems
[18.397s] INFO:colcon.colcon_core.plugin_system:Skipping extension 'colcon_notification.desktop_notification.win32': Not used on non-Windows systems
[18.397s] INFO:colcon.colcon_notification.desktop_notification:Sending desktop notification using 'notify2'
[18.398s] DEBUG:colcon.colcon_notification.desktop_notification.notify2:Failed to initialize notify2: org.freedesktop.DBus.Error.FileNotFound: Failed to connect to socket /run/user/1000/bus: No such file or directory
[18.398s] DEBUG:colcon.colcon_core.event_reactor:joined thread
[18.398s] INFO:colcon.colcon_core.shell:Creating prefix script '/home/wapush/AGV/bumperbot_ws/install/local_setup.ps1'
[18.399s] INFO:colcon.colcon_core.shell:Creating prefix util module '/home/wapush/AGV/bumperbot_ws/install/_local_setup_util_ps1.py'
[18.400s] INFO:colcon.colcon_core.shell:Creating prefix chain script '/home/wapush/AGV/bumperbot_ws/install/setup.ps1'
[18.401s] INFO:colcon.colcon_core.shell:Creating prefix script '/home/wapush/AGV/bumperbot_ws/install/local_setup.sh'
[18.401s] INFO:colcon.colcon_core.shell:Creating prefix util module '/home/wapush/AGV/bumperbot_ws/install/_local_setup_util_sh.py'
[18.401s] INFO:colcon.colcon_core.shell:Creating prefix chain script '/home/wapush/AGV/bumperbot_ws/install/setup.sh'
[18.403s] INFO:colcon.colcon_core.shell:Creating prefix script '/home/wapush/AGV/bumperbot_ws/install/local_setup.bash'
[18.403s] INFO:colcon.colcon_core.shell:Creating prefix chain script '/home/wapush/AGV/bumperbot_ws/install/setup.bash'
[18.404s] INFO:colcon.colcon_core.shell:Creating prefix script '/home/wapush/AGV/bumperbot_ws/install/local_setup.zsh'
[18.405s] INFO:colcon.colcon_core.shell:Creating prefix chain script '/home/wapush/AGV/bumperbot_ws/install/setup.zsh'
