[0.015s] Invoking command in '/home/wapush/AGV/bumperbot_ws/build/bumperbot_description': CMAKE_PREFIX_PATH=/opt/ros/humble /usr/bin/cmake --build /home/wapush/AGV/bumperbot_ws/build/bumperbot_description -- -j20 -l20
[0.172s] Invoked command in '/home/wapush/AGV/bumperbot_ws/build/bumperbot_description' returned '0': CMAKE_PREFIX_PATH=/opt/ros/humble /usr/bin/cmake --build /home/wapush/AGV/bumperbot_ws/build/bumperbot_description -- -j20 -l20
[0.192s] Invoking command in '/home/wapush/AGV/bumperbot_ws/build/bumperbot_description': CMAKE_PREFIX_PATH=/opt/ros/humble /usr/bin/cmake --install /home/wapush/AGV/bumperbot_ws/build/bumperbot_description
[0.198s] -- Install configuration: ""
[0.200s] -- Up-to-date: /home/wapush/AGV/bumperbot_ws/install/bumperbot_description/share/bumperbot_description/meshes
[0.200s] -- Up-to-date: /home/wapush/AGV/bumperbot_ws/install/bumperbot_description/share/bumperbot_description/meshes/wheel_left_link.STL
[0.201s] -- Up-to-date: /home/wapush/AGV/bumperbot_ws/install/bumperbot_description/share/bumperbot_description/meshes/wheel_left_link.STL:Zone.Identifier
[0.201s] -- Up-to-date: /home/wapush/AGV/bumperbot_ws/install/bumperbot_description/share/bumperbot_description/meshes/wheel_right_link.STL:Zone.Identifier
[0.201s] -- Up-to-date: /home/wapush/AGV/bumperbot_ws/install/bumperbot_description/share/bumperbot_description/meshes/caster_front_link.STL
[0.201s] -- Up-to-date: /home/wapush/AGV/bumperbot_ws/install/bumperbot_description/share/bumperbot_description/meshes/wheel_right_link.STL
[0.201s] -- Up-to-date: /home/wapush/AGV/bumperbot_ws/install/bumperbot_description/share/bumperbot_description/meshes/base_link.STL:Zone.Identifier
[0.202s] -- Up-to-date: /home/wapush/AGV/bumperbot_ws/install/bumperbot_description/share/bumperbot_description/meshes/caster_front_link.STL:Zone.Identifier
[0.202s] -- Up-to-date: /home/wapush/AGV/bumperbot_ws/install/bumperbot_description/share/bumperbot_description/meshes/imu_link.STL
[0.202s] -- Up-to-date: /home/wapush/AGV/bumperbot_ws/install/bumperbot_description/share/bumperbot_description/meshes/imu_link.STL:Zone.Identifier
[0.202s] -- Up-to-date: /home/wapush/AGV/bumperbot_ws/install/bumperbot_description/share/bumperbot_description/meshes/base_link.STL
[0.202s] -- Up-to-date: /home/wapush/AGV/bumperbot_ws/install/bumperbot_description/share/bumperbot_description/meshes/caster_rear_link.STL:Zone.Identifier
[0.202s] -- Up-to-date: /home/wapush/AGV/bumperbot_ws/install/bumperbot_description/share/bumperbot_description/meshes/caster_rear_link.STL
[0.202s] -- Up-to-date: /home/wapush/AGV/bumperbot_ws/install/bumperbot_description/share/bumperbot_description/urdf
[0.202s] -- Up-to-date: /home/wapush/AGV/bumperbot_ws/install/bumperbot_description/share/bumperbot_description/urdf/bumperbot_ros2_control.xacro
[0.202s] -- Up-to-date: /home/wapush/AGV/bumperbot_ws/install/bumperbot_description/share/bumperbot_description/urdf/bumperbot.urdf.xacro
[0.202s] -- Up-to-date: /home/wapush/AGV/bumperbot_ws/install/bumperbot_description/share/bumperbot_description/urdf/bumperbot.gazebo.xacro
[0.202s] -- Up-to-date: /home/wapush/AGV/bumperbot_ws/install/bumperbot_description/share/bumperbot_description/launch
[0.202s] -- Up-to-date: /home/wapush/AGV/bumperbot_ws/install/bumperbot_description/share/bumperbot_description/launch/display.launch.py
[0.202s] -- Up-to-date: /home/wapush/AGV/bumperbot_ws/install/bumperbot_description/share/bumperbot_description/launch/gazebo.launch.py
[0.203s] -- Up-to-date: /home/wapush/AGV/bumperbot_ws/install/bumperbot_description/share/bumperbot_description/rviz
[0.203s] -- Up-to-date: /home/wapush/AGV/bumperbot_ws/install/bumperbot_description/share/bumperbot_description/rviz/display.rviz
[0.203s] -- Up-to-date: /home/wapush/AGV/bumperbot_ws/install/bumperbot_description/share/bumperbot_description/models
[0.203s] -- Up-to-date: /home/wapush/AGV/bumperbot_ws/install/bumperbot_description/share/bumperbot_description/models/ground_plane
[0.203s] -- Up-to-date: /home/wapush/AGV/bumperbot_ws/install/bumperbot_description/share/bumperbot_description/models/ground_plane/model.sdf:Zone.Identifier
[0.204s] -- Up-to-date: /home/wapush/AGV/bumperbot_ws/install/bumperbot_description/share/bumperbot_description/models/ground_plane/model-1_2.sdf
[0.204s] -- Up-to-date: /home/wapush/AGV/bumperbot_ws/install/bumperbot_description/share/bumperbot_description/models/ground_plane/model-1_2.sdf:Zone.Identifier
[0.204s] -- Up-to-date: /home/wapush/AGV/bumperbot_ws/install/bumperbot_description/share/bumperbot_description/models/ground_plane/model.config:Zone.Identifier
[0.204s] -- Up-to-date: /home/wapush/AGV/bumperbot_ws/install/bumperbot_description/share/bumperbot_description/models/ground_plane/model-1_4.sdf:Zone.Identifier
[0.204s] -- Up-to-date: /home/wapush/AGV/bumperbot_ws/install/bumperbot_description/share/bumperbot_description/models/ground_plane/model-1_4.sdf
[0.204s] -- Up-to-date: /home/wapush/AGV/bumperbot_ws/install/bumperbot_description/share/bumperbot_description/models/ground_plane/model-1_3.sdf:Zone.Identifier
[0.205s] -- Up-to-date: /home/wapush/AGV/bumperbot_ws/install/bumperbot_description/share/bumperbot_description/models/ground_plane/model.config
[0.205s] -- Up-to-date: /home/wapush/AGV/bumperbot_ws/install/bumperbot_description/share/bumperbot_description/models/ground_plane/model.sdf
[0.205s] -- Up-to-date: /home/wapush/AGV/bumperbot_ws/install/bumperbot_description/share/bumperbot_description/models/ground_plane/model-1_3.sdf
[0.205s] -- Up-to-date: /home/wapush/AGV/bumperbot_ws/install/bumperbot_description/share/bumperbot_description/models/sun
[0.205s] -- Up-to-date: /home/wapush/AGV/bumperbot_ws/install/bumperbot_description/share/bumperbot_description/models/sun/model.sdf:Zone.Identifier
[0.205s] -- Up-to-date: /home/wapush/AGV/bumperbot_ws/install/bumperbot_description/share/bumperbot_description/models/sun/model-1_2.sdf
[0.205s] -- Up-to-date: /home/wapush/AGV/bumperbot_ws/install/bumperbot_description/share/bumperbot_description/models/sun/model-1_2.sdf:Zone.Identifier
[0.205s] -- Up-to-date: /home/wapush/AGV/bumperbot_ws/install/bumperbot_description/share/bumperbot_description/models/sun/model.config:Zone.Identifier
[0.205s] -- Up-to-date: /home/wapush/AGV/bumperbot_ws/install/bumperbot_description/share/bumperbot_description/models/sun/model-1_4.sdf:Zone.Identifier
[0.205s] -- Up-to-date: /home/wapush/AGV/bumperbot_ws/install/bumperbot_description/share/bumperbot_description/models/sun/model-1_4.sdf
[0.206s] -- Up-to-date: /home/wapush/AGV/bumperbot_ws/install/bumperbot_description/share/bumperbot_description/models/sun/model-1_3.sdf:Zone.Identifier
[0.206s] -- Up-to-date: /home/wapush/AGV/bumperbot_ws/install/bumperbot_description/share/bumperbot_description/models/sun/model.config
[0.206s] -- Up-to-date: /home/wapush/AGV/bumperbot_ws/install/bumperbot_description/share/bumperbot_description/models/sun/model.sdf
[0.206s] -- Up-to-date: /home/wapush/AGV/bumperbot_ws/install/bumperbot_description/share/bumperbot_description/models/sun/model-1_3.sdf
[0.206s] -- Up-to-date: /home/wapush/AGV/bumperbot_ws/install/bumperbot_description/share/ament_index/resource_index/package_run_dependencies/bumperbot_description
[0.206s] -- Up-to-date: /home/wapush/AGV/bumperbot_ws/install/bumperbot_description/share/ament_index/resource_index/parent_prefix_path/bumperbot_description
[0.206s] -- Up-to-date: /home/wapush/AGV/bumperbot_ws/install/bumperbot_description/share/bumperbot_description/environment/ament_prefix_path.sh
[0.206s] -- Up-to-date: /home/wapush/AGV/bumperbot_ws/install/bumperbot_description/share/bumperbot_description/environment/ament_prefix_path.dsv
[0.206s] -- Up-to-date: /home/wapush/AGV/bumperbot_ws/install/bumperbot_description/share/bumperbot_description/environment/path.sh
[0.207s] -- Up-to-date: /home/wapush/AGV/bumperbot_ws/install/bumperbot_description/share/bumperbot_description/environment/path.dsv
[0.207s] -- Up-to-date: /home/wapush/AGV/bumperbot_ws/install/bumperbot_description/share/bumperbot_description/local_setup.bash
[0.207s] -- Up-to-date: /home/wapush/AGV/bumperbot_ws/install/bumperbot_description/share/bumperbot_description/local_setup.sh
[0.207s] -- Up-to-date: /home/wapush/AGV/bumperbot_ws/install/bumperbot_description/share/bumperbot_description/local_setup.zsh
[0.207s] -- Up-to-date: /home/wapush/AGV/bumperbot_ws/install/bumperbot_description/share/bumperbot_description/local_setup.dsv
[0.207s] -- Installing: /home/wapush/AGV/bumperbot_ws/install/bumperbot_description/share/bumperbot_description/package.dsv
[0.208s] -- Up-to-date: /home/wapush/AGV/bumperbot_ws/install/bumperbot_description/share/ament_index/resource_index/packages/bumperbot_description
[0.208s] -- Up-to-date: /home/wapush/AGV/bumperbot_ws/install/bumperbot_description/share/bumperbot_description/cmake/bumperbot_descriptionConfig.cmake
[0.208s] -- Up-to-date: /home/wapush/AGV/bumperbot_ws/install/bumperbot_description/share/bumperbot_description/cmake/bumperbot_descriptionConfig-version.cmake
[0.209s] -- Up-to-date: /home/wapush/AGV/bumperbot_ws/install/bumperbot_description/share/bumperbot_description/package.xml
[0.211s] Invoked command in '/home/wapush/AGV/bumperbot_ws/build/bumperbot_description' returned '0': CMAKE_PREFIX_PATH=/opt/ros/humble /usr/bin/cmake --install /home/wapush/AGV/bumperbot_ws/build/bumperbot_description
