[0.021s] Invoking command in '/home/wapush/AGV/bumperbot_ws/build/bumperbot_controller': CMAKE_PREFIX_PATH=/opt/ros/humble /usr/bin/cmake /home/wapush/AGV/bumperbot_ws/src/bumperbot_controller -DCMAKE_INSTALL_PREFIX=/home/wapush/AGV/bumperbot_ws/install/bumperbot_controller
[0.188s] -- The C compiler identification is GNU 11.4.0
[0.551s] -- The CXX compiler identification is GNU 11.4.0
[0.692s] -- Detecting C compiler ABI info
[0.784s] -- Detecting C compiler ABI info - done
[0.788s] -- Check for working C compiler: /usr/bin/cc - skipped
[0.788s] -- Detecting C compile features
[0.788s] -- Detecting C compile features - done
[0.790s] -- Detecting CXX compiler ABI info
[0.872s] -- Detecting CXX compiler ABI info - done
[0.877s] -- Check for working CXX compiler: /usr/bin/c++ - skipped
[0.877s] -- Detecting CXX compile features
[0.877s] -- Detecting CXX compile features - done
[0.891s] -- Found ament_cmake: 1.3.10 (/opt/ros/humble/share/ament_cmake/cmake)
[0.982s] -- Found Python3: /usr/bin/python3 (found version "3.10.12") found components: Interpreter 
[1.052s] -- Found rclpy: 3.3.14 (/opt/ros/humble/share/rclpy/cmake)
[1.053s] -- Found std_msgs: 4.2.4 (/opt/ros/humble/share/std_msgs/cmake)
[1.266s] -- Found rosidl_generator_c: 3.1.5 (/opt/ros/humble/share/rosidl_generator_c/cmake)
[1.271s] -- Found rosidl_adapter: 3.1.5 (/opt/ros/humble/share/rosidl_adapter/cmake)
[1.279s] -- Found rosidl_generator_cpp: 3.1.5 (/opt/ros/humble/share/rosidl_generator_cpp/cmake)
[1.292s] -- Using all available rosidl_typesupport_c: rosidl_typesupport_fastrtps_c;rosidl_typesupport_introspection_c
[1.305s] -- Using all available rosidl_typesupport_cpp: rosidl_typesupport_fastrtps_cpp;rosidl_typesupport_introspection_cpp
[1.331s] -- Found geometry_msgs: 4.2.4 (/opt/ros/humble/share/geometry_msgs/cmake)
[1.342s] -- Found sensor_msgs: 4.2.4 (/opt/ros/humble/share/sensor_msgs/cmake)
[1.357s] -- Found nav_msgs: 4.2.4 (/opt/ros/humble/share/nav_msgs/cmake)
[1.372s] -- Found tf2: 0.25.7 (/opt/ros/humble/share/tf2/cmake)
[1.381s] -- Found tf2_ros: 0.25.7 (/opt/ros/humble/share/tf2_ros/cmake)
[1.437s] -- Found rmw_implementation_cmake: 6.1.2 (/opt/ros/humble/share/rmw_implementation_cmake/cmake)
[1.439s] -- Found rmw_fastrtps_cpp: 6.2.7 (/opt/ros/humble/share/rmw_fastrtps_cpp/cmake)
[2.665s] -- Found OpenSSL: /usr/lib/x86_64-linux-gnu/libcrypto.so (found version "3.0.2")  
[3.897s] -- Found FastRTPS: /opt/ros/humble/include  
[6.186s] -- Using RMW implementation 'rmw_fastrtps_cpp' as default
[6.196s] -- Looking for pthread.h
[6.299s] -- Looking for pthread.h - found
[6.299s] -- Performing Test CMAKE_HAVE_LIBC_PTHREAD
[6.397s] -- Performing Test CMAKE_HAVE_LIBC_PTHREAD - Success
[6.398s] -- Found Threads: TRUE  
[6.539s] -- Found ament_lint_auto: 0.12.11 (/opt/ros/humble/share/ament_lint_auto/cmake)
[6.583s] -- Added test 'cppcheck' to perform static code analysis on C / C++ code
[6.583s] -- Configured cppcheck include dirs: /home/wapush/AGV/bumperbot_ws/src/bumperbot_controller/include
[6.583s] -- Configured cppcheck exclude dirs and/or files: 
[6.583s] -- Added test 'flake8' to check Python code syntax and style conventions
[6.583s] -- Added test 'lint_cmake' to check CMake code style
[6.584s] -- Added test 'pep257' to check Python code against some of the docstring style conventions in PEP 257
[6.584s] -- Added test 'uncrustify' to check C / C++ code style
[6.584s] -- Configured uncrustify additional arguments: 
[6.585s] -- Added test 'xmllint' to check XML markup files
[6.585s] -- Configuring done
[6.596s] -- Generating done
[6.598s] -- Build files have been written to: /home/wapush/AGV/bumperbot_ws/build/bumperbot_controller
[6.606s] Invoked command in '/home/wapush/AGV/bumperbot_ws/build/bumperbot_controller' returned '0': CMAKE_PREFIX_PATH=/opt/ros/humble /usr/bin/cmake /home/wapush/AGV/bumperbot_ws/src/bumperbot_controller -DCMAKE_INSTALL_PREFIX=/home/wapush/AGV/bumperbot_ws/install/bumperbot_controller
[6.607s] Invoking command in '/home/wapush/AGV/bumperbot_ws/build/bumperbot_controller': CMAKE_PREFIX_PATH=/opt/ros/humble /usr/bin/cmake --build /home/wapush/AGV/bumperbot_ws/build/bumperbot_controller -- -j20 -l20
[6.632s] [ 50%] [32mBuilding CXX object CMakeFiles/simple_speed_controller.dir/src/simple_speed_controller.cpp.o[0m
[6.636s] [ 50%] Built target ament_cmake_python_copy_bumperbot_controller
[6.761s] running egg_info
[6.761s] creating bumperbot_controller.egg-info
[6.761s] writing bumperbot_controller.egg-info/PKG-INFO
[6.762s] writing dependency_links to bumperbot_controller.egg-info/dependency_links.txt
[6.762s] writing top-level names to bumperbot_controller.egg-info/top_level.txt
[6.762s] writing manifest file 'bumperbot_controller.egg-info/SOURCES.txt'
[6.763s] reading manifest file 'bumperbot_controller.egg-info/SOURCES.txt'
[6.763s] writing manifest file 'bumperbot_controller.egg-info/SOURCES.txt'
[6.779s] [ 50%] Built target ament_cmake_python_build_bumperbot_controller_egg
[17.390s] [100%] [32m[1mLinking CXX executable simple_speed_controller[0m
[17.829s] [100%] Built target simple_speed_controller
[17.835s] Invoked command in '/home/wapush/AGV/bumperbot_ws/build/bumperbot_controller' returned '0': CMAKE_PREFIX_PATH=/opt/ros/humble /usr/bin/cmake --build /home/wapush/AGV/bumperbot_ws/build/bumperbot_controller -- -j20 -l20
[17.850s] Invoking command in '/home/wapush/AGV/bumperbot_ws/build/bumperbot_controller': CMAKE_PREFIX_PATH=/opt/ros/humble /usr/bin/cmake --install /home/wapush/AGV/bumperbot_ws/build/bumperbot_controller
[17.854s] -- Install configuration: ""
[17.854s] -- Installing: /home/wapush/AGV/bumperbot_ws/install/bumperbot_controller/share/bumperbot_controller/environment/pythonpath.sh
[17.854s] -- Installing: /home/wapush/AGV/bumperbot_ws/install/bumperbot_controller/share/bumperbot_controller/environment/pythonpath.dsv
[17.854s] -- Installing: /home/wapush/AGV/bumperbot_ws/install/bumperbot_controller/local/lib/python3.10/dist-packages/bumperbot_controller-0.0.0-py3.10.egg-info
[17.855s] -- Installing: /home/wapush/AGV/bumperbot_ws/install/bumperbot_controller/local/lib/python3.10/dist-packages/bumperbot_controller-0.0.0-py3.10.egg-info/PKG-INFO
[17.855s] -- Installing: /home/wapush/AGV/bumperbot_ws/install/bumperbot_controller/local/lib/python3.10/dist-packages/bumperbot_controller-0.0.0-py3.10.egg-info/top_level.txt
[17.855s] -- Installing: /home/wapush/AGV/bumperbot_ws/install/bumperbot_controller/local/lib/python3.10/dist-packages/bumperbot_controller-0.0.0-py3.10.egg-info/dependency_links.txt
[17.856s] -- Installing: /home/wapush/AGV/bumperbot_ws/install/bumperbot_controller/local/lib/python3.10/dist-packages/bumperbot_controller-0.0.0-py3.10.egg-info/SOURCES.txt
[17.856s] -- Installing: /home/wapush/AGV/bumperbot_ws/install/bumperbot_controller/local/lib/python3.10/dist-packages/bumperbot_controller
[17.856s] -- Installing: /home/wapush/AGV/bumperbot_ws/install/bumperbot_controller/local/lib/python3.10/dist-packages/bumperbot_controller/simple_speed_controller.py
[17.856s] -- Installing: /home/wapush/AGV/bumperbot_ws/install/bumperbot_controller/local/lib/python3.10/dist-packages/bumperbot_controller/__init__.py
[17.880s] Listing '/home/wapush/AGV/bumperbot_ws/install/bumperbot_controller/local/lib/python3.10/dist-packages/bumperbot_controller'...
[17.880s] Compiling '/home/wapush/AGV/bumperbot_ws/install/bumperbot_controller/local/lib/python3.10/dist-packages/bumperbot_controller/__init__.py'...
[17.880s] Compiling '/home/wapush/AGV/bumperbot_ws/install/bumperbot_controller/local/lib/python3.10/dist-packages/bumperbot_controller/simple_speed_controller.py'...
[17.882s] -- Installing: /home/wapush/AGV/bumperbot_ws/install/bumperbot_controller/include/include
[17.883s] -- Installing: /home/wapush/AGV/bumperbot_ws/install/bumperbot_controller/include/include/bumperbot_controller
[17.883s] -- Installing: /home/wapush/AGV/bumperbot_ws/install/bumperbot_controller/include/include/bumperbot_controller/simple_speed_controller.hpp
[17.883s] -- Installing: /home/wapush/AGV/bumperbot_ws/install/bumperbot_controller/lib/bumperbot_controller/simple_speed_controller
[17.886s] -- Set runtime path of "/home/wapush/AGV/bumperbot_ws/install/bumperbot_controller/lib/bumperbot_controller/simple_speed_controller" to ""
[17.886s] -- Installing: /home/wapush/AGV/bumperbot_ws/install/bumperbot_controller/lib/bumperbot_controller/simple_speed_controller.py
[17.886s] -- Installing: /home/wapush/AGV/bumperbot_ws/install/bumperbot_controller/share/bumperbot_controller/config
[17.887s] -- Installing: /home/wapush/AGV/bumperbot_ws/install/bumperbot_controller/share/bumperbot_controller/config/joy_config.yaml
[17.887s] -- Installing: /home/wapush/AGV/bumperbot_ws/install/bumperbot_controller/share/bumperbot_controller/config/joy_teleop.yaml
[17.887s] -- Installing: /home/wapush/AGV/bumperbot_ws/install/bumperbot_controller/share/bumperbot_controller/config/bumperbot_controllers.yaml
[17.887s] -- Installing: /home/wapush/AGV/bumperbot_ws/install/bumperbot_controller/share/bumperbot_controller/launch
[17.887s] -- Installing: /home/wapush/AGV/bumperbot_ws/install/bumperbot_controller/share/bumperbot_controller/launch/joystick_teleop.launch.py
[17.887s] -- Installing: /home/wapush/AGV/bumperbot_ws/install/bumperbot_controller/share/bumperbot_controller/launch/controller.launch.py
[17.888s] -- Installing: /home/wapush/AGV/bumperbot_ws/install/bumperbot_controller/share/ament_index/resource_index/package_run_dependencies/bumperbot_controller
[17.889s] -- Installing: /home/wapush/AGV/bumperbot_ws/install/bumperbot_controller/share/ament_index/resource_index/parent_prefix_path/bumperbot_controller
[17.889s] -- Installing: /home/wapush/AGV/bumperbot_ws/install/bumperbot_controller/share/bumperbot_controller/environment/ament_prefix_path.sh
[17.889s] -- Installing: /home/wapush/AGV/bumperbot_ws/install/bumperbot_controller/share/bumperbot_controller/environment/ament_prefix_path.dsv
[17.889s] -- Installing: /home/wapush/AGV/bumperbot_ws/install/bumperbot_controller/share/bumperbot_controller/environment/path.sh
[17.889s] -- Installing: /home/wapush/AGV/bumperbot_ws/install/bumperbot_controller/share/bumperbot_controller/environment/path.dsv
[17.889s] -- Installing: /home/wapush/AGV/bumperbot_ws/install/bumperbot_controller/share/bumperbot_controller/local_setup.bash
[17.889s] -- Installing: /home/wapush/AGV/bumperbot_ws/install/bumperbot_controller/share/bumperbot_controller/local_setup.sh
[17.889s] -- Installing: /home/wapush/AGV/bumperbot_ws/install/bumperbot_controller/share/bumperbot_controller/local_setup.zsh
[17.889s] -- Installing: /home/wapush/AGV/bumperbot_ws/install/bumperbot_controller/share/bumperbot_controller/local_setup.dsv
[17.889s] -- Installing: /home/wapush/AGV/bumperbot_ws/install/bumperbot_controller/share/bumperbot_controller/package.dsv
[17.889s] -- Installing: /home/wapush/AGV/bumperbot_ws/install/bumperbot_controller/share/ament_index/resource_index/packages/bumperbot_controller
[17.890s] -- Installing: /home/wapush/AGV/bumperbot_ws/install/bumperbot_controller/share/bumperbot_controller/cmake/bumperbot_controllerConfig.cmake
[17.890s] -- Installing: /home/wapush/AGV/bumperbot_ws/install/bumperbot_controller/share/bumperbot_controller/cmake/bumperbot_controllerConfig-version.cmake
[17.890s] -- Installing: /home/wapush/AGV/bumperbot_ws/install/bumperbot_controller/share/bumperbot_controller/package.xml
[17.892s] Invoked command in '/home/wapush/AGV/bumperbot_ws/build/bumperbot_controller' returned '0': CMAKE_PREFIX_PATH=/opt/ros/humble /usr/bin/cmake --install /home/wapush/AGV/bumperbot_ws/build/bumperbot_controller
