[0.028s] Invoking command in '/home/wapush/AGV/bumperbot_ws/build/bumperbot_firmware': CMAKE_PREFIX_PATH=${CMAKE_PREFIX_PATH}:/home/wapush/AGV/bumperbot_ws/install/bumperbot_py_examples:/opt/ros/humble /usr/bin/cmake --build /home/wapush/AGV/bumperbot_ws/build/bumperbot_firmware -- -j20 -l20
[0.103s] [  0%] Built target ament_cmake_python_copy_bumperbot_firmware
[0.104s] [ 33%] Built target simple_serial_receiver
[0.104s] [ 66%] Built target simple_serial_transmitter
[0.105s] [100%] Built target bumperbot_firmware
[0.350s] running egg_info
[0.352s] writing bumperbot_firmware.egg-info/PKG-INFO
[0.353s] writing dependency_links to bumperbot_firmware.egg-info/dependency_links.txt
[0.353s] writing top-level names to bumperbot_firmware.egg-info/top_level.txt
[0.356s] reading manifest file 'bumperbot_firmware.egg-info/SOURCES.txt'
[0.357s] writing manifest file 'bumperbot_firmware.egg-info/SOURCES.txt'
[0.399s] [100%] Built target ament_cmake_python_build_bumperbot_firmware_egg
[0.418s] Invoked command in '/home/wapush/AGV/bumperbot_ws/build/bumperbot_firmware' returned '0': CMAKE_PREFIX_PATH=${CMAKE_PREFIX_PATH}:/home/wapush/AGV/bumperbot_ws/install/bumperbot_py_examples:/opt/ros/humble /usr/bin/cmake --build /home/wapush/AGV/bumperbot_ws/build/bumperbot_firmware -- -j20 -l20
[0.429s] Invoking command in '/home/wapush/AGV/bumperbot_ws/build/bumperbot_firmware': CMAKE_PREFIX_PATH=${CMAKE_PREFIX_PATH}:/home/wapush/AGV/bumperbot_ws/install/bumperbot_py_examples:/opt/ros/humble /usr/bin/cmake --install /home/wapush/AGV/bumperbot_ws/build/bumperbot_firmware
[0.430s] -- Install configuration: ""
[0.430s] -- Up-to-date: /home/wapush/AGV/bumperbot_ws/install/bumperbot_firmware/share/bumperbot_firmware/environment/pythonpath.sh
[0.430s] -- Up-to-date: /home/wapush/AGV/bumperbot_ws/install/bumperbot_firmware/share/bumperbot_firmware/environment/pythonpath.dsv
[0.430s] -- Up-to-date: /home/wapush/AGV/bumperbot_ws/install/bumperbot_firmware/local/lib/python3.10/dist-packages/bumperbot_firmware-0.0.0-py3.10.egg-info
[0.430s] -- Installing: /home/wapush/AGV/bumperbot_ws/install/bumperbot_firmware/local/lib/python3.10/dist-packages/bumperbot_firmware-0.0.0-py3.10.egg-info/PKG-INFO
[0.430s] -- Installing: /home/wapush/AGV/bumperbot_ws/install/bumperbot_firmware/local/lib/python3.10/dist-packages/bumperbot_firmware-0.0.0-py3.10.egg-info/top_level.txt
[0.430s] -- Installing: /home/wapush/AGV/bumperbot_ws/install/bumperbot_firmware/local/lib/python3.10/dist-packages/bumperbot_firmware-0.0.0-py3.10.egg-info/dependency_links.txt
[0.431s] -- Installing: /home/wapush/AGV/bumperbot_ws/install/bumperbot_firmware/local/lib/python3.10/dist-packages/bumperbot_firmware-0.0.0-py3.10.egg-info/SOURCES.txt
[0.431s] -- Up-to-date: /home/wapush/AGV/bumperbot_ws/install/bumperbot_firmware/local/lib/python3.10/dist-packages/bumperbot_firmware
[0.431s] -- Up-to-date: /home/wapush/AGV/bumperbot_ws/install/bumperbot_firmware/local/lib/python3.10/dist-packages/bumperbot_firmware/simple_serial_transmitter.py
[0.431s] -- Up-to-date: /home/wapush/AGV/bumperbot_ws/install/bumperbot_firmware/local/lib/python3.10/dist-packages/bumperbot_firmware/simple_serial_receiver.py
[0.431s] -- Up-to-date: /home/wapush/AGV/bumperbot_ws/install/bumperbot_firmware/local/lib/python3.10/dist-packages/bumperbot_firmware/__init__.py
[0.432s] Listing '/home/wapush/AGV/bumperbot_ws/install/bumperbot_firmware/local/lib/python3.10/dist-packages/bumperbot_firmware'...
[0.433s] -- Up-to-date: /home/wapush/AGV/bumperbot_ws/install/bumperbot_firmware/share/bumperbot_firmware/bumperbot_interface.xml
[0.433s] -- Up-to-date: /home/wapush/AGV/bumperbot_ws/install/bumperbot_firmware/lib/libbumperbot_firmware.so
[0.433s] -- Up-to-date: /home/wapush/AGV/bumperbot_ws/install/bumperbot_firmware/include/include
[0.433s] -- Up-to-date: /home/wapush/AGV/bumperbot_ws/install/bumperbot_firmware/include/include/bumperbot_interface.hpp
[0.434s] -- Up-to-date: /home/wapush/AGV/bumperbot_ws/install/bumperbot_firmware/include/include/bumperbot_firmware
[0.437s] -- Up-to-date: /home/wapush/AGV/bumperbot_ws/install/bumperbot_firmware/lib/bumperbot_firmware/simple_serial_transmitter
[0.438s] -- Up-to-date: /home/wapush/AGV/bumperbot_ws/install/bumperbot_firmware/lib/bumperbot_firmware/simple_serial_receiver
[0.438s] -- Up-to-date: /home/wapush/AGV/bumperbot_ws/install/bumperbot_firmware/lib/bumperbot_firmware/simple_serial_transmitter.py
[0.438s] -- Up-to-date: /home/wapush/AGV/bumperbot_ws/install/bumperbot_firmware/lib/bumperbot_firmware/simple_serial_receiver.py
[0.438s] -- Up-to-date: /home/wapush/AGV/bumperbot_ws/install/bumperbot_firmware/share/bumperbot_firmware/launch
[0.438s] -- Up-to-date: /home/wapush/AGV/bumperbot_ws/install/bumperbot_firmware/share/bumperbot_firmware/launch/hardware_interface.launch.py
[0.438s] -- Up-to-date: /home/wapush/AGV/bumperbot_ws/install/bumperbot_firmware/share/bumperbot_firmware/environment/library_path.sh
[0.438s] -- Up-to-date: /home/wapush/AGV/bumperbot_ws/install/bumperbot_firmware/share/bumperbot_firmware/environment/library_path.dsv
[0.438s] -- Up-to-date: /home/wapush/AGV/bumperbot_ws/install/bumperbot_firmware/share/ament_index/resource_index/package_run_dependencies/bumperbot_firmware
[0.438s] -- Up-to-date: /home/wapush/AGV/bumperbot_ws/install/bumperbot_firmware/share/ament_index/resource_index/parent_prefix_path/bumperbot_firmware
[0.438s] -- Up-to-date: /home/wapush/AGV/bumperbot_ws/install/bumperbot_firmware/share/bumperbot_firmware/environment/ament_prefix_path.sh
[0.439s] -- Up-to-date: /home/wapush/AGV/bumperbot_ws/install/bumperbot_firmware/share/bumperbot_firmware/environment/ament_prefix_path.dsv
[0.439s] -- Up-to-date: /home/wapush/AGV/bumperbot_ws/install/bumperbot_firmware/share/bumperbot_firmware/environment/path.sh
[0.439s] -- Up-to-date: /home/wapush/AGV/bumperbot_ws/install/bumperbot_firmware/share/bumperbot_firmware/environment/path.dsv
[0.439s] -- Up-to-date: /home/wapush/AGV/bumperbot_ws/install/bumperbot_firmware/share/bumperbot_firmware/local_setup.bash
[0.439s] -- Up-to-date: /home/wapush/AGV/bumperbot_ws/install/bumperbot_firmware/share/bumperbot_firmware/local_setup.sh
[0.439s] -- Up-to-date: /home/wapush/AGV/bumperbot_ws/install/bumperbot_firmware/share/bumperbot_firmware/local_setup.zsh
[0.440s] -- Up-to-date: /home/wapush/AGV/bumperbot_ws/install/bumperbot_firmware/share/bumperbot_firmware/local_setup.dsv
[0.440s] -- Installing: /home/wapush/AGV/bumperbot_ws/install/bumperbot_firmware/share/bumperbot_firmware/package.dsv
[0.440s] -- Up-to-date: /home/wapush/AGV/bumperbot_ws/install/bumperbot_firmware/share/ament_index/resource_index/packages/bumperbot_firmware
[0.440s] -- Up-to-date: /home/wapush/AGV/bumperbot_ws/install/bumperbot_firmware/share/ament_index/resource_index/hardware_interface__pluginlib__plugin/bumperbot_firmware
[0.440s] -- Up-to-date: /home/wapush/AGV/bumperbot_ws/install/bumperbot_firmware/share/bumperbot_firmware/cmake/ament_cmake_export_include_directories-extras.cmake
[0.440s] -- Up-to-date: /home/wapush/AGV/bumperbot_ws/install/bumperbot_firmware/share/bumperbot_firmware/cmake/ament_cmake_export_libraries-extras.cmake
[0.440s] -- Up-to-date: /home/wapush/AGV/bumperbot_ws/install/bumperbot_firmware/share/bumperbot_firmware/cmake/ament_cmake_export_dependencies-extras.cmake
[0.440s] -- Up-to-date: /home/wapush/AGV/bumperbot_ws/install/bumperbot_firmware/share/bumperbot_firmware/cmake/bumperbot_firmwareConfig.cmake
[0.441s] -- Up-to-date: /home/wapush/AGV/bumperbot_ws/install/bumperbot_firmware/share/bumperbot_firmware/cmake/bumperbot_firmwareConfig-version.cmake
[0.441s] -- Up-to-date: /home/wapush/AGV/bumperbot_ws/install/bumperbot_firmware/share/bumperbot_firmware/package.xml
[0.446s] Invoked command in '/home/wapush/AGV/bumperbot_ws/build/bumperbot_firmware' returned '0': CMAKE_PREFIX_PATH=${CMAKE_PREFIX_PATH}:/home/wapush/AGV/bumperbot_ws/install/bumperbot_py_examples:/opt/ros/humble /usr/bin/cmake --install /home/wapush/AGV/bumperbot_ws/build/bumperbot_firmware
