[0.165s] DEBUG:colcon:Command line arguments: ['/usr/bin/colcon', 'build']
[0.165s] DEBUG:colcon:Parsed command line arguments: Namespace(log_base=None, log_level=None, verb_name='build', build_base='build', install_base='install', merge_install=False, symlink_install=False, test_result_base=None, continue_on_error=False, executor='parallel', parallel_workers=20, event_handlers=None, ignore_user_meta=False, metas=['./colcon.meta'], base_paths=['.'], packages_ignore=None, packages_ignore_regex=None, paths=None, packages_up_to=None, packages_up_to_regex=None, packages_above=None, packages_above_and_dependencies=None, packages_above_depth=None, packages_select_by_dep=None, packages_skip_by_dep=None, packages_skip_up_to=None, packages_select_build_failed=False, packages_skip_build_finished=False, packages_select_test_failures=False, packages_skip_test_passed=False, packages_select=None, packages_skip=None, packages_select_regex=None, packages_skip_regex=None, packages_start=None, packages_end=None, allow_overriding=[], cmake_args=None, cmake_target=None, cmake_target_skip_unavailable=False, cmake_clean_cache=False, cmake_clean_first=False, cmake_force_configure=False, ament_cmake_args=None, catkin_cmake_args=None, catkin_skip_building_tests=False, mixin_files=None, mixin=None, verb_parser=<colcon_mixin.mixin.mixin_argument.MixinArgumentDecorator object at 0x7f7122061ae0>, verb_extension=<colcon_core.verb.build.BuildVerb object at 0x7f71221e16f0>, main=<bound method BuildVerb.main of <colcon_core.verb.build.BuildVerb object at 0x7f71221e16f0>>, mixin_verb=('build',))
[0.260s] Level 1:colcon.colcon_core.package_discovery:discover_packages(colcon_meta) check parameters
[0.260s] Level 1:colcon.colcon_core.package_discovery:discover_packages(recursive) check parameters
[0.260s] Level 1:colcon.colcon_core.package_discovery:discover_packages(ignore) check parameters
[0.260s] Level 1:colcon.colcon_core.package_discovery:discover_packages(path) check parameters
[0.260s] Level 1:colcon.colcon_core.package_discovery:discover_packages(colcon_meta) discover
[0.260s] Level 1:colcon.colcon_core.package_discovery:discover_packages(recursive) discover
[0.260s] INFO:colcon.colcon_core.package_discovery:Crawling recursively for packages in '/home/wapush/AGV/bumperbot_ws'
[0.260s] Level 1:colcon.colcon_core.package_identification:_identify(.) by extensions ['ignore', 'ignore_ament_install']
[0.260s] Level 1:colcon.colcon_core.package_identification:_identify(.) by extension 'ignore'
[0.260s] Level 1:colcon.colcon_core.package_identification:_identify(.) by extension 'ignore_ament_install'
[0.260s] Level 1:colcon.colcon_core.package_identification:_identify(.) by extensions ['colcon_pkg']
[0.260s] Level 1:colcon.colcon_core.package_identification:_identify(.) by extension 'colcon_pkg'
[0.260s] Level 1:colcon.colcon_core.package_identification:_identify(.) by extensions ['colcon_meta']
[0.260s] Level 1:colcon.colcon_core.package_identification:_identify(.) by extension 'colcon_meta'
[0.261s] Level 1:colcon.colcon_core.package_identification:_identify(.) by extensions ['ros']
[0.261s] Level 1:colcon.colcon_core.package_identification:_identify(.) by extension 'ros'
[0.270s] Level 1:colcon.colcon_core.package_identification:_identify(.) by extensions ['cmake', 'python']
[0.270s] Level 1:colcon.colcon_core.package_identification:_identify(.) by extension 'cmake'
[0.270s] Level 1:colcon.colcon_core.package_identification:_identify(.) by extension 'python'
[0.270s] Level 1:colcon.colcon_core.package_identification:_identify(.) by extensions ['python_setup_py']
[0.270s] Level 1:colcon.colcon_core.package_identification:_identify(.) by extension 'python_setup_py'
[0.270s] Level 1:colcon.colcon_core.package_identification:_identify(build) by extensions ['ignore', 'ignore_ament_install']
[0.270s] Level 1:colcon.colcon_core.package_identification:_identify(build) by extension 'ignore'
[0.270s] Level 1:colcon.colcon_core.package_identification:_identify(build) ignored
[0.270s] Level 1:colcon.colcon_core.package_identification:_identify(install) by extensions ['ignore', 'ignore_ament_install']
[0.270s] Level 1:colcon.colcon_core.package_identification:_identify(install) by extension 'ignore'
[0.270s] Level 1:colcon.colcon_core.package_identification:_identify(install) ignored
[0.271s] Level 1:colcon.colcon_core.package_identification:_identify(log) by extensions ['ignore', 'ignore_ament_install']
[0.271s] Level 1:colcon.colcon_core.package_identification:_identify(log) by extension 'ignore'
[0.271s] Level 1:colcon.colcon_core.package_identification:_identify(log) ignored
[0.271s] Level 1:colcon.colcon_core.package_identification:_identify(src) by extensions ['ignore', 'ignore_ament_install']
[0.271s] Level 1:colcon.colcon_core.package_identification:_identify(src) by extension 'ignore'
[0.271s] Level 1:colcon.colcon_core.package_identification:_identify(src) by extension 'ignore_ament_install'
[0.271s] Level 1:colcon.colcon_core.package_identification:_identify(src) by extensions ['colcon_pkg']
[0.271s] Level 1:colcon.colcon_core.package_identification:_identify(src) by extension 'colcon_pkg'
[0.271s] Level 1:colcon.colcon_core.package_identification:_identify(src) by extensions ['colcon_meta']
[0.271s] Level 1:colcon.colcon_core.package_identification:_identify(src) by extension 'colcon_meta'
[0.271s] Level 1:colcon.colcon_core.package_identification:_identify(src) by extensions ['ros']
[0.271s] Level 1:colcon.colcon_core.package_identification:_identify(src) by extension 'ros'
[0.271s] Level 1:colcon.colcon_core.package_identification:_identify(src) by extensions ['cmake', 'python']
[0.271s] Level 1:colcon.colcon_core.package_identification:_identify(src) by extension 'cmake'
[0.271s] Level 1:colcon.colcon_core.package_identification:_identify(src) by extension 'python'
[0.271s] Level 1:colcon.colcon_core.package_identification:_identify(src) by extensions ['python_setup_py']
[0.271s] Level 1:colcon.colcon_core.package_identification:_identify(src) by extension 'python_setup_py'
[0.271s] Level 1:colcon.colcon_core.package_identification:_identify(src/build) by extensions ['ignore', 'ignore_ament_install']
[0.271s] Level 1:colcon.colcon_core.package_identification:_identify(src/build) by extension 'ignore'
[0.271s] Level 1:colcon.colcon_core.package_identification:_identify(src/build) ignored
[0.271s] Level 1:colcon.colcon_core.package_identification:_identify(src/bumperbot_controller) by extensions ['ignore', 'ignore_ament_install']
[0.271s] Level 1:colcon.colcon_core.package_identification:_identify(src/bumperbot_controller) by extension 'ignore'
[0.271s] Level 1:colcon.colcon_core.package_identification:_identify(src/bumperbot_controller) by extension 'ignore_ament_install'
[0.271s] Level 1:colcon.colcon_core.package_identification:_identify(src/bumperbot_controller) by extensions ['colcon_pkg']
[0.271s] Level 1:colcon.colcon_core.package_identification:_identify(src/bumperbot_controller) by extension 'colcon_pkg'
[0.271s] Level 1:colcon.colcon_core.package_identification:_identify(src/bumperbot_controller) by extensions ['colcon_meta']
[0.271s] Level 1:colcon.colcon_core.package_identification:_identify(src/bumperbot_controller) by extension 'colcon_meta'
[0.271s] Level 1:colcon.colcon_core.package_identification:_identify(src/bumperbot_controller) by extensions ['ros']
[0.271s] Level 1:colcon.colcon_core.package_identification:_identify(src/bumperbot_controller) by extension 'ros'
[0.273s] DEBUG:colcon.colcon_core.package_identification:Package 'src/bumperbot_controller' with type 'ros.ament_cmake' and name 'bumperbot_controller'
[0.273s] Level 1:colcon.colcon_core.package_identification:_identify(src/bumperbot_cpp_examples) by extensions ['ignore', 'ignore_ament_install']
[0.274s] Level 1:colcon.colcon_core.package_identification:_identify(src/bumperbot_cpp_examples) by extension 'ignore'
[0.274s] Level 1:colcon.colcon_core.package_identification:_identify(src/bumperbot_cpp_examples) by extension 'ignore_ament_install'
[0.274s] Level 1:colcon.colcon_core.package_identification:_identify(src/bumperbot_cpp_examples) by extensions ['colcon_pkg']
[0.274s] Level 1:colcon.colcon_core.package_identification:_identify(src/bumperbot_cpp_examples) by extension 'colcon_pkg'
[0.274s] Level 1:colcon.colcon_core.package_identification:_identify(src/bumperbot_cpp_examples) by extensions ['colcon_meta']
[0.274s] Level 1:colcon.colcon_core.package_identification:_identify(src/bumperbot_cpp_examples) by extension 'colcon_meta'
[0.274s] Level 1:colcon.colcon_core.package_identification:_identify(src/bumperbot_cpp_examples) by extensions ['ros']
[0.274s] Level 1:colcon.colcon_core.package_identification:_identify(src/bumperbot_cpp_examples) by extension 'ros'
[0.274s] DEBUG:colcon.colcon_core.package_identification:Package 'src/bumperbot_cpp_examples' with type 'ros.ament_cmake' and name 'bumperbot_cpp_examples'
[0.274s] Level 1:colcon.colcon_core.package_identification:_identify(src/bumperbot_description) by extensions ['ignore', 'ignore_ament_install']
[0.274s] Level 1:colcon.colcon_core.package_identification:_identify(src/bumperbot_description) by extension 'ignore'
[0.274s] Level 1:colcon.colcon_core.package_identification:_identify(src/bumperbot_description) by extension 'ignore_ament_install'
[0.274s] Level 1:colcon.colcon_core.package_identification:_identify(src/bumperbot_description) by extensions ['colcon_pkg']
[0.274s] Level 1:colcon.colcon_core.package_identification:_identify(src/bumperbot_description) by extension 'colcon_pkg'
[0.274s] Level 1:colcon.colcon_core.package_identification:_identify(src/bumperbot_description) by extensions ['colcon_meta']
[0.274s] Level 1:colcon.colcon_core.package_identification:_identify(src/bumperbot_description) by extension 'colcon_meta'
[0.274s] Level 1:colcon.colcon_core.package_identification:_identify(src/bumperbot_description) by extensions ['ros']
[0.274s] Level 1:colcon.colcon_core.package_identification:_identify(src/bumperbot_description) by extension 'ros'
[0.275s] DEBUG:colcon.colcon_core.package_identification:Package 'src/bumperbot_description' with type 'ros.ament_cmake' and name 'bumperbot_description'
[0.275s] Level 1:colcon.colcon_core.package_identification:_identify(src/bumperbot_firmware) by extensions ['ignore', 'ignore_ament_install']
[0.275s] Level 1:colcon.colcon_core.package_identification:_identify(src/bumperbot_firmware) by extension 'ignore'
[0.275s] Level 1:colcon.colcon_core.package_identification:_identify(src/bumperbot_firmware) by extension 'ignore_ament_install'
[0.275s] Level 1:colcon.colcon_core.package_identification:_identify(src/bumperbot_firmware) by extensions ['colcon_pkg']
[0.275s] Level 1:colcon.colcon_core.package_identification:_identify(src/bumperbot_firmware) by extension 'colcon_pkg'
[0.275s] Level 1:colcon.colcon_core.package_identification:_identify(src/bumperbot_firmware) by extensions ['colcon_meta']
[0.275s] Level 1:colcon.colcon_core.package_identification:_identify(src/bumperbot_firmware) by extension 'colcon_meta'
[0.275s] Level 1:colcon.colcon_core.package_identification:_identify(src/bumperbot_firmware) by extensions ['ros']
[0.275s] Level 1:colcon.colcon_core.package_identification:_identify(src/bumperbot_firmware) by extension 'ros'
[0.276s] DEBUG:colcon.colcon_core.package_identification:Package 'src/bumperbot_firmware' with type 'ros.ament_cmake' and name 'bumperbot_firmware'
[0.276s] Level 1:colcon.colcon_core.package_identification:_identify(src/bumperbot_py_examples) by extensions ['ignore', 'ignore_ament_install']
[0.276s] Level 1:colcon.colcon_core.package_identification:_identify(src/bumperbot_py_examples) by extension 'ignore'
[0.276s] Level 1:colcon.colcon_core.package_identification:_identify(src/bumperbot_py_examples) by extension 'ignore_ament_install'
[0.276s] Level 1:colcon.colcon_core.package_identification:_identify(src/bumperbot_py_examples) by extensions ['colcon_pkg']
[0.276s] Level 1:colcon.colcon_core.package_identification:_identify(src/bumperbot_py_examples) by extension 'colcon_pkg'
[0.276s] Level 1:colcon.colcon_core.package_identification:_identify(src/bumperbot_py_examples) by extensions ['colcon_meta']
[0.276s] Level 1:colcon.colcon_core.package_identification:_identify(src/bumperbot_py_examples) by extension 'colcon_meta'
[0.276s] Level 1:colcon.colcon_core.package_identification:_identify(src/bumperbot_py_examples) by extensions ['ros']
[0.276s] Level 1:colcon.colcon_core.package_identification:_identify(src/bumperbot_py_examples) by extension 'ros'
[0.276s] DEBUG:colcon.colcon_core.package_identification:Package 'src/bumperbot_py_examples' with type 'ros.ament_python' and name 'bumperbot_py_examples'
[0.276s] Level 1:colcon.colcon_core.package_identification:_identify(src/bumperbot_utils) by extensions ['ignore', 'ignore_ament_install']
[0.276s] Level 1:colcon.colcon_core.package_identification:_identify(src/bumperbot_utils) by extension 'ignore'
[0.276s] Level 1:colcon.colcon_core.package_identification:_identify(src/bumperbot_utils) by extension 'ignore_ament_install'
[0.276s] Level 1:colcon.colcon_core.package_identification:_identify(src/bumperbot_utils) by extensions ['colcon_pkg']
[0.276s] Level 1:colcon.colcon_core.package_identification:_identify(src/bumperbot_utils) by extension 'colcon_pkg'
[0.276s] Level 1:colcon.colcon_core.package_identification:_identify(src/bumperbot_utils) by extensions ['colcon_meta']
[0.276s] Level 1:colcon.colcon_core.package_identification:_identify(src/bumperbot_utils) by extension 'colcon_meta'
[0.277s] Level 1:colcon.colcon_core.package_identification:_identify(src/bumperbot_utils) by extensions ['ros']
[0.277s] Level 1:colcon.colcon_core.package_identification:_identify(src/bumperbot_utils) by extension 'ros'
[0.277s] DEBUG:colcon.colcon_core.package_identification:Package 'src/bumperbot_utils' with type 'ros.ament_cmake' and name 'bumperbot_utils'
[0.277s] Level 1:colcon.colcon_core.package_identification:_identify(src/install) by extensions ['ignore', 'ignore_ament_install']
[0.277s] Level 1:colcon.colcon_core.package_identification:_identify(src/install) by extension 'ignore'
[0.277s] Level 1:colcon.colcon_core.package_identification:_identify(src/install) ignored
[0.277s] Level 1:colcon.colcon_core.package_identification:_identify(src/log) by extensions ['ignore', 'ignore_ament_install']
[0.277s] Level 1:colcon.colcon_core.package_identification:_identify(src/log) by extension 'ignore'
[0.277s] Level 1:colcon.colcon_core.package_identification:_identify(src/log) ignored
[0.277s] Level 1:colcon.colcon_core.package_discovery:discover_packages(recursive) using defaults
[0.277s] Level 1:colcon.colcon_core.package_discovery:discover_packages(ignore) discover
[0.277s] Level 1:colcon.colcon_core.package_discovery:discover_packages(ignore) using defaults
[0.277s] Level 1:colcon.colcon_core.package_discovery:discover_packages(path) discover
[0.278s] Level 1:colcon.colcon_core.package_discovery:discover_packages(path) using defaults
[0.292s] Level 1:colcon.colcon_core.package_discovery:discover_packages(prefix_path) check parameters
[0.293s] Level 1:colcon.colcon_core.package_discovery:discover_packages(prefix_path) discover
[0.294s] DEBUG:colcon.colcon_installed_package_information.package_discovery:Found 6 installed packages in /home/wapush/AGV/bumperbot_ws/install
[0.295s] DEBUG:colcon.colcon_installed_package_information.package_discovery:Found 331 installed packages in /opt/ros/humble
[0.296s] Level 1:colcon.colcon_core.package_discovery:discover_packages(prefix_path) using defaults
[0.332s] Level 5:colcon.colcon_core.verb:set package 'bumperbot_controller' build argument 'cmake_args' from command line to 'None'
[0.332s] Level 5:colcon.colcon_core.verb:set package 'bumperbot_controller' build argument 'cmake_target' from command line to 'None'
[0.332s] Level 5:colcon.colcon_core.verb:set package 'bumperbot_controller' build argument 'cmake_target_skip_unavailable' from command line to 'False'
[0.332s] Level 5:colcon.colcon_core.verb:set package 'bumperbot_controller' build argument 'cmake_clean_cache' from command line to 'False'
[0.332s] Level 5:colcon.colcon_core.verb:set package 'bumperbot_controller' build argument 'cmake_clean_first' from command line to 'False'
[0.332s] Level 5:colcon.colcon_core.verb:set package 'bumperbot_controller' build argument 'cmake_force_configure' from command line to 'False'
[0.332s] Level 5:colcon.colcon_core.verb:set package 'bumperbot_controller' build argument 'ament_cmake_args' from command line to 'None'
[0.332s] Level 5:colcon.colcon_core.verb:set package 'bumperbot_controller' build argument 'catkin_cmake_args' from command line to 'None'
[0.332s] Level 5:colcon.colcon_core.verb:set package 'bumperbot_controller' build argument 'catkin_skip_building_tests' from command line to 'False'
[0.333s] DEBUG:colcon.colcon_core.verb:Building package 'bumperbot_controller' with the following arguments: {'ament_cmake_args': None, 'build_base': '/home/wapush/AGV/bumperbot_ws/build/bumperbot_controller', 'catkin_cmake_args': None, 'catkin_skip_building_tests': False, 'cmake_args': None, 'cmake_clean_cache': False, 'cmake_clean_first': False, 'cmake_force_configure': False, 'cmake_target': None, 'cmake_target_skip_unavailable': False, 'install_base': '/home/wapush/AGV/bumperbot_ws/install/bumperbot_controller', 'merge_install': False, 'path': '/home/wapush/AGV/bumperbot_ws/src/bumperbot_controller', 'symlink_install': False, 'test_result_base': None}
[0.333s] Level 5:colcon.colcon_core.verb:set package 'bumperbot_cpp_examples' build argument 'cmake_args' from command line to 'None'
[0.333s] Level 5:colcon.colcon_core.verb:set package 'bumperbot_cpp_examples' build argument 'cmake_target' from command line to 'None'
[0.333s] Level 5:colcon.colcon_core.verb:set package 'bumperbot_cpp_examples' build argument 'cmake_target_skip_unavailable' from command line to 'False'
[0.333s] Level 5:colcon.colcon_core.verb:set package 'bumperbot_cpp_examples' build argument 'cmake_clean_cache' from command line to 'False'
[0.333s] Level 5:colcon.colcon_core.verb:set package 'bumperbot_cpp_examples' build argument 'cmake_clean_first' from command line to 'False'
[0.333s] Level 5:colcon.colcon_core.verb:set package 'bumperbot_cpp_examples' build argument 'cmake_force_configure' from command line to 'False'
[0.333s] Level 5:colcon.colcon_core.verb:set package 'bumperbot_cpp_examples' build argument 'ament_cmake_args' from command line to 'None'
[0.333s] Level 5:colcon.colcon_core.verb:set package 'bumperbot_cpp_examples' build argument 'catkin_cmake_args' from command line to 'None'
[0.333s] Level 5:colcon.colcon_core.verb:set package 'bumperbot_cpp_examples' build argument 'catkin_skip_building_tests' from command line to 'False'
[0.333s] DEBUG:colcon.colcon_core.verb:Building package 'bumperbot_cpp_examples' with the following arguments: {'ament_cmake_args': None, 'build_base': '/home/wapush/AGV/bumperbot_ws/build/bumperbot_cpp_examples', 'catkin_cmake_args': None, 'catkin_skip_building_tests': False, 'cmake_args': None, 'cmake_clean_cache': False, 'cmake_clean_first': False, 'cmake_force_configure': False, 'cmake_target': None, 'cmake_target_skip_unavailable': False, 'install_base': '/home/wapush/AGV/bumperbot_ws/install/bumperbot_cpp_examples', 'merge_install': False, 'path': '/home/wapush/AGV/bumperbot_ws/src/bumperbot_cpp_examples', 'symlink_install': False, 'test_result_base': None}
[0.333s] Level 5:colcon.colcon_core.verb:set package 'bumperbot_description' build argument 'cmake_args' from command line to 'None'
[0.333s] Level 5:colcon.colcon_core.verb:set package 'bumperbot_description' build argument 'cmake_target' from command line to 'None'
[0.333s] Level 5:colcon.colcon_core.verb:set package 'bumperbot_description' build argument 'cmake_target_skip_unavailable' from command line to 'False'
[0.333s] Level 5:colcon.colcon_core.verb:set package 'bumperbot_description' build argument 'cmake_clean_cache' from command line to 'False'
[0.333s] Level 5:colcon.colcon_core.verb:set package 'bumperbot_description' build argument 'cmake_clean_first' from command line to 'False'
[0.333s] Level 5:colcon.colcon_core.verb:set package 'bumperbot_description' build argument 'cmake_force_configure' from command line to 'False'
[0.333s] Level 5:colcon.colcon_core.verb:set package 'bumperbot_description' build argument 'ament_cmake_args' from command line to 'None'
[0.333s] Level 5:colcon.colcon_core.verb:set package 'bumperbot_description' build argument 'catkin_cmake_args' from command line to 'None'
[0.333s] Level 5:colcon.colcon_core.verb:set package 'bumperbot_description' build argument 'catkin_skip_building_tests' from command line to 'False'
[0.333s] DEBUG:colcon.colcon_core.verb:Building package 'bumperbot_description' with the following arguments: {'ament_cmake_args': None, 'build_base': '/home/wapush/AGV/bumperbot_ws/build/bumperbot_description', 'catkin_cmake_args': None, 'catkin_skip_building_tests': False, 'cmake_args': None, 'cmake_clean_cache': False, 'cmake_clean_first': False, 'cmake_force_configure': False, 'cmake_target': None, 'cmake_target_skip_unavailable': False, 'install_base': '/home/wapush/AGV/bumperbot_ws/install/bumperbot_description', 'merge_install': False, 'path': '/home/wapush/AGV/bumperbot_ws/src/bumperbot_description', 'symlink_install': False, 'test_result_base': None}
[0.333s] Level 5:colcon.colcon_core.verb:set package 'bumperbot_firmware' build argument 'cmake_args' from command line to 'None'
[0.333s] Level 5:colcon.colcon_core.verb:set package 'bumperbot_firmware' build argument 'cmake_target' from command line to 'None'
[0.333s] Level 5:colcon.colcon_core.verb:set package 'bumperbot_firmware' build argument 'cmake_target_skip_unavailable' from command line to 'False'
[0.333s] Level 5:colcon.colcon_core.verb:set package 'bumperbot_firmware' build argument 'cmake_clean_cache' from command line to 'False'
[0.333s] Level 5:colcon.colcon_core.verb:set package 'bumperbot_firmware' build argument 'cmake_clean_first' from command line to 'False'
[0.333s] Level 5:colcon.colcon_core.verb:set package 'bumperbot_firmware' build argument 'cmake_force_configure' from command line to 'False'
[0.333s] Level 5:colcon.colcon_core.verb:set package 'bumperbot_firmware' build argument 'ament_cmake_args' from command line to 'None'
[0.333s] Level 5:colcon.colcon_core.verb:set package 'bumperbot_firmware' build argument 'catkin_cmake_args' from command line to 'None'
[0.333s] Level 5:colcon.colcon_core.verb:set package 'bumperbot_firmware' build argument 'catkin_skip_building_tests' from command line to 'False'
[0.333s] DEBUG:colcon.colcon_core.verb:Building package 'bumperbot_firmware' with the following arguments: {'ament_cmake_args': None, 'build_base': '/home/wapush/AGV/bumperbot_ws/build/bumperbot_firmware', 'catkin_cmake_args': None, 'catkin_skip_building_tests': False, 'cmake_args': None, 'cmake_clean_cache': False, 'cmake_clean_first': False, 'cmake_force_configure': False, 'cmake_target': None, 'cmake_target_skip_unavailable': False, 'install_base': '/home/wapush/AGV/bumperbot_ws/install/bumperbot_firmware', 'merge_install': False, 'path': '/home/wapush/AGV/bumperbot_ws/src/bumperbot_firmware', 'symlink_install': False, 'test_result_base': None}
[0.334s] Level 5:colcon.colcon_core.verb:set package 'bumperbot_py_examples' build argument 'cmake_args' from command line to 'None'
[0.334s] Level 5:colcon.colcon_core.verb:set package 'bumperbot_py_examples' build argument 'cmake_target' from command line to 'None'
[0.334s] Level 5:colcon.colcon_core.verb:set package 'bumperbot_py_examples' build argument 'cmake_target_skip_unavailable' from command line to 'False'
[0.334s] Level 5:colcon.colcon_core.verb:set package 'bumperbot_py_examples' build argument 'cmake_clean_cache' from command line to 'False'
[0.334s] Level 5:colcon.colcon_core.verb:set package 'bumperbot_py_examples' build argument 'cmake_clean_first' from command line to 'False'
[0.334s] Level 5:colcon.colcon_core.verb:set package 'bumperbot_py_examples' build argument 'cmake_force_configure' from command line to 'False'
[0.334s] Level 5:colcon.colcon_core.verb:set package 'bumperbot_py_examples' build argument 'ament_cmake_args' from command line to 'None'
[0.334s] Level 5:colcon.colcon_core.verb:set package 'bumperbot_py_examples' build argument 'catkin_cmake_args' from command line to 'None'
[0.334s] Level 5:colcon.colcon_core.verb:set package 'bumperbot_py_examples' build argument 'catkin_skip_building_tests' from command line to 'False'
[0.334s] DEBUG:colcon.colcon_core.verb:Building package 'bumperbot_py_examples' with the following arguments: {'ament_cmake_args': None, 'build_base': '/home/wapush/AGV/bumperbot_ws/build/bumperbot_py_examples', 'catkin_cmake_args': None, 'catkin_skip_building_tests': False, 'cmake_args': None, 'cmake_clean_cache': False, 'cmake_clean_first': False, 'cmake_force_configure': False, 'cmake_target': None, 'cmake_target_skip_unavailable': False, 'install_base': '/home/wapush/AGV/bumperbot_ws/install/bumperbot_py_examples', 'merge_install': False, 'path': '/home/wapush/AGV/bumperbot_ws/src/bumperbot_py_examples', 'symlink_install': False, 'test_result_base': None}
[0.334s] Level 5:colcon.colcon_core.verb:set package 'bumperbot_utils' build argument 'cmake_args' from command line to 'None'
[0.334s] Level 5:colcon.colcon_core.verb:set package 'bumperbot_utils' build argument 'cmake_target' from command line to 'None'
[0.334s] Level 5:colcon.colcon_core.verb:set package 'bumperbot_utils' build argument 'cmake_target_skip_unavailable' from command line to 'False'
[0.334s] Level 5:colcon.colcon_core.verb:set package 'bumperbot_utils' build argument 'cmake_clean_cache' from command line to 'False'
[0.334s] Level 5:colcon.colcon_core.verb:set package 'bumperbot_utils' build argument 'cmake_clean_first' from command line to 'False'
[0.334s] Level 5:colcon.colcon_core.verb:set package 'bumperbot_utils' build argument 'cmake_force_configure' from command line to 'False'
[0.334s] Level 5:colcon.colcon_core.verb:set package 'bumperbot_utils' build argument 'ament_cmake_args' from command line to 'None'
[0.334s] Level 5:colcon.colcon_core.verb:set package 'bumperbot_utils' build argument 'catkin_cmake_args' from command line to 'None'
[0.334s] Level 5:colcon.colcon_core.verb:set package 'bumperbot_utils' build argument 'catkin_skip_building_tests' from command line to 'False'
[0.334s] DEBUG:colcon.colcon_core.verb:Building package 'bumperbot_utils' with the following arguments: {'ament_cmake_args': None, 'build_base': '/home/wapush/AGV/bumperbot_ws/build/bumperbot_utils', 'catkin_cmake_args': None, 'catkin_skip_building_tests': False, 'cmake_args': None, 'cmake_clean_cache': False, 'cmake_clean_first': False, 'cmake_force_configure': False, 'cmake_target': None, 'cmake_target_skip_unavailable': False, 'install_base': '/home/wapush/AGV/bumperbot_ws/install/bumperbot_utils', 'merge_install': False, 'path': '/home/wapush/AGV/bumperbot_ws/src/bumperbot_utils', 'symlink_install': False, 'test_result_base': None}
[0.334s] INFO:colcon.colcon_core.executor:Executing jobs using 'parallel' executor
[0.335s] DEBUG:colcon.colcon_parallel_executor.executor.parallel:run_until_complete
[0.335s] INFO:colcon.colcon_ros.task.ament_cmake.build:Building ROS package in '/home/wapush/AGV/bumperbot_ws/src/bumperbot_controller' with build type 'ament_cmake'
[0.335s] INFO:colcon.colcon_cmake.task.cmake.build:Building CMake package in '/home/wapush/AGV/bumperbot_ws/src/bumperbot_controller'
[0.337s] INFO:colcon.colcon_core.plugin_system:Skipping extension 'colcon_core.shell.bat': Not used on non-Windows systems
[0.337s] INFO:colcon.colcon_core.shell:Skip shell extension 'powershell' for command environment: Not usable outside of PowerShell
[0.337s] DEBUG:colcon.colcon_core.shell:Skip shell extension 'dsv' for command environment
[0.339s] INFO:colcon.colcon_ros.task.ament_cmake.build:Building ROS package in '/home/wapush/AGV/bumperbot_ws/src/bumperbot_cpp_examples' with build type 'ament_cmake'
[0.339s] INFO:colcon.colcon_cmake.task.cmake.build:Building CMake package in '/home/wapush/AGV/bumperbot_ws/src/bumperbot_cpp_examples'
[0.340s] INFO:colcon.colcon_core.shell:Skip shell extension 'powershell' for command environment: Not usable outside of PowerShell
[0.340s] DEBUG:colcon.colcon_core.shell:Skip shell extension 'dsv' for command environment
[0.342s] INFO:colcon.colcon_ros.task.ament_cmake.build:Building ROS package in '/home/wapush/AGV/bumperbot_ws/src/bumperbot_description' with build type 'ament_cmake'
[0.342s] INFO:colcon.colcon_cmake.task.cmake.build:Building CMake package in '/home/wapush/AGV/bumperbot_ws/src/bumperbot_description'
[0.342s] INFO:colcon.colcon_core.shell:Skip shell extension 'powershell' for command environment: Not usable outside of PowerShell
[0.343s] DEBUG:colcon.colcon_core.shell:Skip shell extension 'dsv' for command environment
[0.345s] INFO:colcon.colcon_ros.task.ament_cmake.build:Building ROS package in '/home/wapush/AGV/bumperbot_ws/src/bumperbot_firmware' with build type 'ament_cmake'
[0.345s] INFO:colcon.colcon_cmake.task.cmake.build:Building CMake package in '/home/wapush/AGV/bumperbot_ws/src/bumperbot_firmware'
[0.345s] INFO:colcon.colcon_core.shell:Skip shell extension 'powershell' for command environment: Not usable outside of PowerShell
[0.345s] DEBUG:colcon.colcon_core.shell:Skip shell extension 'dsv' for command environment
[0.348s] INFO:colcon.colcon_ros.task.ament_python.build:Building ROS package in '/home/wapush/AGV/bumperbot_ws/src/bumperbot_py_examples' with build type 'ament_python'
[0.348s] Level 1:colcon.colcon_core.shell:create_environment_hook('bumperbot_py_examples', 'ament_prefix_path')
[0.348s] INFO:colcon.colcon_core.shell:Creating environment hook '/home/wapush/AGV/bumperbot_ws/install/bumperbot_py_examples/share/bumperbot_py_examples/hook/ament_prefix_path.ps1'
[0.349s] INFO:colcon.colcon_core.shell:Creating environment descriptor '/home/wapush/AGV/bumperbot_ws/install/bumperbot_py_examples/share/bumperbot_py_examples/hook/ament_prefix_path.dsv'
[0.349s] INFO:colcon.colcon_core.shell:Creating environment hook '/home/wapush/AGV/bumperbot_ws/install/bumperbot_py_examples/share/bumperbot_py_examples/hook/ament_prefix_path.sh'
[0.349s] INFO:colcon.colcon_core.shell:Skip shell extension 'powershell' for command environment: Not usable outside of PowerShell
[0.350s] DEBUG:colcon.colcon_core.shell:Skip shell extension 'dsv' for command environment
[0.351s] INFO:colcon.colcon_ros.task.ament_cmake.build:Building ROS package in '/home/wapush/AGV/bumperbot_ws/src/bumperbot_utils' with build type 'ament_cmake'
[0.352s] INFO:colcon.colcon_cmake.task.cmake.build:Building CMake package in '/home/wapush/AGV/bumperbot_ws/src/bumperbot_utils'
[0.352s] INFO:colcon.colcon_core.shell:Skip shell extension 'powershell' for command environment: Not usable outside of PowerShell
[0.352s] DEBUG:colcon.colcon_core.shell:Skip shell extension 'dsv' for command environment
[0.360s] DEBUG:colcon.colcon_core.event_handler.log_command:Invoking command in '/home/wapush/AGV/bumperbot_ws/build/bumperbot_controller': CMAKE_PREFIX_PATH=${CMAKE_PREFIX_PATH}:/home/wapush/AGV/bumperbot_ws/install/bumperbot_py_examples:/opt/ros/humble /usr/bin/cmake --build /home/wapush/AGV/bumperbot_ws/build/bumperbot_controller -- -j20 -l20
[0.363s] DEBUG:colcon.colcon_core.event_handler.log_command:Invoking command in '/home/wapush/AGV/bumperbot_ws/build/bumperbot_cpp_examples': CMAKE_PREFIX_PATH=${CMAKE_PREFIX_PATH}:/home/wapush/AGV/bumperbot_ws/install/bumperbot_py_examples:/opt/ros/humble /usr/bin/cmake --build /home/wapush/AGV/bumperbot_ws/build/bumperbot_cpp_examples -- -j20 -l20
[0.366s] DEBUG:colcon.colcon_core.event_handler.log_command:Invoking command in '/home/wapush/AGV/bumperbot_ws/build/bumperbot_description': CMAKE_PREFIX_PATH=${CMAKE_PREFIX_PATH}:/home/wapush/AGV/bumperbot_ws/install/bumperbot_py_examples:/opt/ros/humble /usr/bin/cmake --build /home/wapush/AGV/bumperbot_ws/build/bumperbot_description -- -j20 -l20
[0.368s] DEBUG:colcon.colcon_core.event_handler.log_command:Invoking command in '/home/wapush/AGV/bumperbot_ws/build/bumperbot_firmware': CMAKE_PREFIX_PATH=${CMAKE_PREFIX_PATH}:/home/wapush/AGV/bumperbot_ws/install/bumperbot_py_examples:/opt/ros/humble /usr/bin/cmake --build /home/wapush/AGV/bumperbot_ws/build/bumperbot_firmware -- -j20 -l20
[0.506s] INFO:colcon.colcon_core.task.python.build:Building Python package in '/home/wapush/AGV/bumperbot_ws/src/bumperbot_py_examples'
[0.506s] INFO:colcon.colcon_core.shell:Skip shell extension 'powershell' for command environment: Not usable outside of PowerShell
[0.506s] DEBUG:colcon.colcon_core.shell:Skip shell extension 'dsv' for command environment
[0.519s] DEBUG:colcon.colcon_core.event_handler.log_command:Invoking command in '/home/wapush/AGV/bumperbot_ws/build/bumperbot_utils': CMAKE_PREFIX_PATH=${CMAKE_PREFIX_PATH}:/home/wapush/AGV/bumperbot_ws/install/bumperbot_py_examples:/opt/ros/humble /usr/bin/cmake --build /home/wapush/AGV/bumperbot_ws/build/bumperbot_utils -- -j20 -l20
[0.519s] DEBUG:colcon.colcon_core.event_handler.log_command:Invoked command in '/home/wapush/AGV/bumperbot_ws/build/bumperbot_description' returned '0': CMAKE_PREFIX_PATH=${CMAKE_PREFIX_PATH}:/home/wapush/AGV/bumperbot_ws/install/bumperbot_py_examples:/opt/ros/humble /usr/bin/cmake --build /home/wapush/AGV/bumperbot_ws/build/bumperbot_description -- -j20 -l20
[0.522s] DEBUG:colcon.colcon_core.event_handler.log_command:Invoked command in '/home/wapush/AGV/bumperbot_ws/build/bumperbot_cpp_examples' returned '0': CMAKE_PREFIX_PATH=${CMAKE_PREFIX_PATH}:/home/wapush/AGV/bumperbot_ws/install/bumperbot_py_examples:/opt/ros/humble /usr/bin/cmake --build /home/wapush/AGV/bumperbot_ws/build/bumperbot_cpp_examples -- -j20 -l20
[0.543s] DEBUG:colcon.colcon_core.event_handler.log_command:Invoking command in '/home/wapush/AGV/bumperbot_ws/build/bumperbot_description': CMAKE_PREFIX_PATH=${CMAKE_PREFIX_PATH}:/home/wapush/AGV/bumperbot_ws/install/bumperbot_py_examples:/opt/ros/humble /usr/bin/cmake --install /home/wapush/AGV/bumperbot_ws/build/bumperbot_description
[0.545s] DEBUG:colcon.colcon_core.event_handler.log_command:Invoking command in '/home/wapush/AGV/bumperbot_ws/build/bumperbot_cpp_examples': CMAKE_PREFIX_PATH=${CMAKE_PREFIX_PATH}:/home/wapush/AGV/bumperbot_ws/install/bumperbot_py_examples:/opt/ros/humble /usr/bin/cmake --install /home/wapush/AGV/bumperbot_ws/build/bumperbot_cpp_examples
[0.554s] Level 1:colcon.colcon_core.environment:create_environment_scripts_only(bumperbot_cpp_examples)
[0.578s] Level 1:colcon.colcon_core.environment:checking '/home/wapush/AGV/bumperbot_ws/install/bumperbot_cpp_examples' for CMake module files
[0.582s] Level 1:colcon.colcon_core.environment:checking '/home/wapush/AGV/bumperbot_ws/install/bumperbot_cpp_examples' for CMake config files
[0.583s] Level 1:colcon.colcon_core.shell:create_environment_hook('bumperbot_cpp_examples', 'cmake_prefix_path')
[0.584s] INFO:colcon.colcon_core.shell:Creating environment hook '/home/wapush/AGV/bumperbot_ws/install/bumperbot_cpp_examples/share/bumperbot_cpp_examples/hook/cmake_prefix_path.ps1'
[0.584s] INFO:colcon.colcon_core.shell:Creating environment descriptor '/home/wapush/AGV/bumperbot_ws/install/bumperbot_cpp_examples/share/bumperbot_cpp_examples/hook/cmake_prefix_path.dsv'
[0.585s] INFO:colcon.colcon_core.shell:Creating environment hook '/home/wapush/AGV/bumperbot_ws/install/bumperbot_cpp_examples/share/bumperbot_cpp_examples/hook/cmake_prefix_path.sh'
[0.591s] Level 1:colcon.colcon_core.environment:checking '/home/wapush/AGV/bumperbot_ws/install/bumperbot_cpp_examples/bin'
[0.592s] Level 1:colcon.colcon_core.environment:checking '/home/wapush/AGV/bumperbot_ws/install/bumperbot_cpp_examples/lib/pkgconfig/bumperbot_cpp_examples.pc'
[0.592s] Level 1:colcon.colcon_core.environment:checking '/home/wapush/AGV/bumperbot_ws/install/bumperbot_cpp_examples/lib/python3.10/site-packages'
[0.592s] Level 1:colcon.colcon_core.environment:checking '/home/wapush/AGV/bumperbot_ws/install/bumperbot_cpp_examples/bin'
[0.593s] INFO:colcon.colcon_core.shell:Creating package script '/home/wapush/AGV/bumperbot_ws/install/bumperbot_cpp_examples/share/bumperbot_cpp_examples/package.ps1'
[0.594s] INFO:colcon.colcon_core.shell:Creating package descriptor '/home/wapush/AGV/bumperbot_ws/install/bumperbot_cpp_examples/share/bumperbot_cpp_examples/package.dsv'
[0.601s] INFO:colcon.colcon_core.shell:Creating package script '/home/wapush/AGV/bumperbot_ws/install/bumperbot_cpp_examples/share/bumperbot_cpp_examples/package.sh'
[0.603s] DEBUG:colcon.colcon_core.event_handler.log_command:Invoked command in '/home/wapush/AGV/bumperbot_ws/build/bumperbot_cpp_examples' returned '0': CMAKE_PREFIX_PATH=${CMAKE_PREFIX_PATH}:/home/wapush/AGV/bumperbot_ws/install/bumperbot_py_examples:/opt/ros/humble /usr/bin/cmake --install /home/wapush/AGV/bumperbot_ws/build/bumperbot_cpp_examples
[0.606s] INFO:colcon.colcon_core.shell:Creating package script '/home/wapush/AGV/bumperbot_ws/install/bumperbot_cpp_examples/share/bumperbot_cpp_examples/package.bash'
[0.609s] INFO:colcon.colcon_core.shell:Creating package script '/home/wapush/AGV/bumperbot_ws/install/bumperbot_cpp_examples/share/bumperbot_cpp_examples/package.zsh'
[0.615s] Level 1:colcon.colcon_core.environment:create_file_with_runtime_dependencies(/home/wapush/AGV/bumperbot_ws/install/bumperbot_cpp_examples/share/colcon-core/packages/bumperbot_cpp_examples)
[0.634s] Level 1:colcon.colcon_core.environment:create_environment_scripts_only(bumperbot_description)
[0.635s] Level 1:colcon.colcon_core.environment:checking '/home/wapush/AGV/bumperbot_ws/install/bumperbot_description' for CMake module files
[0.635s] Level 1:colcon.colcon_core.environment:checking '/home/wapush/AGV/bumperbot_ws/install/bumperbot_description' for CMake config files
[0.637s] Level 1:colcon.colcon_core.shell:create_environment_hook('bumperbot_description', 'cmake_prefix_path')
[0.637s] INFO:colcon.colcon_core.shell:Creating environment hook '/home/wapush/AGV/bumperbot_ws/install/bumperbot_description/share/bumperbot_description/hook/cmake_prefix_path.ps1'
[0.639s] INFO:colcon.colcon_core.shell:Creating environment descriptor '/home/wapush/AGV/bumperbot_ws/install/bumperbot_description/share/bumperbot_description/hook/cmake_prefix_path.dsv'
[0.640s] INFO:colcon.colcon_core.shell:Creating environment hook '/home/wapush/AGV/bumperbot_ws/install/bumperbot_description/share/bumperbot_description/hook/cmake_prefix_path.sh'
[0.644s] Level 1:colcon.colcon_core.environment:checking '/home/wapush/AGV/bumperbot_ws/install/bumperbot_description/bin'
[0.644s] Level 1:colcon.colcon_core.environment:checking '/home/wapush/AGV/bumperbot_ws/install/bumperbot_description/lib/pkgconfig/bumperbot_description.pc'
[0.645s] Level 1:colcon.colcon_core.environment:checking '/home/wapush/AGV/bumperbot_ws/install/bumperbot_description/lib/python3.10/site-packages'
[0.645s] Level 1:colcon.colcon_core.environment:checking '/home/wapush/AGV/bumperbot_ws/install/bumperbot_description/bin'
[0.645s] INFO:colcon.colcon_core.shell:Creating package script '/home/wapush/AGV/bumperbot_ws/install/bumperbot_description/share/bumperbot_description/package.ps1'
[0.646s] INFO:colcon.colcon_core.shell:Creating package descriptor '/home/wapush/AGV/bumperbot_ws/install/bumperbot_description/share/bumperbot_description/package.dsv'
[0.648s] INFO:colcon.colcon_core.shell:Creating package script '/home/wapush/AGV/bumperbot_ws/install/bumperbot_description/share/bumperbot_description/package.sh'
[0.654s] INFO:colcon.colcon_core.shell:Creating package script '/home/wapush/AGV/bumperbot_ws/install/bumperbot_description/share/bumperbot_description/package.bash'
[0.660s] INFO:colcon.colcon_core.shell:Creating package script '/home/wapush/AGV/bumperbot_ws/install/bumperbot_description/share/bumperbot_description/package.zsh'
[0.667s] Level 1:colcon.colcon_core.environment:create_file_with_runtime_dependencies(/home/wapush/AGV/bumperbot_ws/install/bumperbot_description/share/colcon-core/packages/bumperbot_description)
[0.681s] Level 1:colcon.colcon_core.environment:create_environment_scripts_only(bumperbot_cpp_examples)
[0.682s] Level 1:colcon.colcon_core.environment:checking '/home/wapush/AGV/bumperbot_ws/install/bumperbot_cpp_examples' for CMake module files
[0.684s] Level 1:colcon.colcon_core.environment:checking '/home/wapush/AGV/bumperbot_ws/install/bumperbot_cpp_examples' for CMake config files
[0.688s] Level 1:colcon.colcon_core.shell:create_environment_hook('bumperbot_cpp_examples', 'cmake_prefix_path')
[0.688s] INFO:colcon.colcon_core.shell:Creating environment hook '/home/wapush/AGV/bumperbot_ws/install/bumperbot_cpp_examples/share/bumperbot_cpp_examples/hook/cmake_prefix_path.ps1'
[0.698s] INFO:colcon.colcon_core.shell:Creating environment descriptor '/home/wapush/AGV/bumperbot_ws/install/bumperbot_cpp_examples/share/bumperbot_cpp_examples/hook/cmake_prefix_path.dsv'
[0.699s] DEBUG:colcon.colcon_core.event_handler.log_command:Invoked command in '/home/wapush/AGV/bumperbot_ws/build/bumperbot_controller' returned '0': CMAKE_PREFIX_PATH=${CMAKE_PREFIX_PATH}:/home/wapush/AGV/bumperbot_ws/install/bumperbot_py_examples:/opt/ros/humble /usr/bin/cmake --build /home/wapush/AGV/bumperbot_ws/build/bumperbot_controller -- -j20 -l20
[0.699s] DEBUG:colcon.colcon_core.event_handler.log_command:Invoked command in '/home/wapush/AGV/bumperbot_ws/build/bumperbot_firmware' returned '0': CMAKE_PREFIX_PATH=${CMAKE_PREFIX_PATH}:/home/wapush/AGV/bumperbot_ws/install/bumperbot_py_examples:/opt/ros/humble /usr/bin/cmake --build /home/wapush/AGV/bumperbot_ws/build/bumperbot_firmware -- -j20 -l20
[0.699s] DEBUG:colcon.colcon_core.event_handler.log_command:Invoked command in '/home/wapush/AGV/bumperbot_ws/build/bumperbot_description' returned '0': CMAKE_PREFIX_PATH=${CMAKE_PREFIX_PATH}:/home/wapush/AGV/bumperbot_ws/install/bumperbot_py_examples:/opt/ros/humble /usr/bin/cmake --install /home/wapush/AGV/bumperbot_ws/build/bumperbot_description
[0.700s] INFO:colcon.colcon_core.shell:Creating environment hook '/home/wapush/AGV/bumperbot_ws/install/bumperbot_cpp_examples/share/bumperbot_cpp_examples/hook/cmake_prefix_path.sh'
[0.700s] Level 1:colcon.colcon_core.environment:checking '/home/wapush/AGV/bumperbot_ws/install/bumperbot_cpp_examples/bin'
[0.700s] Level 1:colcon.colcon_core.environment:checking '/home/wapush/AGV/bumperbot_ws/install/bumperbot_cpp_examples/lib/pkgconfig/bumperbot_cpp_examples.pc'
[0.701s] Level 1:colcon.colcon_core.environment:checking '/home/wapush/AGV/bumperbot_ws/install/bumperbot_cpp_examples/lib/python3.10/site-packages'
[0.701s] Level 1:colcon.colcon_core.environment:checking '/home/wapush/AGV/bumperbot_ws/install/bumperbot_cpp_examples/bin'
[0.701s] INFO:colcon.colcon_core.shell:Creating package script '/home/wapush/AGV/bumperbot_ws/install/bumperbot_cpp_examples/share/bumperbot_cpp_examples/package.ps1'
[0.701s] INFO:colcon.colcon_core.shell:Creating package descriptor '/home/wapush/AGV/bumperbot_ws/install/bumperbot_cpp_examples/share/bumperbot_cpp_examples/package.dsv'
[0.702s] INFO:colcon.colcon_core.shell:Creating package script '/home/wapush/AGV/bumperbot_ws/install/bumperbot_cpp_examples/share/bumperbot_cpp_examples/package.sh'
[0.702s] INFO:colcon.colcon_core.shell:Creating package script '/home/wapush/AGV/bumperbot_ws/install/bumperbot_cpp_examples/share/bumperbot_cpp_examples/package.bash'
[0.702s] INFO:colcon.colcon_core.shell:Creating package script '/home/wapush/AGV/bumperbot_ws/install/bumperbot_cpp_examples/share/bumperbot_cpp_examples/package.zsh'
[0.702s] Level 1:colcon.colcon_core.environment:create_file_with_runtime_dependencies(/home/wapush/AGV/bumperbot_ws/install/bumperbot_cpp_examples/share/colcon-core/packages/bumperbot_cpp_examples)
[0.705s] DEBUG:colcon.colcon_core.event_handler.log_command:Invoking command in '/home/wapush/AGV/bumperbot_ws/build/bumperbot_controller': CMAKE_PREFIX_PATH=${CMAKE_PREFIX_PATH}:/home/wapush/AGV/bumperbot_ws/install/bumperbot_py_examples:/opt/ros/humble /usr/bin/cmake --install /home/wapush/AGV/bumperbot_ws/build/bumperbot_controller
[0.705s] DEBUG:colcon.colcon_core.event_handler.log_command:Invoking command in '/home/wapush/AGV/bumperbot_ws/build/bumperbot_firmware': CMAKE_PREFIX_PATH=${CMAKE_PREFIX_PATH}:/home/wapush/AGV/bumperbot_ws/install/bumperbot_py_examples:/opt/ros/humble /usr/bin/cmake --install /home/wapush/AGV/bumperbot_ws/build/bumperbot_firmware
[0.707s] Level 1:colcon.colcon_core.environment:create_environment_scripts_only(bumperbot_description)
[0.707s] Level 1:colcon.colcon_core.environment:checking '/home/wapush/AGV/bumperbot_ws/install/bumperbot_description' for CMake module files
[0.711s] Level 1:colcon.colcon_core.environment:checking '/home/wapush/AGV/bumperbot_ws/install/bumperbot_description' for CMake config files
[0.712s] Level 1:colcon.colcon_core.shell:create_environment_hook('bumperbot_description', 'cmake_prefix_path')
[0.713s] INFO:colcon.colcon_core.shell:Creating environment hook '/home/wapush/AGV/bumperbot_ws/install/bumperbot_description/share/bumperbot_description/hook/cmake_prefix_path.ps1'
[0.713s] INFO:colcon.colcon_core.shell:Creating environment descriptor '/home/wapush/AGV/bumperbot_ws/install/bumperbot_description/share/bumperbot_description/hook/cmake_prefix_path.dsv'
[0.713s] INFO:colcon.colcon_core.shell:Creating environment hook '/home/wapush/AGV/bumperbot_ws/install/bumperbot_description/share/bumperbot_description/hook/cmake_prefix_path.sh'
[0.713s] Level 1:colcon.colcon_core.environment:checking '/home/wapush/AGV/bumperbot_ws/install/bumperbot_description/bin'
[0.713s] Level 1:colcon.colcon_core.environment:checking '/home/wapush/AGV/bumperbot_ws/install/bumperbot_description/lib/pkgconfig/bumperbot_description.pc'
[0.714s] Level 1:colcon.colcon_core.environment:checking '/home/wapush/AGV/bumperbot_ws/install/bumperbot_description/lib/python3.10/site-packages'
[0.714s] Level 1:colcon.colcon_core.environment:checking '/home/wapush/AGV/bumperbot_ws/install/bumperbot_description/bin'
[0.714s] INFO:colcon.colcon_core.shell:Creating package script '/home/wapush/AGV/bumperbot_ws/install/bumperbot_description/share/bumperbot_description/package.ps1'
[0.714s] INFO:colcon.colcon_core.shell:Creating package descriptor '/home/wapush/AGV/bumperbot_ws/install/bumperbot_description/share/bumperbot_description/package.dsv'
[0.714s] INFO:colcon.colcon_core.shell:Creating package script '/home/wapush/AGV/bumperbot_ws/install/bumperbot_description/share/bumperbot_description/package.sh'
[0.715s] INFO:colcon.colcon_core.shell:Creating package script '/home/wapush/AGV/bumperbot_ws/install/bumperbot_description/share/bumperbot_description/package.bash'
[0.715s] INFO:colcon.colcon_core.shell:Creating package script '/home/wapush/AGV/bumperbot_ws/install/bumperbot_description/share/bumperbot_description/package.zsh'
[0.715s] Level 1:colcon.colcon_core.environment:create_file_with_runtime_dependencies(/home/wapush/AGV/bumperbot_ws/install/bumperbot_description/share/colcon-core/packages/bumperbot_description)
[0.743s] Level 1:colcon.colcon_core.environment:create_environment_scripts_only(bumperbot_controller)
[0.744s] Level 1:colcon.colcon_core.environment:checking '/home/wapush/AGV/bumperbot_ws/install/bumperbot_controller' for CMake module files
[0.749s] DEBUG:colcon.colcon_core.event_handler.log_command:Invoked command in '/home/wapush/AGV/bumperbot_ws/build/bumperbot_controller' returned '0': CMAKE_PREFIX_PATH=${CMAKE_PREFIX_PATH}:/home/wapush/AGV/bumperbot_ws/install/bumperbot_py_examples:/opt/ros/humble /usr/bin/cmake --install /home/wapush/AGV/bumperbot_ws/build/bumperbot_controller
[0.749s] Level 1:colcon.colcon_core.environment:checking '/home/wapush/AGV/bumperbot_ws/install/bumperbot_controller' for CMake config files
[0.750s] Level 1:colcon.colcon_core.shell:create_environment_hook('bumperbot_controller', 'cmake_prefix_path')
[0.750s] INFO:colcon.colcon_core.shell:Creating environment hook '/home/wapush/AGV/bumperbot_ws/install/bumperbot_controller/share/bumperbot_controller/hook/cmake_prefix_path.ps1'
[0.750s] INFO:colcon.colcon_core.shell:Creating environment descriptor '/home/wapush/AGV/bumperbot_ws/install/bumperbot_controller/share/bumperbot_controller/hook/cmake_prefix_path.dsv'
[0.751s] INFO:colcon.colcon_core.shell:Creating environment hook '/home/wapush/AGV/bumperbot_ws/install/bumperbot_controller/share/bumperbot_controller/hook/cmake_prefix_path.sh'
[0.751s] Level 1:colcon.colcon_core.environment:checking '/home/wapush/AGV/bumperbot_ws/install/bumperbot_controller/lib'
[0.751s] Level 1:colcon.colcon_core.environment:checking '/home/wapush/AGV/bumperbot_ws/install/bumperbot_controller/bin'
[0.751s] Level 1:colcon.colcon_core.environment:checking '/home/wapush/AGV/bumperbot_ws/install/bumperbot_controller/lib/pkgconfig/bumperbot_controller.pc'
[0.751s] Level 1:colcon.colcon_core.environment:checking '/home/wapush/AGV/bumperbot_ws/install/bumperbot_controller/lib/python3.10/site-packages'
[0.751s] Level 1:colcon.colcon_core.environment:checking '/home/wapush/AGV/bumperbot_ws/install/bumperbot_controller/bin'
[0.752s] INFO:colcon.colcon_core.shell:Creating package script '/home/wapush/AGV/bumperbot_ws/install/bumperbot_controller/share/bumperbot_controller/package.ps1'
[0.752s] INFO:colcon.colcon_core.shell:Creating package descriptor '/home/wapush/AGV/bumperbot_ws/install/bumperbot_controller/share/bumperbot_controller/package.dsv'
[0.752s] INFO:colcon.colcon_core.shell:Creating package script '/home/wapush/AGV/bumperbot_ws/install/bumperbot_controller/share/bumperbot_controller/package.sh'
[0.752s] INFO:colcon.colcon_core.shell:Creating package script '/home/wapush/AGV/bumperbot_ws/install/bumperbot_controller/share/bumperbot_controller/package.bash'
[0.753s] INFO:colcon.colcon_core.shell:Creating package script '/home/wapush/AGV/bumperbot_ws/install/bumperbot_controller/share/bumperbot_controller/package.zsh'
[0.753s] Level 1:colcon.colcon_core.environment:create_file_with_runtime_dependencies(/home/wapush/AGV/bumperbot_ws/install/bumperbot_controller/share/colcon-core/packages/bumperbot_controller)
[0.755s] Level 1:colcon.colcon_core.environment:create_environment_scripts_only(bumperbot_firmware)
[0.756s] DEBUG:colcon.colcon_core.event_handler.log_command:Invoked command in '/home/wapush/AGV/bumperbot_ws/build/bumperbot_firmware' returned '0': CMAKE_PREFIX_PATH=${CMAKE_PREFIX_PATH}:/home/wapush/AGV/bumperbot_ws/install/bumperbot_py_examples:/opt/ros/humble /usr/bin/cmake --install /home/wapush/AGV/bumperbot_ws/build/bumperbot_firmware
[0.756s] Level 1:colcon.colcon_core.environment:checking '/home/wapush/AGV/bumperbot_ws/install/bumperbot_firmware' for CMake module files
[0.757s] Level 1:colcon.colcon_core.environment:checking '/home/wapush/AGV/bumperbot_ws/install/bumperbot_firmware' for CMake config files
[0.757s] Level 1:colcon.colcon_core.shell:create_environment_hook('bumperbot_firmware', 'cmake_prefix_path')
[0.757s] INFO:colcon.colcon_core.shell:Creating environment hook '/home/wapush/AGV/bumperbot_ws/install/bumperbot_firmware/share/bumperbot_firmware/hook/cmake_prefix_path.ps1'
[0.758s] INFO:colcon.colcon_core.shell:Creating environment descriptor '/home/wapush/AGV/bumperbot_ws/install/bumperbot_firmware/share/bumperbot_firmware/hook/cmake_prefix_path.dsv'
[0.758s] INFO:colcon.colcon_core.shell:Creating environment hook '/home/wapush/AGV/bumperbot_ws/install/bumperbot_firmware/share/bumperbot_firmware/hook/cmake_prefix_path.sh'
[0.758s] Level 1:colcon.colcon_core.environment:checking '/home/wapush/AGV/bumperbot_ws/install/bumperbot_firmware/lib'
[0.758s] Level 1:colcon.colcon_core.shell:create_environment_hook('bumperbot_firmware', 'ld_library_path_lib')
[0.758s] INFO:colcon.colcon_core.shell:Creating environment hook '/home/wapush/AGV/bumperbot_ws/install/bumperbot_firmware/share/bumperbot_firmware/hook/ld_library_path_lib.ps1'
[0.758s] INFO:colcon.colcon_core.shell:Creating environment descriptor '/home/wapush/AGV/bumperbot_ws/install/bumperbot_firmware/share/bumperbot_firmware/hook/ld_library_path_lib.dsv'
[0.759s] INFO:colcon.colcon_core.shell:Creating environment hook '/home/wapush/AGV/bumperbot_ws/install/bumperbot_firmware/share/bumperbot_firmware/hook/ld_library_path_lib.sh'
[0.759s] Level 1:colcon.colcon_core.environment:checking '/home/wapush/AGV/bumperbot_ws/install/bumperbot_firmware/bin'
[0.759s] Level 1:colcon.colcon_core.environment:checking '/home/wapush/AGV/bumperbot_ws/install/bumperbot_firmware/lib/pkgconfig/bumperbot_firmware.pc'
[0.759s] Level 1:colcon.colcon_core.environment:checking '/home/wapush/AGV/bumperbot_ws/install/bumperbot_firmware/lib/python3.10/site-packages'
[0.759s] Level 1:colcon.colcon_core.environment:checking '/home/wapush/AGV/bumperbot_ws/install/bumperbot_firmware/bin'
[0.759s] INFO:colcon.colcon_core.shell:Creating package script '/home/wapush/AGV/bumperbot_ws/install/bumperbot_firmware/share/bumperbot_firmware/package.ps1'
[0.760s] INFO:colcon.colcon_core.shell:Creating package descriptor '/home/wapush/AGV/bumperbot_ws/install/bumperbot_firmware/share/bumperbot_firmware/package.dsv'
[0.760s] INFO:colcon.colcon_core.shell:Creating package script '/home/wapush/AGV/bumperbot_ws/install/bumperbot_firmware/share/bumperbot_firmware/package.sh'
[0.760s] INFO:colcon.colcon_core.shell:Creating package script '/home/wapush/AGV/bumperbot_ws/install/bumperbot_firmware/share/bumperbot_firmware/package.bash'
[0.761s] INFO:colcon.colcon_core.shell:Creating package script '/home/wapush/AGV/bumperbot_ws/install/bumperbot_firmware/share/bumperbot_firmware/package.zsh'
[0.761s] Level 1:colcon.colcon_core.environment:create_file_with_runtime_dependencies(/home/wapush/AGV/bumperbot_ws/install/bumperbot_firmware/share/colcon-core/packages/bumperbot_firmware)
[0.764s] DEBUG:colcon.colcon_core.event_handler.log_command:Invoked command in '/home/wapush/AGV/bumperbot_ws/build/bumperbot_utils' returned '0': CMAKE_PREFIX_PATH=${CMAKE_PREFIX_PATH}:/home/wapush/AGV/bumperbot_ws/install/bumperbot_py_examples:/opt/ros/humble /usr/bin/cmake --build /home/wapush/AGV/bumperbot_ws/build/bumperbot_utils -- -j20 -l20
[0.768s] DEBUG:colcon.colcon_core.event_handler.log_command:Invoking command in '/home/wapush/AGV/bumperbot_ws/src/bumperbot_py_examples': PYTHONPATH=/home/wapush/AGV/bumperbot_ws/build/bumperbot_py_examples/prefix_override:/usr/lib/python3/dist-packages/colcon_core/task/python/colcon_distutils_commands:/home/wapush/AGV/bumperbot_ws/install/bumperbot_py_examples/lib/python3.10/site-packages:${PYTHONPATH} /usr/bin/python3 -W ignore:setup.py install is deprecated setup.py egg_info --egg-base ../../build/bumperbot_py_examples build --build-base /home/wapush/AGV/bumperbot_ws/build/bumperbot_py_examples/build install --record /home/wapush/AGV/bumperbot_ws/build/bumperbot_py_examples/install.log --single-version-externally-managed install_data
[0.773s] Level 1:colcon.colcon_core.environment:create_environment_scripts_only(bumperbot_controller)
[0.774s] Level 1:colcon.colcon_core.environment:checking '/home/wapush/AGV/bumperbot_ws/install/bumperbot_controller' for CMake module files
[0.774s] Level 1:colcon.colcon_core.environment:checking '/home/wapush/AGV/bumperbot_ws/install/bumperbot_controller' for CMake config files
[0.774s] Level 1:colcon.colcon_core.shell:create_environment_hook('bumperbot_controller', 'cmake_prefix_path')
[0.774s] INFO:colcon.colcon_core.shell:Creating environment hook '/home/wapush/AGV/bumperbot_ws/install/bumperbot_controller/share/bumperbot_controller/hook/cmake_prefix_path.ps1'
[0.775s] INFO:colcon.colcon_core.shell:Creating environment descriptor '/home/wapush/AGV/bumperbot_ws/install/bumperbot_controller/share/bumperbot_controller/hook/cmake_prefix_path.dsv'
[0.775s] INFO:colcon.colcon_core.shell:Creating environment hook '/home/wapush/AGV/bumperbot_ws/install/bumperbot_controller/share/bumperbot_controller/hook/cmake_prefix_path.sh'
[0.776s] Level 1:colcon.colcon_core.environment:checking '/home/wapush/AGV/bumperbot_ws/install/bumperbot_controller/lib'
[0.776s] Level 1:colcon.colcon_core.environment:checking '/home/wapush/AGV/bumperbot_ws/install/bumperbot_controller/bin'
[0.776s] Level 1:colcon.colcon_core.environment:checking '/home/wapush/AGV/bumperbot_ws/install/bumperbot_controller/lib/pkgconfig/bumperbot_controller.pc'
[0.776s] Level 1:colcon.colcon_core.environment:checking '/home/wapush/AGV/bumperbot_ws/install/bumperbot_controller/lib/python3.10/site-packages'
[0.776s] Level 1:colcon.colcon_core.environment:checking '/home/wapush/AGV/bumperbot_ws/install/bumperbot_controller/bin'
[0.777s] INFO:colcon.colcon_core.shell:Creating package script '/home/wapush/AGV/bumperbot_ws/install/bumperbot_controller/share/bumperbot_controller/package.ps1'
[0.777s] INFO:colcon.colcon_core.shell:Creating package descriptor '/home/wapush/AGV/bumperbot_ws/install/bumperbot_controller/share/bumperbot_controller/package.dsv'
[0.777s] INFO:colcon.colcon_core.shell:Creating package script '/home/wapush/AGV/bumperbot_ws/install/bumperbot_controller/share/bumperbot_controller/package.sh'
[0.778s] INFO:colcon.colcon_core.shell:Creating package script '/home/wapush/AGV/bumperbot_ws/install/bumperbot_controller/share/bumperbot_controller/package.bash'
[0.778s] INFO:colcon.colcon_core.shell:Creating package script '/home/wapush/AGV/bumperbot_ws/install/bumperbot_controller/share/bumperbot_controller/package.zsh'
[0.778s] Level 1:colcon.colcon_core.environment:create_file_with_runtime_dependencies(/home/wapush/AGV/bumperbot_ws/install/bumperbot_controller/share/colcon-core/packages/bumperbot_controller)
[0.785s] DEBUG:colcon.colcon_core.event_handler.log_command:Invoking command in '/home/wapush/AGV/bumperbot_ws/build/bumperbot_utils': CMAKE_PREFIX_PATH=${CMAKE_PREFIX_PATH}:/home/wapush/AGV/bumperbot_ws/install/bumperbot_py_examples:/opt/ros/humble /usr/bin/cmake --install /home/wapush/AGV/bumperbot_ws/build/bumperbot_utils
[0.787s] Level 1:colcon.colcon_core.environment:create_environment_scripts_only(bumperbot_firmware)
[0.787s] Level 1:colcon.colcon_core.environment:checking '/home/wapush/AGV/bumperbot_ws/install/bumperbot_firmware' for CMake module files
[0.788s] Level 1:colcon.colcon_core.environment:checking '/home/wapush/AGV/bumperbot_ws/install/bumperbot_firmware' for CMake config files
[0.788s] Level 1:colcon.colcon_core.shell:create_environment_hook('bumperbot_firmware', 'cmake_prefix_path')
[0.788s] INFO:colcon.colcon_core.shell:Creating environment hook '/home/wapush/AGV/bumperbot_ws/install/bumperbot_firmware/share/bumperbot_firmware/hook/cmake_prefix_path.ps1'
[0.789s] INFO:colcon.colcon_core.shell:Creating environment descriptor '/home/wapush/AGV/bumperbot_ws/install/bumperbot_firmware/share/bumperbot_firmware/hook/cmake_prefix_path.dsv'
[0.789s] INFO:colcon.colcon_core.shell:Creating environment hook '/home/wapush/AGV/bumperbot_ws/install/bumperbot_firmware/share/bumperbot_firmware/hook/cmake_prefix_path.sh'
[0.789s] Level 1:colcon.colcon_core.environment:checking '/home/wapush/AGV/bumperbot_ws/install/bumperbot_firmware/lib'
[0.791s] Level 1:colcon.colcon_core.shell:create_environment_hook('bumperbot_firmware', 'ld_library_path_lib')
[0.791s] INFO:colcon.colcon_core.shell:Creating environment hook '/home/wapush/AGV/bumperbot_ws/install/bumperbot_firmware/share/bumperbot_firmware/hook/ld_library_path_lib.ps1'
[0.793s] INFO:colcon.colcon_core.shell:Creating environment descriptor '/home/wapush/AGV/bumperbot_ws/install/bumperbot_firmware/share/bumperbot_firmware/hook/ld_library_path_lib.dsv'
[0.793s] INFO:colcon.colcon_core.shell:Creating environment hook '/home/wapush/AGV/bumperbot_ws/install/bumperbot_firmware/share/bumperbot_firmware/hook/ld_library_path_lib.sh'
[0.794s] Level 1:colcon.colcon_core.environment:checking '/home/wapush/AGV/bumperbot_ws/install/bumperbot_firmware/bin'
[0.794s] Level 1:colcon.colcon_core.environment:checking '/home/wapush/AGV/bumperbot_ws/install/bumperbot_firmware/lib/pkgconfig/bumperbot_firmware.pc'
[0.794s] Level 1:colcon.colcon_core.environment:checking '/home/wapush/AGV/bumperbot_ws/install/bumperbot_firmware/lib/python3.10/site-packages'
[0.794s] Level 1:colcon.colcon_core.environment:checking '/home/wapush/AGV/bumperbot_ws/install/bumperbot_firmware/bin'
[0.794s] INFO:colcon.colcon_core.shell:Creating package script '/home/wapush/AGV/bumperbot_ws/install/bumperbot_firmware/share/bumperbot_firmware/package.ps1'
[0.795s] INFO:colcon.colcon_core.shell:Creating package descriptor '/home/wapush/AGV/bumperbot_ws/install/bumperbot_firmware/share/bumperbot_firmware/package.dsv'
[0.795s] INFO:colcon.colcon_core.shell:Creating package script '/home/wapush/AGV/bumperbot_ws/install/bumperbot_firmware/share/bumperbot_firmware/package.sh'
[0.795s] INFO:colcon.colcon_core.shell:Creating package script '/home/wapush/AGV/bumperbot_ws/install/bumperbot_firmware/share/bumperbot_firmware/package.bash'
[0.796s] INFO:colcon.colcon_core.shell:Creating package script '/home/wapush/AGV/bumperbot_ws/install/bumperbot_firmware/share/bumperbot_firmware/package.zsh'
[0.796s] Level 1:colcon.colcon_core.environment:create_file_with_runtime_dependencies(/home/wapush/AGV/bumperbot_ws/install/bumperbot_firmware/share/colcon-core/packages/bumperbot_firmware)
[0.819s] Level 1:colcon.colcon_core.environment:create_environment_scripts_only(bumperbot_utils)
[0.820s] Level 1:colcon.colcon_core.environment:checking '/home/wapush/AGV/bumperbot_ws/install/bumperbot_utils' for CMake module files
[0.820s] DEBUG:colcon.colcon_core.event_handler.log_command:Invoked command in '/home/wapush/AGV/bumperbot_ws/build/bumperbot_utils' returned '0': CMAKE_PREFIX_PATH=${CMAKE_PREFIX_PATH}:/home/wapush/AGV/bumperbot_ws/install/bumperbot_py_examples:/opt/ros/humble /usr/bin/cmake --install /home/wapush/AGV/bumperbot_ws/build/bumperbot_utils
[0.820s] Level 1:colcon.colcon_core.environment:checking '/home/wapush/AGV/bumperbot_ws/install/bumperbot_utils' for CMake config files
[0.821s] Level 1:colcon.colcon_core.shell:create_environment_hook('bumperbot_utils', 'cmake_prefix_path')
[0.821s] INFO:colcon.colcon_core.shell:Creating environment hook '/home/wapush/AGV/bumperbot_ws/install/bumperbot_utils/share/bumperbot_utils/hook/cmake_prefix_path.ps1'
[0.821s] INFO:colcon.colcon_core.shell:Creating environment descriptor '/home/wapush/AGV/bumperbot_ws/install/bumperbot_utils/share/bumperbot_utils/hook/cmake_prefix_path.dsv'
[0.821s] INFO:colcon.colcon_core.shell:Creating environment hook '/home/wapush/AGV/bumperbot_ws/install/bumperbot_utils/share/bumperbot_utils/hook/cmake_prefix_path.sh'
[0.822s] Level 1:colcon.colcon_core.environment:checking '/home/wapush/AGV/bumperbot_ws/install/bumperbot_utils/lib'
[0.822s] Level 1:colcon.colcon_core.environment:checking '/home/wapush/AGV/bumperbot_ws/install/bumperbot_utils/bin'
[0.822s] Level 1:colcon.colcon_core.environment:checking '/home/wapush/AGV/bumperbot_ws/install/bumperbot_utils/lib/pkgconfig/bumperbot_utils.pc'
[0.822s] Level 1:colcon.colcon_core.environment:checking '/home/wapush/AGV/bumperbot_ws/install/bumperbot_utils/lib/python3.10/site-packages'
[0.822s] Level 1:colcon.colcon_core.environment:checking '/home/wapush/AGV/bumperbot_ws/install/bumperbot_utils/bin'
[0.822s] INFO:colcon.colcon_core.shell:Creating package script '/home/wapush/AGV/bumperbot_ws/install/bumperbot_utils/share/bumperbot_utils/package.ps1'
[0.823s] INFO:colcon.colcon_core.shell:Creating package descriptor '/home/wapush/AGV/bumperbot_ws/install/bumperbot_utils/share/bumperbot_utils/package.dsv'
[0.823s] INFO:colcon.colcon_core.shell:Creating package script '/home/wapush/AGV/bumperbot_ws/install/bumperbot_utils/share/bumperbot_utils/package.sh'
[0.823s] INFO:colcon.colcon_core.shell:Creating package script '/home/wapush/AGV/bumperbot_ws/install/bumperbot_utils/share/bumperbot_utils/package.bash'
[0.823s] INFO:colcon.colcon_core.shell:Creating package script '/home/wapush/AGV/bumperbot_ws/install/bumperbot_utils/share/bumperbot_utils/package.zsh'
[0.823s] Level 1:colcon.colcon_core.environment:create_file_with_runtime_dependencies(/home/wapush/AGV/bumperbot_ws/install/bumperbot_utils/share/colcon-core/packages/bumperbot_utils)
[0.844s] Level 1:colcon.colcon_core.environment:create_environment_scripts_only(bumperbot_utils)
[0.844s] Level 1:colcon.colcon_core.environment:checking '/home/wapush/AGV/bumperbot_ws/install/bumperbot_utils' for CMake module files
[0.844s] Level 1:colcon.colcon_core.environment:checking '/home/wapush/AGV/bumperbot_ws/install/bumperbot_utils' for CMake config files
[0.844s] Level 1:colcon.colcon_core.shell:create_environment_hook('bumperbot_utils', 'cmake_prefix_path')
[0.844s] INFO:colcon.colcon_core.shell:Creating environment hook '/home/wapush/AGV/bumperbot_ws/install/bumperbot_utils/share/bumperbot_utils/hook/cmake_prefix_path.ps1'
[0.845s] INFO:colcon.colcon_core.shell:Creating environment descriptor '/home/wapush/AGV/bumperbot_ws/install/bumperbot_utils/share/bumperbot_utils/hook/cmake_prefix_path.dsv'
[0.845s] INFO:colcon.colcon_core.shell:Creating environment hook '/home/wapush/AGV/bumperbot_ws/install/bumperbot_utils/share/bumperbot_utils/hook/cmake_prefix_path.sh'
[0.845s] Level 1:colcon.colcon_core.environment:checking '/home/wapush/AGV/bumperbot_ws/install/bumperbot_utils/lib'
[0.845s] Level 1:colcon.colcon_core.environment:checking '/home/wapush/AGV/bumperbot_ws/install/bumperbot_utils/bin'
[0.845s] Level 1:colcon.colcon_core.environment:checking '/home/wapush/AGV/bumperbot_ws/install/bumperbot_utils/lib/pkgconfig/bumperbot_utils.pc'
[0.845s] Level 1:colcon.colcon_core.environment:checking '/home/wapush/AGV/bumperbot_ws/install/bumperbot_utils/lib/python3.10/site-packages'
[0.846s] Level 1:colcon.colcon_core.environment:checking '/home/wapush/AGV/bumperbot_ws/install/bumperbot_utils/bin'
[0.846s] INFO:colcon.colcon_core.shell:Creating package script '/home/wapush/AGV/bumperbot_ws/install/bumperbot_utils/share/bumperbot_utils/package.ps1'
[0.846s] INFO:colcon.colcon_core.shell:Creating package descriptor '/home/wapush/AGV/bumperbot_ws/install/bumperbot_utils/share/bumperbot_utils/package.dsv'
[0.846s] INFO:colcon.colcon_core.shell:Creating package script '/home/wapush/AGV/bumperbot_ws/install/bumperbot_utils/share/bumperbot_utils/package.sh'
[0.847s] INFO:colcon.colcon_core.shell:Creating package script '/home/wapush/AGV/bumperbot_ws/install/bumperbot_utils/share/bumperbot_utils/package.bash'
[0.847s] INFO:colcon.colcon_core.shell:Creating package script '/home/wapush/AGV/bumperbot_ws/install/bumperbot_utils/share/bumperbot_utils/package.zsh'
[0.847s] Level 1:colcon.colcon_core.environment:create_file_with_runtime_dependencies(/home/wapush/AGV/bumperbot_ws/install/bumperbot_utils/share/colcon-core/packages/bumperbot_utils)
[0.943s] Level 1:colcon.colcon_core.environment:checking '/home/wapush/AGV/bumperbot_ws/install/bumperbot_py_examples' for CMake module files
[0.943s] DEBUG:colcon.colcon_core.event_handler.log_command:Invoked command in '/home/wapush/AGV/bumperbot_ws/src/bumperbot_py_examples' returned '0': PYTHONPATH=/home/wapush/AGV/bumperbot_ws/build/bumperbot_py_examples/prefix_override:/usr/lib/python3/dist-packages/colcon_core/task/python/colcon_distutils_commands:/home/wapush/AGV/bumperbot_ws/install/bumperbot_py_examples/lib/python3.10/site-packages:${PYTHONPATH} /usr/bin/python3 -W ignore:setup.py install is deprecated setup.py egg_info --egg-base ../../build/bumperbot_py_examples build --build-base /home/wapush/AGV/bumperbot_ws/build/bumperbot_py_examples/build install --record /home/wapush/AGV/bumperbot_ws/build/bumperbot_py_examples/install.log --single-version-externally-managed install_data
[0.943s] Level 1:colcon.colcon_core.environment:checking '/home/wapush/AGV/bumperbot_ws/install/bumperbot_py_examples' for CMake config files
[0.944s] Level 1:colcon.colcon_core.environment:checking '/home/wapush/AGV/bumperbot_ws/install/bumperbot_py_examples/lib'
[0.944s] Level 1:colcon.colcon_core.environment:checking '/home/wapush/AGV/bumperbot_ws/install/bumperbot_py_examples/bin'
[0.944s] Level 1:colcon.colcon_core.environment:checking '/home/wapush/AGV/bumperbot_ws/install/bumperbot_py_examples/lib/pkgconfig/bumperbot_py_examples.pc'
[0.944s] Level 1:colcon.colcon_core.environment:checking '/home/wapush/AGV/bumperbot_ws/install/bumperbot_py_examples/lib/python3.10/site-packages'
[0.944s] Level 1:colcon.colcon_core.shell:create_environment_hook('bumperbot_py_examples', 'pythonpath')
[0.944s] INFO:colcon.colcon_core.shell:Creating environment hook '/home/wapush/AGV/bumperbot_ws/install/bumperbot_py_examples/share/bumperbot_py_examples/hook/pythonpath.ps1'
[0.944s] INFO:colcon.colcon_core.shell:Creating environment descriptor '/home/wapush/AGV/bumperbot_ws/install/bumperbot_py_examples/share/bumperbot_py_examples/hook/pythonpath.dsv'
[0.945s] INFO:colcon.colcon_core.shell:Creating environment hook '/home/wapush/AGV/bumperbot_ws/install/bumperbot_py_examples/share/bumperbot_py_examples/hook/pythonpath.sh'
[0.945s] Level 1:colcon.colcon_core.environment:checking '/home/wapush/AGV/bumperbot_ws/install/bumperbot_py_examples/bin'
[0.945s] Level 1:colcon.colcon_core.environment:create_environment_scripts_only(bumperbot_py_examples)
[0.945s] INFO:colcon.colcon_core.shell:Creating package script '/home/wapush/AGV/bumperbot_ws/install/bumperbot_py_examples/share/bumperbot_py_examples/package.ps1'
[0.946s] INFO:colcon.colcon_core.shell:Creating package descriptor '/home/wapush/AGV/bumperbot_ws/install/bumperbot_py_examples/share/bumperbot_py_examples/package.dsv'
[0.946s] INFO:colcon.colcon_core.shell:Creating package script '/home/wapush/AGV/bumperbot_ws/install/bumperbot_py_examples/share/bumperbot_py_examples/package.sh'
[0.946s] INFO:colcon.colcon_core.shell:Creating package script '/home/wapush/AGV/bumperbot_ws/install/bumperbot_py_examples/share/bumperbot_py_examples/package.bash'
[0.946s] INFO:colcon.colcon_core.shell:Creating package script '/home/wapush/AGV/bumperbot_ws/install/bumperbot_py_examples/share/bumperbot_py_examples/package.zsh'
[0.947s] Level 1:colcon.colcon_core.environment:create_file_with_runtime_dependencies(/home/wapush/AGV/bumperbot_ws/install/bumperbot_py_examples/share/colcon-core/packages/bumperbot_py_examples)
[0.947s] DEBUG:colcon.colcon_parallel_executor.executor.parallel:closing loop
[0.947s] DEBUG:colcon.colcon_parallel_executor.executor.parallel:loop closed
[0.947s] DEBUG:colcon.colcon_parallel_executor.executor.parallel:run_until_complete finished with '0'
[0.948s] DEBUG:colcon.colcon_core.event_reactor:joining thread
[1.011s] INFO:colcon.colcon_core.plugin_system:Skipping extension 'colcon_notification.desktop_notification.notify_send': Could not find 'notify-send'
[1.011s] INFO:colcon.colcon_core.plugin_system:Skipping extension 'colcon_notification.desktop_notification.terminal_notifier': Not used on non-Darwin systems
[1.011s] INFO:colcon.colcon_core.plugin_system:Skipping extension 'colcon_notification.desktop_notification.win32': Not used on non-Windows systems
[1.011s] INFO:colcon.colcon_notification.desktop_notification:Sending desktop notification using 'notify2'
[1.011s] DEBUG:colcon.colcon_notification.desktop_notification.notify2:Failed to initialize notify2: org.freedesktop.DBus.Error.FileNotFound: Failed to connect to socket /run/user/1000/bus: No such file or directory
[1.011s] DEBUG:colcon.colcon_core.event_reactor:joined thread
[1.011s] INFO:colcon.colcon_core.shell:Creating prefix script '/home/wapush/AGV/bumperbot_ws/install/local_setup.ps1'
[1.012s] INFO:colcon.colcon_core.shell:Creating prefix util module '/home/wapush/AGV/bumperbot_ws/install/_local_setup_util_ps1.py'
[1.013s] INFO:colcon.colcon_core.shell:Creating prefix chain script '/home/wapush/AGV/bumperbot_ws/install/setup.ps1'
[1.014s] INFO:colcon.colcon_core.shell:Creating prefix script '/home/wapush/AGV/bumperbot_ws/install/local_setup.sh'
[1.014s] INFO:colcon.colcon_core.shell:Creating prefix util module '/home/wapush/AGV/bumperbot_ws/install/_local_setup_util_sh.py'
[1.014s] INFO:colcon.colcon_core.shell:Creating prefix chain script '/home/wapush/AGV/bumperbot_ws/install/setup.sh'
[1.015s] INFO:colcon.colcon_core.shell:Creating prefix script '/home/wapush/AGV/bumperbot_ws/install/local_setup.bash'
[1.015s] INFO:colcon.colcon_core.shell:Creating prefix chain script '/home/wapush/AGV/bumperbot_ws/install/setup.bash'
[1.016s] INFO:colcon.colcon_core.shell:Creating prefix script '/home/wapush/AGV/bumperbot_ws/install/local_setup.zsh'
[1.016s] INFO:colcon.colcon_core.shell:Creating prefix chain script '/home/wapush/AGV/bumperbot_ws/install/setup.zsh'
