[0.019s] Invoking command in '/home/wapush/AGV/bumperbot_ws/build/bumperbot_description': CMAKE_PREFIX_PATH=/opt/ros/humble /usr/bin/cmake /home/wapush/AGV/bumperbot_ws/src/bumperbot_description -DCMAKE_INSTALL_PREFIX=/home/wapush/AGV/bumperbot_ws/install/bumperbot_description
[0.179s] -- The C compiler identification is GNU 11.4.0
[0.492s] -- The CXX compiler identification is GNU 11.4.0
[0.693s] -- Detecting C compiler ABI info
[0.775s] -- Detecting C compiler ABI info - done
[0.779s] -- Check for working C compiler: /usr/bin/cc - skipped
[0.779s] -- Detecting C compile features
[0.779s] -- Detecting C compile features - done
[0.781s] -- Detecting CXX compiler ABI info
[0.864s] -- Detecting CXX compiler ABI info - done
[0.868s] -- Check for working CXX compiler: /usr/bin/c++ - skipped
[0.869s] -- Detecting CXX compile features
[0.869s] -- Detecting CXX compile features - done
[0.883s] -- Found ament_cmake: 1.3.10 (/opt/ros/humble/share/ament_cmake/cmake)
[0.974s] -- Found Python3: /usr/bin/python3 (found version "3.10.12") found components: Interpreter 
[1.043s] -- Found ament_lint_auto: 0.12.11 (/opt/ros/humble/share/ament_lint_auto/cmake)
[1.096s] -- Added test 'flake8' to check Python code syntax and style conventions
[1.097s] -- Added test 'lint_cmake' to check CMake code style
[1.097s] -- Added test 'pep257' to check Python code against some of the docstring style conventions in PEP 257
[1.098s] -- Added test 'xmllint' to check XML markup files
[1.099s] -- Configuring done
[1.103s] -- Generating done
[1.103s] -- Build files have been written to: /home/wapush/AGV/bumperbot_ws/build/bumperbot_description
[1.109s] Invoked command in '/home/wapush/AGV/bumperbot_ws/build/bumperbot_description' returned '0': CMAKE_PREFIX_PATH=/opt/ros/humble /usr/bin/cmake /home/wapush/AGV/bumperbot_ws/src/bumperbot_description -DCMAKE_INSTALL_PREFIX=/home/wapush/AGV/bumperbot_ws/install/bumperbot_description
[1.111s] Invoking command in '/home/wapush/AGV/bumperbot_ws/build/bumperbot_description': CMAKE_PREFIX_PATH=/opt/ros/humble /usr/bin/cmake --build /home/wapush/AGV/bumperbot_ws/build/bumperbot_description -- -j20 -l20
[1.130s] Invoked command in '/home/wapush/AGV/bumperbot_ws/build/bumperbot_description' returned '0': CMAKE_PREFIX_PATH=/opt/ros/humble /usr/bin/cmake --build /home/wapush/AGV/bumperbot_ws/build/bumperbot_description -- -j20 -l20
[1.148s] Invoking command in '/home/wapush/AGV/bumperbot_ws/build/bumperbot_description': CMAKE_PREFIX_PATH=/opt/ros/humble /usr/bin/cmake --install /home/wapush/AGV/bumperbot_ws/build/bumperbot_description
[1.152s] -- Install configuration: ""
[1.152s] -- Installing: /home/wapush/AGV/bumperbot_ws/install/bumperbot_description/share/bumperbot_description/meshes
[1.152s] -- Installing: /home/wapush/AGV/bumperbot_ws/install/bumperbot_description/share/bumperbot_description/meshes/wheel_left_link.STL
[1.153s] -- Installing: /home/wapush/AGV/bumperbot_ws/install/bumperbot_description/share/bumperbot_description/meshes/wheel_left_link.STL:Zone.Identifier
[1.153s] -- Installing: /home/wapush/AGV/bumperbot_ws/install/bumperbot_description/share/bumperbot_description/meshes/wheel_right_link.STL:Zone.Identifier
[1.153s] -- Installing: /home/wapush/AGV/bumperbot_ws/install/bumperbot_description/share/bumperbot_description/meshes/caster_front_link.STL
[1.153s] -- Installing: /home/wapush/AGV/bumperbot_ws/install/bumperbot_description/share/bumperbot_description/meshes/wheel_right_link.STL
[1.154s] -- Installing: /home/wapush/AGV/bumperbot_ws/install/bumperbot_description/share/bumperbot_description/meshes/base_link.STL:Zone.Identifier
[1.154s] -- Installing: /home/wapush/AGV/bumperbot_ws/install/bumperbot_description/share/bumperbot_description/meshes/caster_front_link.STL:Zone.Identifier
[1.154s] -- Installing: /home/wapush/AGV/bumperbot_ws/install/bumperbot_description/share/bumperbot_description/meshes/imu_link.STL
[1.155s] -- Installing: /home/wapush/AGV/bumperbot_ws/install/bumperbot_description/share/bumperbot_description/meshes/imu_link.STL:Zone.Identifier
[1.155s] -- Installing: /home/wapush/AGV/bumperbot_ws/install/bumperbot_description/share/bumperbot_description/meshes/base_link.STL
[1.163s] -- Installing: /home/wapush/AGV/bumperbot_ws/install/bumperbot_description/share/bumperbot_description/meshes/caster_rear_link.STL:Zone.Identifier
[1.163s] -- Installing: /home/wapush/AGV/bumperbot_ws/install/bumperbot_description/share/bumperbot_description/meshes/caster_rear_link.STL
[1.163s] -- Installing: /home/wapush/AGV/bumperbot_ws/install/bumperbot_description/share/bumperbot_description/urdf
[1.163s] -- Installing: /home/wapush/AGV/bumperbot_ws/install/bumperbot_description/share/bumperbot_description/urdf/bumperbot_ros2_control.xacro
[1.164s] -- Installing: /home/wapush/AGV/bumperbot_ws/install/bumperbot_description/share/bumperbot_description/urdf/bumperbot.urdf.xacro
[1.164s] -- Installing: /home/wapush/AGV/bumperbot_ws/install/bumperbot_description/share/bumperbot_description/urdf/bumperbot.gazebo.xacro
[1.164s] -- Installing: /home/wapush/AGV/bumperbot_ws/install/bumperbot_description/share/bumperbot_description/launch
[1.164s] -- Installing: /home/wapush/AGV/bumperbot_ws/install/bumperbot_description/share/bumperbot_description/launch/display.launch.py
[1.164s] -- Installing: /home/wapush/AGV/bumperbot_ws/install/bumperbot_description/share/bumperbot_description/launch/gazebo.launch.py
[1.165s] -- Installing: /home/wapush/AGV/bumperbot_ws/install/bumperbot_description/share/bumperbot_description/rviz
[1.165s] -- Installing: /home/wapush/AGV/bumperbot_ws/install/bumperbot_description/share/bumperbot_description/rviz/display.rviz
[1.165s] -- Installing: /home/wapush/AGV/bumperbot_ws/install/bumperbot_description/share/bumperbot_description/models
[1.165s] -- Installing: /home/wapush/AGV/bumperbot_ws/install/bumperbot_description/share/bumperbot_description/models/ground_plane
[1.165s] -- Installing: /home/wapush/AGV/bumperbot_ws/install/bumperbot_description/share/bumperbot_description/models/ground_plane/model.sdf:Zone.Identifier
[1.165s] -- Installing: /home/wapush/AGV/bumperbot_ws/install/bumperbot_description/share/bumperbot_description/models/ground_plane/model-1_2.sdf
[1.165s] -- Installing: /home/wapush/AGV/bumperbot_ws/install/bumperbot_description/share/bumperbot_description/models/ground_plane/model-1_2.sdf:Zone.Identifier
[1.165s] -- Installing: /home/wapush/AGV/bumperbot_ws/install/bumperbot_description/share/bumperbot_description/models/ground_plane/model.config:Zone.Identifier
[1.165s] -- Installing: /home/wapush/AGV/bumperbot_ws/install/bumperbot_description/share/bumperbot_description/models/ground_plane/model-1_4.sdf:Zone.Identifier
[1.165s] -- Installing: /home/wapush/AGV/bumperbot_ws/install/bumperbot_description/share/bumperbot_description/models/ground_plane/model-1_4.sdf
[1.166s] -- Installing: /home/wapush/AGV/bumperbot_ws/install/bumperbot_description/share/bumperbot_description/models/ground_plane/model-1_3.sdf:Zone.Identifier
[1.166s] -- Installing: /home/wapush/AGV/bumperbot_ws/install/bumperbot_description/share/bumperbot_description/models/ground_plane/model.config
[1.166s] -- Installing: /home/wapush/AGV/bumperbot_ws/install/bumperbot_description/share/bumperbot_description/models/ground_plane/model.sdf
[1.166s] -- Installing: /home/wapush/AGV/bumperbot_ws/install/bumperbot_description/share/bumperbot_description/models/ground_plane/model-1_3.sdf
[1.166s] -- Installing: /home/wapush/AGV/bumperbot_ws/install/bumperbot_description/share/bumperbot_description/models/sun
[1.166s] -- Installing: /home/wapush/AGV/bumperbot_ws/install/bumperbot_description/share/bumperbot_description/models/sun/model.sdf:Zone.Identifier
[1.167s] -- Installing: /home/wapush/AGV/bumperbot_ws/install/bumperbot_description/share/bumperbot_description/models/sun/model-1_2.sdf
[1.167s] -- Installing: /home/wapush/AGV/bumperbot_ws/install/bumperbot_description/share/bumperbot_description/models/sun/model-1_2.sdf:Zone.Identifier
[1.167s] -- Installing: /home/wapush/AGV/bumperbot_ws/install/bumperbot_description/share/bumperbot_description/models/sun/model.config:Zone.Identifier
[1.167s] -- Installing: /home/wapush/AGV/bumperbot_ws/install/bumperbot_description/share/bumperbot_description/models/sun/model-1_4.sdf:Zone.Identifier
[1.168s] -- Installing: /home/wapush/AGV/bumperbot_ws/install/bumperbot_description/share/bumperbot_description/models/sun/model-1_4.sdf
[1.168s] -- Installing: /home/wapush/AGV/bumperbot_ws/install/bumperbot_description/share/bumperbot_description/models/sun/model-1_3.sdf:Zone.Identifier
[1.168s] -- Installing: /home/wapush/AGV/bumperbot_ws/install/bumperbot_description/share/bumperbot_description/models/sun/model.config
[1.168s] -- Installing: /home/wapush/AGV/bumperbot_ws/install/bumperbot_description/share/bumperbot_description/models/sun/model.sdf
[1.168s] -- Installing: /home/wapush/AGV/bumperbot_ws/install/bumperbot_description/share/bumperbot_description/models/sun/model-1_3.sdf
[1.168s] -- Installing: /home/wapush/AGV/bumperbot_ws/install/bumperbot_description/share/ament_index/resource_index/package_run_dependencies/bumperbot_description
[1.168s] -- Installing: /home/wapush/AGV/bumperbot_ws/install/bumperbot_description/share/ament_index/resource_index/parent_prefix_path/bumperbot_description
[1.168s] -- Installing: /home/wapush/AGV/bumperbot_ws/install/bumperbot_description/share/bumperbot_description/environment/ament_prefix_path.sh
[1.168s] -- Installing: /home/wapush/AGV/bumperbot_ws/install/bumperbot_description/share/bumperbot_description/environment/ament_prefix_path.dsv
[1.168s] -- Installing: /home/wapush/AGV/bumperbot_ws/install/bumperbot_description/share/bumperbot_description/environment/path.sh
[1.169s] -- Installing: /home/wapush/AGV/bumperbot_ws/install/bumperbot_description/share/bumperbot_description/environment/path.dsv
[1.169s] -- Installing: /home/wapush/AGV/bumperbot_ws/install/bumperbot_description/share/bumperbot_description/local_setup.bash
[1.170s] -- Installing: /home/wapush/AGV/bumperbot_ws/install/bumperbot_description/share/bumperbot_description/local_setup.sh
[1.170s] -- Installing: /home/wapush/AGV/bumperbot_ws/install/bumperbot_description/share/bumperbot_description/local_setup.zsh
[1.170s] -- Installing: /home/wapush/AGV/bumperbot_ws/install/bumperbot_description/share/bumperbot_description/local_setup.dsv
[1.170s] -- Installing: /home/wapush/AGV/bumperbot_ws/install/bumperbot_description/share/bumperbot_description/package.dsv
[1.170s] -- Installing: /home/wapush/AGV/bumperbot_ws/install/bumperbot_description/share/ament_index/resource_index/packages/bumperbot_description
[1.170s] -- Installing: /home/wapush/AGV/bumperbot_ws/install/bumperbot_description/share/bumperbot_description/cmake/bumperbot_descriptionConfig.cmake
[1.170s] -- Installing: /home/wapush/AGV/bumperbot_ws/install/bumperbot_description/share/bumperbot_description/cmake/bumperbot_descriptionConfig-version.cmake
[1.171s] -- Installing: /home/wapush/AGV/bumperbot_ws/install/bumperbot_description/share/bumperbot_description/package.xml
[1.172s] Invoked command in '/home/wapush/AGV/bumperbot_ws/build/bumperbot_description' returned '0': CMAKE_PREFIX_PATH=/opt/ros/humble /usr/bin/cmake --install /home/wapush/AGV/bumperbot_ws/build/bumperbot_description
