[0.030s] Invoking command in '/home/wapush/AGV/bumperbot_ws/build/bumperbot_firmware': CMAKE_PREFIX_PATH=/opt/ros/humble /usr/bin/cmake --build /home/wapush/AGV/bumperbot_ws/build/bumperbot_firmware -- -j20 -l20
[0.048s] -- Found ament_cmake: 1.3.10 (/opt/ros/humble/share/ament_cmake/cmake)
[0.166s] -- Found rclpy: 3.3.14 (/opt/ros/humble/share/rclpy/cmake)
[0.167s] -- Found rclcpp: 16.0.10 (/opt/ros/humble/share/rclcpp/cmake)
[0.362s] -- Found rosidl_generator_c: 3.1.5 (/opt/ros/humble/share/rosidl_generator_c/cmake)
[0.365s] -- Found rosidl_adapter: 3.1.5 (/opt/ros/humble/share/rosidl_adapter/cmake)
[0.374s] -- Found rosidl_generator_cpp: 3.1.5 (/opt/ros/humble/share/rosidl_generator_cpp/cmake)
[0.388s] -- Using all available rosidl_typesupport_c: rosidl_typesupport_fastrtps_c;rosidl_typesupport_introspection_c
[0.405s] -- Using all available rosidl_typesupport_cpp: rosidl_typesupport_fastrtps_cpp;rosidl_typesupport_introspection_cpp
[0.448s] -- Found rmw_implementation_cmake: 6.1.2 (/opt/ros/humble/share/rmw_implementation_cmake/cmake)
[0.451s] -- Found rmw_fastrtps_cpp: 6.2.7 (/opt/ros/humble/share/rmw_fastrtps_cpp/cmake)
[5.629s] -- Using RMW implementation 'rmw_fastrtps_cpp' as default
[5.681s] -- Found hardware_interface: 2.42.0 (/opt/ros/humble/share/hardware_interface/cmake)
[7.172s] -- Found ament_lint_auto: 0.12.11 (/opt/ros/humble/share/ament_lint_auto/cmake)
[7.230s] -- Added test 'cppcheck' to perform static code analysis on C / C++ code
[7.230s] -- Configured cppcheck include dirs: /home/wapush/AGV/bumperbot_ws/src/bumperbot_firmware/include;/home/wapush/AGV/bumperbot_ws/src/bumperbot_firmware/
[7.231s] -- Configured cppcheck exclude dirs and/or files: 
[7.231s] -- Added test 'flake8' to check Python code syntax and style conventions
[7.231s] -- Added test 'lint_cmake' to check CMake code style
[7.232s] -- Added test 'pep257' to check Python code against some of the docstring style conventions in PEP 257
[7.232s] -- Added test 'uncrustify' to check C / C++ code style
[7.232s] -- Configured uncrustify additional arguments: 
[7.233s] -- Added test 'xmllint' to check XML markup files
[7.239s] -- Configuring done
[7.298s] -- Generating done
[7.299s] -- Build files have been written to: /home/wapush/AGV/bumperbot_ws/build/bumperbot_firmware
[7.320s] [35m[1mConsolidate compiler generated dependencies of target simple_serial_transmitter[0m
[7.320s] [35m[1mConsolidate compiler generated dependencies of target simple_serial_receiver[0m
[7.327s] [ 16%] [32mBuilding CXX object CMakeFiles/bumperbot_firmware.dir/src/bumperbot_interface.cpp.o[0m
[7.332s] [ 83%] Built target simple_serial_transmitter
[7.332s] [ 83%] Built target ament_cmake_python_copy_bumperbot_firmware
[7.332s] [ 83%] Built target simple_serial_receiver
[7.357s] [01m[K/home/wapush/AGV/bumperbot_ws/src/bumperbot_firmware/src/bumperbot_interface.cpp:1:10:[m[K [01;31m[Kfatal error: [m[Kbumperbot_firmware/include/bumperbot_interface.hpp: No such file or directory
[7.357s]     1 | #include [01;31m[K"bumperbot_firmware/include/bumperbot_interface.hpp"[m[K
[7.357s]       |          [01;31m[K^~~~~~~~~~~~~~~~~~~~~~~~~~~~~~~~~~~~~~~~~~~~~~~~~~~~[m[K
[7.357s] compilation terminated.
[7.358s] gmake[2]: *** [CMakeFiles/bumperbot_firmware.dir/build.make:76: CMakeFiles/bumperbot_firmware.dir/src/bumperbot_interface.cpp.o] Error 1
[7.358s] gmake[1]: *** [CMakeFiles/Makefile2:196: CMakeFiles/bumperbot_firmware.dir/all] Error 2
[7.358s] gmake[1]: *** Waiting for unfinished jobs....
[7.467s] running egg_info
[7.468s] writing bumperbot_firmware.egg-info/PKG-INFO
[7.468s] writing dependency_links to bumperbot_firmware.egg-info/dependency_links.txt
[7.468s] writing top-level names to bumperbot_firmware.egg-info/top_level.txt
[7.469s] reading manifest file 'bumperbot_firmware.egg-info/SOURCES.txt'
[7.470s] writing manifest file 'bumperbot_firmware.egg-info/SOURCES.txt'
[7.491s] [ 83%] Built target ament_cmake_python_build_bumperbot_firmware_egg
[7.491s] gmake: *** [Makefile:146: all] Error 2
[7.493s] Invoked command in '/home/wapush/AGV/bumperbot_ws/build/bumperbot_firmware' returned '2': CMAKE_PREFIX_PATH=/opt/ros/humble /usr/bin/cmake --build /home/wapush/AGV/bumperbot_ws/build/bumperbot_firmware -- -j20 -l20
