[0.016s] Invoking command in '/home/wapush/bumperbot_ws/src/build/bumperbot_description': CMAKE_PREFIX_PATH=/opt/ros/humble /usr/bin/cmake /home/wapush/bumperbot_ws/src/bumperbot_description -DCMAKE_INSTALL_PREFIX=/home/wapush/bumperbot_ws/src/install/bumperbot_description
[0.127s] -- The C compiler identification is GNU 11.4.0
[0.385s] -- The CXX compiler identification is GNU 11.4.0
[0.533s] -- Detecting C compiler ABI info
[0.600s] -- Detecting C compiler ABI info - done
[0.604s] -- Check for working C compiler: /usr/bin/cc - skipped
[0.605s] -- Detecting C compile features
[0.605s] -- Detecting C compile features - done
[0.607s] -- Detecting CXX compiler ABI info
[0.682s] -- Detecting CXX compiler ABI info - done
[0.687s] -- Check for working CXX compiler: /usr/bin/c++ - skipped
[0.687s] -- Detecting CXX compile features
[0.687s] -- Detecting CXX compile features - done
[0.693s] -- Found ament_cmake: 1.3.10 (/opt/ros/humble/share/ament_cmake/cmake)
[0.779s] -- Found Python3: /usr/bin/python3 (found version "3.10.12") found components: Interpreter 
[0.851s] -- Found ament_lint_auto: 0.12.11 (/opt/ros/humble/share/ament_lint_auto/cmake)
[0.906s] -- Added test 'flake8' to check Python code syntax and style conventions
[0.906s] -- Added test 'lint_cmake' to check CMake code style
[0.907s] -- Added test 'pep257' to check Python code against some of the docstring style conventions in PEP 257
[0.908s] -- Added test 'xmllint' to check XML markup files
[0.909s] -- Configuring done
[0.912s] -- Generating done
[0.912s] -- Build files have been written to: /home/wapush/bumperbot_ws/src/build/bumperbot_description
[0.917s] Invoked command in '/home/wapush/bumperbot_ws/src/build/bumperbot_description' returned '0': CMAKE_PREFIX_PATH=/opt/ros/humble /usr/bin/cmake /home/wapush/bumperbot_ws/src/bumperbot_description -DCMAKE_INSTALL_PREFIX=/home/wapush/bumperbot_ws/src/install/bumperbot_description
[0.917s] Invoking command in '/home/wapush/bumperbot_ws/src/build/bumperbot_description': CMAKE_PREFIX_PATH=/opt/ros/humble /usr/bin/cmake --build /home/wapush/bumperbot_ws/src/build/bumperbot_description -- -j20 -l20
[0.936s] Invoked command in '/home/wapush/bumperbot_ws/src/build/bumperbot_description' returned '0': CMAKE_PREFIX_PATH=/opt/ros/humble /usr/bin/cmake --build /home/wapush/bumperbot_ws/src/build/bumperbot_description -- -j20 -l20
[0.953s] Invoking command in '/home/wapush/bumperbot_ws/src/build/bumperbot_description': CMAKE_PREFIX_PATH=/opt/ros/humble /usr/bin/cmake --install /home/wapush/bumperbot_ws/src/build/bumperbot_description
[0.956s] -- Install configuration: ""
[0.956s] -- Installing: /home/wapush/bumperbot_ws/src/install/bumperbot_description/share/bumperbot_description/meshes
[0.956s] -- Installing: /home/wapush/bumperbot_ws/src/install/bumperbot_description/share/bumperbot_description/meshes/wheel_left_link.STL
[0.959s] -- Installing: /home/wapush/bumperbot_ws/src/install/bumperbot_description/share/bumperbot_description/meshes/wheel_left_link.STL:Zone.Identifier
[0.959s] -- Installing: /home/wapush/bumperbot_ws/src/install/bumperbot_description/share/bumperbot_description/meshes/wheel_right_link.STL:Zone.Identifier
[0.959s] -- Installing: /home/wapush/bumperbot_ws/src/install/bumperbot_description/share/bumperbot_description/meshes/caster_front_link.STL
[0.960s] -- Installing: /home/wapush/bumperbot_ws/src/install/bumperbot_description/share/bumperbot_description/meshes/wheel_right_link.STL
[0.963s] -- Installing: /home/wapush/bumperbot_ws/src/install/bumperbot_description/share/bumperbot_description/meshes/base_link.STL:Zone.Identifier
[0.965s] -- Installing: /home/wapush/bumperbot_ws/src/install/bumperbot_description/share/bumperbot_description/meshes/caster_front_link.STL:Zone.Identifier
[0.965s] -- Installing: /home/wapush/bumperbot_ws/src/install/bumperbot_description/share/bumperbot_description/meshes/imu_link.STL
[0.965s] -- Installing: /home/wapush/bumperbot_ws/src/install/bumperbot_description/share/bumperbot_description/meshes/imu_link.STL:Zone.Identifier
[0.966s] -- Installing: /home/wapush/bumperbot_ws/src/install/bumperbot_description/share/bumperbot_description/meshes/base_link.STL
[0.992s] -- Installing: /home/wapush/bumperbot_ws/src/install/bumperbot_description/share/bumperbot_description/meshes/caster_rear_link.STL:Zone.Identifier
[0.992s] -- Installing: /home/wapush/bumperbot_ws/src/install/bumperbot_description/share/bumperbot_description/meshes/caster_rear_link.STL
[0.993s] -- Installing: /home/wapush/bumperbot_ws/src/install/bumperbot_description/share/bumperbot_description/urdf
[0.993s] -- Installing: /home/wapush/bumperbot_ws/src/install/bumperbot_description/share/bumperbot_description/urdf/bumperbot_ros2_control.xacro
[0.993s] -- Installing: /home/wapush/bumperbot_ws/src/install/bumperbot_description/share/bumperbot_description/urdf/bumperbot.urdf.xacro
[0.993s] -- Installing: /home/wapush/bumperbot_ws/src/install/bumperbot_description/share/bumperbot_description/urdf/bumperbot.gazebo.xacro
[0.994s] -- Installing: /home/wapush/bumperbot_ws/src/install/bumperbot_description/share/bumperbot_description/launch
[0.994s] -- Installing: /home/wapush/bumperbot_ws/src/install/bumperbot_description/share/bumperbot_description/launch/display.launch.py
[0.994s] -- Installing: /home/wapush/bumperbot_ws/src/install/bumperbot_description/share/bumperbot_description/launch/gazebo.launch.py
[0.994s] -- Installing: /home/wapush/bumperbot_ws/src/install/bumperbot_description/share/bumperbot_description/rviz
[0.994s] -- Installing: /home/wapush/bumperbot_ws/src/install/bumperbot_description/share/bumperbot_description/rviz/display.rviz
[0.995s] -- Installing: /home/wapush/bumperbot_ws/src/install/bumperbot_description/share/bumperbot_description/models
[0.995s] -- Installing: /home/wapush/bumperbot_ws/src/install/bumperbot_description/share/bumperbot_description/models/ground_plane
[0.995s] -- Installing: /home/wapush/bumperbot_ws/src/install/bumperbot_description/share/bumperbot_description/models/ground_plane/model.sdf:Zone.Identifier
[0.995s] -- Installing: /home/wapush/bumperbot_ws/src/install/bumperbot_description/share/bumperbot_description/models/ground_plane/model-1_2.sdf
[0.995s] -- Installing: /home/wapush/bumperbot_ws/src/install/bumperbot_description/share/bumperbot_description/models/ground_plane/model-1_2.sdf:Zone.Identifier
[0.995s] -- Installing: /home/wapush/bumperbot_ws/src/install/bumperbot_description/share/bumperbot_description/models/ground_plane/model.config:Zone.Identifier
[0.995s] -- Installing: /home/wapush/bumperbot_ws/src/install/bumperbot_description/share/bumperbot_description/models/ground_plane/model-1_4.sdf:Zone.Identifier
[0.995s] -- Installing: /home/wapush/bumperbot_ws/src/install/bumperbot_description/share/bumperbot_description/models/ground_plane/model-1_4.sdf
[0.996s] -- Installing: /home/wapush/bumperbot_ws/src/install/bumperbot_description/share/bumperbot_description/models/ground_plane/model-1_3.sdf:Zone.Identifier
[0.996s] -- Installing: /home/wapush/bumperbot_ws/src/install/bumperbot_description/share/bumperbot_description/models/ground_plane/model.config
[0.996s] -- Installing: /home/wapush/bumperbot_ws/src/install/bumperbot_description/share/bumperbot_description/models/ground_plane/model.sdf
[0.996s] -- Installing: /home/wapush/bumperbot_ws/src/install/bumperbot_description/share/bumperbot_description/models/ground_plane/model-1_3.sdf
[0.996s] -- Installing: /home/wapush/bumperbot_ws/src/install/bumperbot_description/share/bumperbot_description/models/sun
[0.997s] -- Installing: /home/wapush/bumperbot_ws/src/install/bumperbot_description/share/bumperbot_description/models/sun/model.sdf:Zone.Identifier
[0.997s] -- Installing: /home/wapush/bumperbot_ws/src/install/bumperbot_description/share/bumperbot_description/models/sun/model-1_2.sdf
[0.997s] -- Installing: /home/wapush/bumperbot_ws/src/install/bumperbot_description/share/bumperbot_description/models/sun/model-1_2.sdf:Zone.Identifier
[0.997s] -- Installing: /home/wapush/bumperbot_ws/src/install/bumperbot_description/share/bumperbot_description/models/sun/model.config:Zone.Identifier
[0.997s] -- Installing: /home/wapush/bumperbot_ws/src/install/bumperbot_description/share/bumperbot_description/models/sun/model-1_4.sdf:Zone.Identifier
[0.997s] -- Installing: /home/wapush/bumperbot_ws/src/install/bumperbot_description/share/bumperbot_description/models/sun/model-1_4.sdf
[0.997s] -- Installing: /home/wapush/bumperbot_ws/src/install/bumperbot_description/share/bumperbot_description/models/sun/model-1_3.sdf:Zone.Identifier
[0.997s] -- Installing: /home/wapush/bumperbot_ws/src/install/bumperbot_description/share/bumperbot_description/models/sun/model.config
[0.997s] -- Installing: /home/wapush/bumperbot_ws/src/install/bumperbot_description/share/bumperbot_description/models/sun/model.sdf
[0.998s] -- Installing: /home/wapush/bumperbot_ws/src/install/bumperbot_description/share/bumperbot_description/models/sun/model-1_3.sdf
[0.998s] -- Installing: /home/wapush/bumperbot_ws/src/install/bumperbot_description/share/ament_index/resource_index/package_run_dependencies/bumperbot_description
[0.998s] -- Installing: /home/wapush/bumperbot_ws/src/install/bumperbot_description/share/ament_index/resource_index/parent_prefix_path/bumperbot_description
[0.998s] -- Installing: /home/wapush/bumperbot_ws/src/install/bumperbot_description/share/bumperbot_description/environment/ament_prefix_path.sh
[0.999s] -- Installing: /home/wapush/bumperbot_ws/src/install/bumperbot_description/share/bumperbot_description/environment/ament_prefix_path.dsv
[0.999s] -- Installing: /home/wapush/bumperbot_ws/src/install/bumperbot_description/share/bumperbot_description/environment/path.sh
[0.999s] -- Installing: /home/wapush/bumperbot_ws/src/install/bumperbot_description/share/bumperbot_description/environment/path.dsv
[0.999s] -- Installing: /home/wapush/bumperbot_ws/src/install/bumperbot_description/share/bumperbot_description/local_setup.bash
[0.999s] -- Installing: /home/wapush/bumperbot_ws/src/install/bumperbot_description/share/bumperbot_description/local_setup.sh
[0.999s] -- Installing: /home/wapush/bumperbot_ws/src/install/bumperbot_description/share/bumperbot_description/local_setup.zsh
[0.999s] -- Installing: /home/wapush/bumperbot_ws/src/install/bumperbot_description/share/bumperbot_description/local_setup.dsv
[0.999s] -- Installing: /home/wapush/bumperbot_ws/src/install/bumperbot_description/share/bumperbot_description/package.dsv
[0.999s] -- Installing: /home/wapush/bumperbot_ws/src/install/bumperbot_description/share/ament_index/resource_index/packages/bumperbot_description
[0.999s] -- Installing: /home/wapush/bumperbot_ws/src/install/bumperbot_description/share/bumperbot_description/cmake/bumperbot_descriptionConfig.cmake
[0.999s] -- Installing: /home/wapush/bumperbot_ws/src/install/bumperbot_description/share/bumperbot_description/cmake/bumperbot_descriptionConfig-version.cmake
[1.000s] -- Installing: /home/wapush/bumperbot_ws/src/install/bumperbot_description/share/bumperbot_description/package.xml
[1.001s] Invoked command in '/home/wapush/bumperbot_ws/src/build/bumperbot_description' returned '0': CMAKE_PREFIX_PATH=/opt/ros/humble /usr/bin/cmake --install /home/wapush/bumperbot_ws/src/build/bumperbot_description
