[0.021s] Invoking command in '/home/wapush/AGV/bumperbot_ws/build/bumperbot_firmware': CMAKE_PREFIX_PATH=/opt/ros/humble /usr/bin/cmake --build /home/wapush/AGV/bumperbot_ws/build/bumperbot_firmware -- -j20 -l20
[0.035s] -- Found ament_cmake: 1.3.10 (/opt/ros/humble/share/ament_cmake/cmake)
[0.139s] -- Found rclpy: 3.3.14 (/opt/ros/humble/share/rclpy/cmake)
[0.184s] -- Found ament_lint_auto: 0.12.11 (/opt/ros/humble/share/ament_lint_auto/cmake)
[0.235s] -- Added test 'flake8' to check Python code syntax and style conventions
[0.235s] -- Added test 'lint_cmake' to check CMake code style
[0.235s] -- Added test 'pep257' to check Python code against some of the docstring style conventions in PEP 257
[0.237s] -- Added test 'xmllint' to check XML markup files
[0.238s] -- Configuring done
[0.245s] -- Generating done
[0.245s] -- Build files have been written to: /home/wapush/AGV/bumperbot_ws/build/bumperbot_firmware
[0.268s] Built target ament_cmake_python_copy_bumperbot_firmware
[0.393s] running egg_info
[0.394s] creating bumperbot_firmware.egg-info
[0.395s] writing bumperbot_firmware.egg-info/PKG-INFO
[0.395s] writing dependency_links to bumperbot_firmware.egg-info/dependency_links.txt
[0.395s] writing top-level names to bumperbot_firmware.egg-info/top_level.txt
[0.395s] writing manifest file 'bumperbot_firmware.egg-info/SOURCES.txt'
[0.396s] reading manifest file 'bumperbot_firmware.egg-info/SOURCES.txt'
[0.396s] writing manifest file 'bumperbot_firmware.egg-info/SOURCES.txt'
[0.413s] Built target ament_cmake_python_build_bumperbot_firmware_egg
[0.421s] Invoked command in '/home/wapush/AGV/bumperbot_ws/build/bumperbot_firmware' returned '0': CMAKE_PREFIX_PATH=/opt/ros/humble /usr/bin/cmake --build /home/wapush/AGV/bumperbot_ws/build/bumperbot_firmware -- -j20 -l20
[0.435s] Invoking command in '/home/wapush/AGV/bumperbot_ws/build/bumperbot_firmware': CMAKE_PREFIX_PATH=/opt/ros/humble /usr/bin/cmake --install /home/wapush/AGV/bumperbot_ws/build/bumperbot_firmware
[0.440s] -- Install configuration: ""
[0.440s] -- Installing: /home/wapush/AGV/bumperbot_ws/install/bumperbot_firmware/share/bumperbot_firmware/environment/pythonpath.sh
[0.440s] -- Installing: /home/wapush/AGV/bumperbot_ws/install/bumperbot_firmware/share/bumperbot_firmware/environment/pythonpath.dsv
[0.440s] -- Installing: /home/wapush/AGV/bumperbot_ws/install/bumperbot_firmware/local/lib/python3.10/dist-packages/bumperbot_firmware-0.0.0-py3.10.egg-info
[0.442s] -- Installing: /home/wapush/AGV/bumperbot_ws/install/bumperbot_firmware/local/lib/python3.10/dist-packages/bumperbot_firmware-0.0.0-py3.10.egg-info/PKG-INFO
[0.442s] -- Installing: /home/wapush/AGV/bumperbot_ws/install/bumperbot_firmware/local/lib/python3.10/dist-packages/bumperbot_firmware-0.0.0-py3.10.egg-info/top_level.txt
[0.442s] -- Installing: /home/wapush/AGV/bumperbot_ws/install/bumperbot_firmware/local/lib/python3.10/dist-packages/bumperbot_firmware-0.0.0-py3.10.egg-info/dependency_links.txt
[0.442s] -- Installing: /home/wapush/AGV/bumperbot_ws/install/bumperbot_firmware/local/lib/python3.10/dist-packages/bumperbot_firmware-0.0.0-py3.10.egg-info/SOURCES.txt
[0.442s] -- Installing: /home/wapush/AGV/bumperbot_ws/install/bumperbot_firmware/local/lib/python3.10/dist-packages/bumperbot_firmware
[0.442s] -- Installing: /home/wapush/AGV/bumperbot_ws/install/bumperbot_firmware/local/lib/python3.10/dist-packages/bumperbot_firmware/simple_serial_transmitter.py
[0.443s] -- Installing: /home/wapush/AGV/bumperbot_ws/install/bumperbot_firmware/local/lib/python3.10/dist-packages/bumperbot_firmware/__init__.py
[0.462s] Listing '/home/wapush/AGV/bumperbot_ws/install/bumperbot_firmware/local/lib/python3.10/dist-packages/bumperbot_firmware'...
[0.462s] Compiling '/home/wapush/AGV/bumperbot_ws/install/bumperbot_firmware/local/lib/python3.10/dist-packages/bumperbot_firmware/__init__.py'...
[0.462s] Compiling '/home/wapush/AGV/bumperbot_ws/install/bumperbot_firmware/local/lib/python3.10/dist-packages/bumperbot_firmware/simple_serial_transmitter.py'...
[0.466s] [31mCMake Error at cmake_install.cmake:70 (file):
[0.466s]   file INSTALL cannot find
[0.466s]   "/home/wapush/AGV/bumperbot_ws/src/bumperbot_firmware/$(PROJECT_NAME)/simple_serial_transmitter.py":
[0.466s]   No such file or directory.
[0.466s] 
[0.466s] [0m
[0.468s] Invoked command in '/home/wapush/AGV/bumperbot_ws/build/bumperbot_firmware' returned '1': CMAKE_PREFIX_PATH=/opt/ros/humble /usr/bin/cmake --install /home/wapush/AGV/bumperbot_ws/build/bumperbot_firmware
