[0.015s] Invoking command in '/home/wapush/bumperbot_ws/src/build/bumperbot_controller': CMAKE_PREFIX_PATH=/opt/ros/humble /usr/bin/cmake /home/wapush/bumperbot_ws/src/bumperbot_controller -DCMAKE_INSTALL_PREFIX=/home/wapush/bumperbot_ws/src/install/bumperbot_controller
[0.133s] -- The C compiler identification is GNU 11.4.0
[0.440s] -- The CXX compiler identification is GNU 11.4.0
[0.640s] -- Detecting C compiler ABI info
[0.721s] -- Detecting C compiler ABI info - done
[0.725s] -- Check for working C compiler: /usr/bin/cc - skipped
[0.726s] -- Detecting C compile features
[0.726s] -- Detecting C compile features - done
[0.727s] -- Detecting CXX compiler ABI info
[0.833s] -- Detecting CXX compiler ABI info - done
[0.838s] -- Check for working CXX compiler: /usr/bin/c++ - skipped
[0.838s] -- Detecting CXX compile features
[0.839s] -- Detecting CXX compile features - done
[0.840s] -- Found ament_cmake: 1.3.10 (/opt/ros/humble/share/ament_cmake/cmake)
[0.930s] -- Found Python3: /usr/bin/python3 (found version "3.10.12") found components: Interpreter 
[0.979s] -- Found ament_lint_auto: 0.12.11 (/opt/ros/humble/share/ament_lint_auto/cmake)
[1.030s] -- Added test 'lint_cmake' to check CMake code style
[1.031s] -- Added test 'xmllint' to check XML markup files
[1.031s] -- Configuring done
[1.034s] -- Generating done
[1.035s] -- Build files have been written to: /home/wapush/bumperbot_ws/src/build/bumperbot_controller
[1.037s] Invoked command in '/home/wapush/bumperbot_ws/src/build/bumperbot_controller' returned '0': CMAKE_PREFIX_PATH=/opt/ros/humble /usr/bin/cmake /home/wapush/bumperbot_ws/src/bumperbot_controller -DCMAKE_INSTALL_PREFIX=/home/wapush/bumperbot_ws/src/install/bumperbot_controller
[1.039s] Invoking command in '/home/wapush/bumperbot_ws/src/build/bumperbot_controller': CMAKE_PREFIX_PATH=/opt/ros/humble /usr/bin/cmake --build /home/wapush/bumperbot_ws/src/build/bumperbot_controller -- -j20 -l20
[1.060s] Invoked command in '/home/wapush/bumperbot_ws/src/build/bumperbot_controller' returned '0': CMAKE_PREFIX_PATH=/opt/ros/humble /usr/bin/cmake --build /home/wapush/bumperbot_ws/src/build/bumperbot_controller -- -j20 -l20
[1.073s] Invoking command in '/home/wapush/bumperbot_ws/src/build/bumperbot_controller': CMAKE_PREFIX_PATH=/opt/ros/humble /usr/bin/cmake --install /home/wapush/bumperbot_ws/src/build/bumperbot_controller
[1.077s] -- Install configuration: ""
[1.077s] -- Installing: /home/wapush/bumperbot_ws/src/install/bumperbot_controller/share/ament_index/resource_index/package_run_dependencies/bumperbot_controller
[1.077s] -- Installing: /home/wapush/bumperbot_ws/src/install/bumperbot_controller/share/ament_index/resource_index/parent_prefix_path/bumperbot_controller
[1.077s] -- Installing: /home/wapush/bumperbot_ws/src/install/bumperbot_controller/share/bumperbot_controller/environment/ament_prefix_path.sh
[1.078s] -- Installing: /home/wapush/bumperbot_ws/src/install/bumperbot_controller/share/bumperbot_controller/environment/ament_prefix_path.dsv
[1.078s] -- Installing: /home/wapush/bumperbot_ws/src/install/bumperbot_controller/share/bumperbot_controller/environment/path.sh
[1.078s] -- Installing: /home/wapush/bumperbot_ws/src/install/bumperbot_controller/share/bumperbot_controller/environment/path.dsv
[1.078s] -- Installing: /home/wapush/bumperbot_ws/src/install/bumperbot_controller/share/bumperbot_controller/local_setup.bash
[1.078s] -- Installing: /home/wapush/bumperbot_ws/src/install/bumperbot_controller/share/bumperbot_controller/local_setup.sh
[1.078s] -- Installing: /home/wapush/bumperbot_ws/src/install/bumperbot_controller/share/bumperbot_controller/local_setup.zsh
[1.078s] -- Installing: /home/wapush/bumperbot_ws/src/install/bumperbot_controller/share/bumperbot_controller/local_setup.dsv
[1.078s] -- Installing: /home/wapush/bumperbot_ws/src/install/bumperbot_controller/share/bumperbot_controller/package.dsv
[1.078s] -- Installing: /home/wapush/bumperbot_ws/src/install/bumperbot_controller/share/ament_index/resource_index/packages/bumperbot_controller
[1.078s] -- Installing: /home/wapush/bumperbot_ws/src/install/bumperbot_controller/share/bumperbot_controller/cmake/bumperbot_controllerConfig.cmake
[1.078s] -- Installing: /home/wapush/bumperbot_ws/src/install/bumperbot_controller/share/bumperbot_controller/cmake/bumperbot_controllerConfig-version.cmake
[1.079s] -- Installing: /home/wapush/bumperbot_ws/src/install/bumperbot_controller/share/bumperbot_controller/package.xml
[1.080s] Invoked command in '/home/wapush/bumperbot_ws/src/build/bumperbot_controller' returned '0': CMAKE_PREFIX_PATH=/opt/ros/humble /usr/bin/cmake --install /home/wapush/bumperbot_ws/src/build/bumperbot_controller
