[0.160s] Invoking command in '/home/wapush/AGV/bumperbot_ws/build/bumperbot_utils': CMAKE_PREFIX_PATH=${CMAKE_PREFIX_PATH}:/home/wapush/AGV/bumperbot_ws/install/bumperbot_py_examples:/opt/ros/humble /usr/bin/cmake --build /home/wapush/AGV/bumperbot_ws/build/bumperbot_utils -- -j20 -l20
[0.175s] -- Found ament_cmake: 1.3.10 (/opt/ros/humble/share/ament_cmake/cmake)
[0.353s] -- Found rclpy: 3.3.14 (/opt/ros/humble/share/rclpy/cmake)
[0.353s] -- Found rclcpp: 16.0.10 (/opt/ros/humble/share/rclcpp/cmake)
[0.487s] -- Found rosidl_generator_c: 3.1.5 (/opt/ros/humble/share/rosidl_generator_c/cmake)
[0.487s] -- Found rosidl_adapter: 3.1.5 (/opt/ros/humble/share/rosidl_adapter/cmake)
[0.491s] -- Found rosidl_generator_cpp: 3.1.5 (/opt/ros/humble/share/rosidl_generator_cpp/cmake)
[0.497s] -- Using all available rosidl_typesupport_c: rosidl_typesupport_fastrtps_c;rosidl_typesupport_introspection_c
[0.505s] -- Using all available rosidl_typesupport_cpp: rosidl_typesupport_fastrtps_cpp;rosidl_typesupport_introspection_cpp
[0.568s] -- Found rmw_implementation_cmake: 6.1.2 (/opt/ros/humble/share/rmw_implementation_cmake/cmake)
[0.571s] -- Found rmw_fastrtps_cpp: 6.2.7 (/opt/ros/humble/share/rmw_fastrtps_cpp/cmake)
[2.402s] -- Found OpenSSL: /usr/lib/x86_64-linux-gnu/libcrypto.so (found version "3.0.2")  
[4.614s] -- Found FastRTPS: /opt/ros/humble/include  
[7.901s] -- Using RMW implementation 'rmw_fastrtps_cpp' as default
[7.911s] -- Looking for pthread.h
[8.074s] -- Looking for pthread.h - found
[8.074s] -- Performing Test CMAKE_HAVE_LIBC_PTHREAD
[8.217s] -- Performing Test CMAKE_HAVE_LIBC_PTHREAD - Success
[8.217s] -- Found Threads: TRUE  
[8.268s] -- Found sensor_msgs: 4.2.4 (/opt/ros/humble/share/sensor_msgs/cmake)
[8.323s] -- Found ament_lint_auto: 0.12.11 (/opt/ros/humble/share/ament_lint_auto/cmake)
[8.363s] -- Added test 'cppcheck' to perform static code analysis on C / C++ code
[8.363s] -- Configured cppcheck include dirs: 
[8.363s] -- Configured cppcheck exclude dirs and/or files: 
[8.363s] -- Added test 'flake8' to check Python code syntax and style conventions
[8.363s] -- Added test 'lint_cmake' to check CMake code style
[8.363s] -- Added test 'pep257' to check Python code against some of the docstring style conventions in PEP 257
[8.364s] -- Added test 'uncrustify' to check C / C++ code style
[8.364s] -- Configured uncrustify additional arguments: 
[8.364s] -- Added test 'xmllint' to check XML markup files
[8.365s] -- Configuring done
[8.372s] -- Generating done
[8.373s] -- Build files have been written to: /home/wapush/AGV/bumperbot_ws/build/bumperbot_utils
[8.393s] [ 50%] [32mBuilding CXX object CMakeFiles/safety_stop.dir/src/safety_stop.cpp.o[0m
[8.398s] [ 50%] Built target ament_cmake_python_copy_bumperbot_utils
[8.522s] running egg_info
[8.523s] writing bumperbot_utils.egg-info/PKG-INFO
[8.523s] writing dependency_links to bumperbot_utils.egg-info/dependency_links.txt
[8.523s] writing top-level names to bumperbot_utils.egg-info/top_level.txt
[8.524s] reading manifest file 'bumperbot_utils.egg-info/SOURCES.txt'
[8.525s] writing manifest file 'bumperbot_utils.egg-info/SOURCES.txt'
[8.540s] [ 50%] Built target ament_cmake_python_build_bumperbot_utils_egg
[13.651s] [100%] [32m[1mLinking CXX executable safety_stop[0m
[14.008s] [100%] Built target safety_stop
[14.014s] Invoked command in '/home/wapush/AGV/bumperbot_ws/build/bumperbot_utils' returned '0': CMAKE_PREFIX_PATH=${CMAKE_PREFIX_PATH}:/home/wapush/AGV/bumperbot_ws/install/bumperbot_py_examples:/opt/ros/humble /usr/bin/cmake --build /home/wapush/AGV/bumperbot_ws/build/bumperbot_utils -- -j20 -l20
[14.030s] Invoking command in '/home/wapush/AGV/bumperbot_ws/build/bumperbot_utils': CMAKE_PREFIX_PATH=${CMAKE_PREFIX_PATH}:/home/wapush/AGV/bumperbot_ws/install/bumperbot_py_examples:/opt/ros/humble /usr/bin/cmake --install /home/wapush/AGV/bumperbot_ws/build/bumperbot_utils
[14.034s] -- Install configuration: ""
[14.034s] -- Installing: /home/wapush/AGV/bumperbot_ws/install/bumperbot_utils/lib/bumperbot_utils/safety_stop
[14.038s] -- Set runtime path of "/home/wapush/AGV/bumperbot_ws/install/bumperbot_utils/lib/bumperbot_utils/safety_stop" to ""
[14.038s] -- Up-to-date: /home/wapush/AGV/bumperbot_ws/install/bumperbot_utils/share/bumperbot_utils/environment/pythonpath.sh
[14.038s] -- Installing: /home/wapush/AGV/bumperbot_ws/install/bumperbot_utils/share/bumperbot_utils/environment/pythonpath.dsv
[14.039s] -- Up-to-date: /home/wapush/AGV/bumperbot_ws/install/bumperbot_utils/local/lib/python3.10/dist-packages/bumperbot_utils-0.0.0-py3.10.egg-info
[14.039s] -- Installing: /home/wapush/AGV/bumperbot_ws/install/bumperbot_utils/local/lib/python3.10/dist-packages/bumperbot_utils-0.0.0-py3.10.egg-info/PKG-INFO
[14.039s] -- Installing: /home/wapush/AGV/bumperbot_ws/install/bumperbot_utils/local/lib/python3.10/dist-packages/bumperbot_utils-0.0.0-py3.10.egg-info/top_level.txt
[14.039s] -- Installing: /home/wapush/AGV/bumperbot_ws/install/bumperbot_utils/local/lib/python3.10/dist-packages/bumperbot_utils-0.0.0-py3.10.egg-info/dependency_links.txt
[14.039s] -- Installing: /home/wapush/AGV/bumperbot_ws/install/bumperbot_utils/local/lib/python3.10/dist-packages/bumperbot_utils-0.0.0-py3.10.egg-info/SOURCES.txt
[14.039s] -- Up-to-date: /home/wapush/AGV/bumperbot_ws/install/bumperbot_utils/local/lib/python3.10/dist-packages/bumperbot_utils
[14.039s] -- Up-to-date: /home/wapush/AGV/bumperbot_ws/install/bumperbot_utils/local/lib/python3.10/dist-packages/bumperbot_utils/safety_stop.py
[14.039s] -- Up-to-date: /home/wapush/AGV/bumperbot_ws/install/bumperbot_utils/local/lib/python3.10/dist-packages/bumperbot_utils/__init__.py
[14.058s] Listing '/home/wapush/AGV/bumperbot_ws/install/bumperbot_utils/local/lib/python3.10/dist-packages/bumperbot_utils'...
[14.061s] -- Up-to-date: /home/wapush/AGV/bumperbot_ws/install/bumperbot_utils/lib/bumperbot_utils/safety_stop.py
[14.061s] -- Installing: /home/wapush/AGV/bumperbot_ws/install/bumperbot_utils/share/ament_index/resource_index/package_run_dependencies/bumperbot_utils
[14.061s] -- Up-to-date: /home/wapush/AGV/bumperbot_ws/install/bumperbot_utils/share/ament_index/resource_index/parent_prefix_path/bumperbot_utils
[14.061s] -- Up-to-date: /home/wapush/AGV/bumperbot_ws/install/bumperbot_utils/share/bumperbot_utils/environment/ament_prefix_path.sh
[14.061s] -- Installing: /home/wapush/AGV/bumperbot_ws/install/bumperbot_utils/share/bumperbot_utils/environment/ament_prefix_path.dsv
[14.061s] -- Up-to-date: /home/wapush/AGV/bumperbot_ws/install/bumperbot_utils/share/bumperbot_utils/environment/path.sh
[14.061s] -- Installing: /home/wapush/AGV/bumperbot_ws/install/bumperbot_utils/share/bumperbot_utils/environment/path.dsv
[14.062s] -- Up-to-date: /home/wapush/AGV/bumperbot_ws/install/bumperbot_utils/share/bumperbot_utils/local_setup.bash
[14.062s] -- Up-to-date: /home/wapush/AGV/bumperbot_ws/install/bumperbot_utils/share/bumperbot_utils/local_setup.sh
[14.062s] -- Up-to-date: /home/wapush/AGV/bumperbot_ws/install/bumperbot_utils/share/bumperbot_utils/local_setup.zsh
[14.062s] -- Installing: /home/wapush/AGV/bumperbot_ws/install/bumperbot_utils/share/bumperbot_utils/local_setup.dsv
[14.062s] -- Installing: /home/wapush/AGV/bumperbot_ws/install/bumperbot_utils/share/bumperbot_utils/package.dsv
[14.062s] -- Up-to-date: /home/wapush/AGV/bumperbot_ws/install/bumperbot_utils/share/ament_index/resource_index/packages/bumperbot_utils
[14.062s] -- Up-to-date: /home/wapush/AGV/bumperbot_ws/install/bumperbot_utils/share/bumperbot_utils/cmake/bumperbot_utilsConfig.cmake
[14.062s] -- Up-to-date: /home/wapush/AGV/bumperbot_ws/install/bumperbot_utils/share/bumperbot_utils/cmake/bumperbot_utilsConfig-version.cmake
[14.062s] -- Installing: /home/wapush/AGV/bumperbot_ws/install/bumperbot_utils/share/bumperbot_utils/package.xml
[14.063s] Invoked command in '/home/wapush/AGV/bumperbot_ws/build/bumperbot_utils' returned '0': CMAKE_PREFIX_PATH=${CMAKE_PREFIX_PATH}:/home/wapush/AGV/bumperbot_ws/install/bumperbot_py_examples:/opt/ros/humble /usr/bin/cmake --install /home/wapush/AGV/bumperbot_ws/build/bumperbot_utils
